<?xml version="1.0" encoding="UTF-8"?>
<coverage generated="1536156313342" clover="3.2.0">
  <project timestamp="1536156313342" name="All files">
    <metrics statements="1342" coveredstatements="1171" conditionals="555" coveredconditionals="388" methods="375" coveredmethods="279" elements="2272" coveredelements="1838" complexity="0" loc="1342" ncloc="1342" packages="25" files="59" classes="59">
      <package name="app">
        <metrics statements="108" coveredstatements="102" conditionals="20" coveredconditionals="15" methods="41" coveredmethods="35"/>
        <file name="app.component.html" path="D:\Projects\asaq2\Crosswater\Crosswater_Portal\Portal\angularapp\app\app.component.html">
          <metrics statements="1" coveredstatements="1" conditionals="0" coveredconditionals="0" methods="0" coveredmethods="0"/>
          <line num="1" count="1" type="stmt"/>
        </file>
        <file name="app.component.ts" path="D:\Projects\asaq2\Crosswater\Crosswater_Portal\Portal\angularapp\app\app.component.ts">
          <metrics statements="13" coveredstatements="10" conditionals="10" coveredconditionals="6" methods="5" coveredmethods="2"/>
          <line num="1" count="1" type="stmt"/>
          <line num="4" count="1" type="stmt"/>
          <line num="5" count="1" type="stmt"/>
          <line num="12" count="1" type="stmt"/>
          <line num="14" count="1" type="stmt"/>
          <line num="15" count="0" type="cond" truecount="0" falsecount="2"/>
          <line num="16" count="0" type="stmt"/>
          <line num="20" count="1" type="cond" truecount="6" falsecount="2"/>
          <line num="21" count="1" type="stmt"/>
          <line num="22" count="1" type="stmt"/>
          <line num="25" count="1" type="stmt"/>
          <line num="26" count="0" type="stmt"/>
          <line num="30" count="1" type="stmt"/>
        </file>
        <file name="app.menu.ts" path="D:\Projects\asaq2\Crosswater\Crosswater_Portal\Portal\angularapp\app\app.menu.ts">
          <metrics statements="2" coveredstatements="2" conditionals="0" coveredconditionals="0" methods="0" coveredmethods="0"/>
          <line num="2" count="8" type="stmt"/>
          <line num="4" count="8" type="stmt"/>
        </file>
        <file name="domainclasses.ts" path="D:\Projects\asaq2\Crosswater\Crosswater_Portal\Portal\angularapp\app\domainclasses.ts">
          <metrics statements="48" coveredstatements="48" conditionals="6" coveredconditionals="6" methods="18" coveredmethods="18"/>
          <line num="2" count="9" type="stmt"/>
          <line num="8" count="9" type="stmt"/>
          <line num="10" count="9" type="stmt"/>
          <line num="24" count="9" type="stmt"/>
          <line num="26" count="9" type="stmt"/>
          <line num="50" count="78" type="stmt"/>
          <line num="52" count="9" type="stmt"/>
          <line num="54" count="9" type="stmt"/>
          <line num="61" count="31" type="stmt"/>
          <line num="62" count="31" type="stmt"/>
          <line num="63" count="31" type="stmt"/>
          <line num="65" count="9" type="stmt"/>
          <line num="68" count="9" type="stmt"/>
          <line num="80" count="9" type="stmt"/>
          <line num="82" count="9" type="cond" truecount="2" falsecount="0"/>
          <line num="83" count="9" type="stmt"/>
          <line num="84" count="9" type="stmt"/>
          <line num="85" count="9" type="stmt"/>
          <line num="88" count="9" type="stmt"/>
          <line num="109" count="9" type="stmt"/>
          <line num="111" count="9" type="stmt"/>
          <line num="116" count="9" type="stmt"/>
          <line num="118" count="9" type="cond" truecount="2" falsecount="0"/>
          <line num="119" count="9" type="stmt"/>
          <line num="120" count="9" type="stmt"/>
          <line num="121" count="9" type="stmt"/>
          <line num="122" count="9" type="stmt"/>
          <line num="129" count="9" type="stmt"/>
          <line num="133" count="9" type="stmt"/>
          <line num="135" count="9" type="stmt"/>
          <line num="142" count="9" type="stmt"/>
          <line num="144" count="9" type="stmt"/>
          <line num="147" count="9" type="stmt"/>
          <line num="148" count="9" type="stmt"/>
          <line num="154" count="9" type="stmt"/>
          <line num="155" count="9" type="stmt"/>
          <line num="161" count="11" type="stmt"/>
          <line num="162" count="11" type="stmt"/>
          <line num="163" count="11" type="stmt"/>
          <line num="165" count="9" type="stmt"/>
          <line num="167" count="9" type="cond" truecount="2" falsecount="0"/>
          <line num="168" count="9" type="stmt"/>
          <line num="169" count="9" type="stmt"/>
          <line num="170" count="9" type="stmt"/>
          <line num="171" count="9" type="stmt"/>
          <line num="172" count="9" type="stmt"/>
          <line num="173" count="9" type="stmt"/>
          <line num="174" count="9" type="stmt"/>
        </file>
        <file name="jestGlobalMocks.ts" path="D:\Projects\asaq2\Crosswater\Crosswater_Portal\Portal\angularapp\app\jestGlobalMocks.ts">
          <metrics statements="14" coveredstatements="11" conditionals="4" coveredconditionals="3" methods="7" coveredmethods="4"/>
          <line num="4" count="21" type="stmt"/>
          <line num="5" count="42" type="stmt"/>
          <line num="6" count="42" type="stmt"/>
          <line num="7" count="42" type="cond" truecount="2" falsecount="0"/>
          <line num="8" count="18" type="cond" truecount="1" falsecount="1"/>
          <line num="9" count="10" type="stmt"/>
          <line num="10" count="0" type="stmt"/>
          <line num="14" count="21" type="stmt"/>
          <line num="15" count="21" type="stmt"/>
          <line num="16" count="21" type="stmt"/>
          <line num="19" count="21" type="stmt"/>
          <line num="21" count="0" type="stmt"/>
          <line num="31" count="21" type="stmt"/>
          <line num="33" count="0" type="stmt"/>
        </file>
        <file name="modelclasses.ts" path="D:\Projects\asaq2\Crosswater\Crosswater_Portal\Portal\angularapp\app\modelclasses.ts">
          <metrics statements="12" coveredstatements="12" conditionals="0" coveredconditionals="0" methods="6" coveredmethods="6"/>
          <line num="3" count="5" type="stmt"/>
          <line num="6" count="5" type="stmt"/>
          <line num="8" count="5" type="stmt"/>
          <line num="14" count="5" type="stmt"/>
          <line num="16" count="5" type="stmt"/>
          <line num="19" count="5" type="stmt"/>
          <line num="21" count="5" type="stmt"/>
          <line num="27" count="5" type="stmt"/>
          <line num="29" count="5" type="stmt"/>
          <line num="31" count="5" type="stmt"/>
          <line num="33" count="5" type="stmt"/>
          <line num="36" count="5" type="stmt"/>
        </file>
        <file name="routestest.ts" path="D:\Projects\asaq2\Crosswater\Crosswater_Portal\Portal\angularapp\app\routestest.ts">
          <metrics statements="1" coveredstatements="1" conditionals="0" coveredconditionals="0" methods="0" coveredmethods="0"/>
          <line num="4" count="4" type="stmt"/>
        </file>
        <file name="setup-jest.ts" path="D:\Projects\asaq2\Crosswater\Crosswater_Portal\Portal\angularapp\app\setup-jest.ts">
          <metrics statements="7" coveredstatements="7" conditionals="0" coveredconditionals="0" methods="0" coveredmethods="0"/>
          <line num="1" count="21" type="stmt"/>
          <line num="2" count="21" type="stmt"/>
          <line num="3" count="21" type="stmt"/>
          <line num="5" count="21" type="stmt"/>
          <line num="6" count="21" type="stmt"/>
          <line num="7" count="21" type="stmt"/>
          <line num="8" count="21" type="stmt"/>
        </file>
        <file name="setupTestBed.ts" path="D:\Projects\asaq2\Crosswater\Crosswater_Portal\Portal\angularapp\app\setupTestBed.ts">
          <metrics statements="10" coveredstatements="10" conditionals="0" coveredconditionals="0" methods="5" coveredmethods="5"/>
          <line num="1" count="21" type="stmt"/>
          <line num="3" count="21" type="stmt"/>
          <line num="4" count="77" type="stmt"/>
          <line num="6" count="21" type="stmt"/>
          <line num="7" count="9" type="stmt"/>
          <line num="8" count="9" type="stmt"/>
          <line num="9" count="9" type="stmt"/>
          <line num="10" count="9" type="stmt"/>
          <line num="11" count="9" type="stmt"/>
          <line num="14" count="9" type="stmt"/>
        </file>
      </package>
      <package name="app.admin-roles">
        <metrics statements="85" coveredstatements="72" conditionals="44" coveredconditionals="27" methods="25" coveredmethods="19"/>
        <file name="admin-roles.component.html" path="D:\Projects\asaq2\Crosswater\Crosswater_Portal\Portal\angularapp\app\admin-roles\admin-roles.component.html">
          <metrics statements="1" coveredstatements="1" conditionals="0" coveredconditionals="0" methods="0" coveredmethods="0"/>
          <line num="1" count="1" type="stmt"/>
        </file>
        <file name="admin-roles.component.ts" path="D:\Projects\asaq2\Crosswater\Crosswater_Portal\Portal\angularapp\app\admin-roles\admin-roles.component.ts">
          <metrics statements="84" coveredstatements="71" conditionals="44" coveredconditionals="27" methods="25" coveredmethods="19"/>
          <line num="1" count="1" type="stmt"/>
          <line num="2" count="1" type="stmt"/>
          <line num="3" count="1" type="stmt"/>
          <line num="4" count="1" type="stmt"/>
          <line num="6" count="1" type="stmt"/>
          <line num="7" count="1" type="stmt"/>
          <line num="8" count="1" type="stmt"/>
          <line num="9" count="1" type="stmt"/>
          <line num="16" count="1" type="stmt"/>
          <line num="17" count="7" type="cond" truecount="10" falsecount="3"/>
          <line num="18" count="7" type="stmt"/>
          <line num="19" count="7" type="stmt"/>
          <line num="21" count="7" type="stmt"/>
          <line num="22" count="7" type="stmt"/>
          <line num="23" count="7" type="stmt"/>
          <line num="24" count="7" type="stmt"/>
          <line num="25" count="7" type="stmt"/>
          <line num="27" count="7" type="stmt"/>
          <line num="29" count="7" type="stmt"/>
          <line num="46" count="1" type="stmt"/>
          <line num="47" count="0" type="stmt"/>
          <line num="48" count="0" type="stmt"/>
          <line num="53" count="1" type="stmt"/>
          <line num="54" count="0" type="stmt"/>
          <line num="55" count="0" type="stmt"/>
          <line num="56" count="0" type="stmt"/>
          <line num="57" count="0" type="stmt"/>
          <line num="60" count="1" type="stmt"/>
          <line num="61" count="4" type="stmt"/>
          <line num="62" count="4" type="cond" truecount="2" falsecount="0"/>
          <line num="63" count="1" type="stmt"/>
          <line num="64" count="3" type="cond" truecount="2" falsecount="0"/>
          <line num="65" count="1" type="stmt"/>
          <line num="66" count="1" type="stmt"/>
          <line num="67" count="2" type="cond" truecount="2" falsecount="0"/>
          <line num="68" count="1" type="stmt"/>
          <line num="69" count="1" type="cond" truecount="1" falsecount="1"/>
          <line num="70" count="1" type="stmt"/>
          <line num="74" count="1" type="stmt"/>
          <line num="75" count="1" type="cond" truecount="1" falsecount="1"/>
          <line num="76" count="2" type="stmt"/>
          <line num="78" count="0" type="stmt"/>
          <line num="81" count="1" type="stmt"/>
          <line num="82" count="4" type="stmt"/>
          <line num="83" count="4" type="stmt"/>
          <line num="86" count="1" type="stmt"/>
          <line num="88" count="2" type="cond" truecount="2" falsecount="2"/>
          <line num="89" count="2" type="cond" truecount="2" falsecount="1"/>
          <line num="90" count="0" type="cond" truecount="0" falsecount="4"/>
          <line num="91" count="0" type="cond" truecount="0" falsecount="2"/>
          <line num="93" count="0" type="stmt"/>
          <line num="96" count="1" type="stmt"/>
          <line num="97" count="1" type="stmt"/>
          <line num="98" count="1" type="stmt"/>
          <line num="99" count="1" type="stmt"/>
          <line num="100" count="1" type="stmt"/>
          <line num="101" count="2" type="stmt"/>
          <line num="102" count="1" type="stmt"/>
          <line num="105" count="1" type="stmt"/>
          <line num="106" count="0" type="stmt"/>
          <line num="108" count="2" type="stmt"/>
          <line num="111" count="2" type="stmt"/>
          <line num="112" count="2" type="stmt"/>
          <line num="113" count="2" type="stmt"/>
          <line num="114" count="4" type="stmt"/>
          <line num="118" count="2" type="stmt"/>
          <line num="119" count="2" type="stmt"/>
          <line num="121" count="2" type="cond" truecount="2" falsecount="0"/>
          <line num="122" count="1" type="stmt"/>
          <line num="124" count="1" type="stmt"/>
          <line num="125" count="1" type="cond" truecount="1" falsecount="1"/>
          <line num="126" count="1" type="stmt"/>
          <line num="130" count="2" type="stmt"/>
          <line num="132" count="0" type="stmt"/>
          <line num="136" count="1" type="stmt"/>
          <line num="137" count="1" type="stmt"/>
          <line num="138" count="1" type="cond" truecount="1" falsecount="1"/>
          <line num="139" count="1" type="stmt"/>
          <line num="140" count="1" type="stmt"/>
          <line num="141" count="1" type="stmt"/>
          <line num="142" count="1" type="cond" truecount="1" falsecount="1"/>
          <line num="143" count="1" type="stmt"/>
          <line num="146" count="0" type="stmt"/>
          <line num="151" count="1" type="stmt"/>
        </file>
      </package>
      <package name="app.admin-user">
        <metrics statements="178" coveredstatements="164" conditionals="117" coveredconditionals="95" methods="44" coveredmethods="32"/>
        <file name="admin-user.component.html" path="D:\Projects\asaq2\Crosswater\Crosswater_Portal\Portal\angularapp\app\admin-user\admin-user.component.html">
          <metrics statements="1" coveredstatements="1" conditionals="0" coveredconditionals="0" methods="0" coveredmethods="0"/>
          <line num="1" count="1" type="stmt"/>
        </file>
        <file name="admin-user.component.ts" path="D:\Projects\asaq2\Crosswater\Crosswater_Portal\Portal\angularapp\app\admin-user\admin-user.component.ts">
          <metrics statements="177" coveredstatements="163" conditionals="117" coveredconditionals="95" methods="44" coveredmethods="32"/>
          <line num="1" count="1" type="stmt"/>
          <line num="3" count="1" type="stmt"/>
          <line num="4" count="1" type="stmt"/>
          <line num="6" count="1" type="stmt"/>
          <line num="7" count="1" type="stmt"/>
          <line num="8" count="1" type="stmt"/>
          <line num="9" count="1" type="stmt"/>
          <line num="11" count="1" type="stmt"/>
          <line num="12" count="1" type="stmt"/>
          <line num="13" count="1" type="stmt"/>
          <line num="14" count="1" type="stmt"/>
          <line num="24" count="1" type="stmt"/>
          <line num="25" count="13" type="stmt"/>
          <line num="26" count="13" type="stmt"/>
          <line num="28" count="13" type="stmt"/>
          <line num="29" count="13" type="stmt"/>
          <line num="30" count="13" type="stmt"/>
          <line num="32" count="13" type="stmt"/>
          <line num="33" count="13" type="stmt"/>
          <line num="35" count="13" type="stmt"/>
          <line num="43" count="13" type="stmt"/>
          <line num="47" count="13" type="stmt"/>
          <line num="71" count="13" type="stmt"/>
          <line num="72" count="13" type="stmt"/>
          <line num="74" count="13" type="stmt"/>
          <line num="75" count="13" type="cond" truecount="6" falsecount="2"/>
          <line num="76" count="13" type="cond" truecount="4" falsecount="1"/>
          <line num="77" count="13" type="cond" truecount="4" falsecount="1"/>
          <line num="78" count="13" type="stmt"/>
          <line num="80" count="13" type="stmt"/>
          <line num="82" count="0" type="stmt"/>
          <line num="83" count="0" type="stmt"/>
          <line num="85" count="13" type="stmt"/>
          <line num="88" count="13" type="stmt"/>
          <line num="89" count="13" type="stmt"/>
          <line num="90" count="13" type="stmt"/>
          <line num="91" count="13" type="stmt"/>
          <line num="92" count="13" type="stmt"/>
          <line num="93" count="13" type="stmt"/>
          <line num="94" count="13" type="stmt"/>
          <line num="95" count="117" type="cond" truecount="2" falsecount="0"/>
          <line num="96" count="65" type="stmt"/>
          <line num="106" count="13" type="stmt"/>
          <line num="114" count="1" type="stmt"/>
          <line num="116" count="1" type="stmt"/>
          <line num="118" count="1" type="stmt"/>
          <line num="119" count="1" type="stmt"/>
          <line num="120" count="1" type="cond" truecount="1" falsecount="1"/>
          <line num="121" count="1" type="stmt"/>
          <line num="122" count="1" type="stmt"/>
          <line num="125" count="1" type="stmt"/>
          <line num="126" count="1" type="cond" truecount="4" falsecount="1"/>
          <line num="127" count="1" type="stmt"/>
          <line num="128" count="1" type="stmt"/>
          <line num="129" count="1" type="stmt"/>
          <line num="130" count="1" type="stmt"/>
          <line num="131" count="1" type="stmt"/>
          <line num="133" count="1" type="stmt"/>
          <line num="137" count="0" type="stmt"/>
          <line num="141" count="1" type="stmt"/>
          <line num="142" count="0" type="stmt"/>
          <line num="144" count="1" type="stmt"/>
          <line num="145" count="1" type="stmt"/>
          <line num="146" count="1" type="stmt"/>
          <line num="147" count="1" type="stmt"/>
          <line num="148" count="1" type="stmt"/>
          <line num="149" count="1" type="stmt"/>
          <line num="150" count="1" type="stmt"/>
          <line num="151" count="1" type="stmt"/>
          <line num="158" count="1" type="stmt"/>
          <line num="159" count="0" type="cond" truecount="0" falsecount="4"/>
          <line num="160" count="0" type="stmt"/>
          <line num="162" count="0" type="stmt"/>
          <line num="165" count="1" type="stmt"/>
          <line num="171" count="1" type="stmt"/>
          <line num="172" count="2" type="stmt"/>
          <line num="173" count="3" type="stmt"/>
          <line num="174" count="2" type="cond" truecount="2" falsecount="0"/>
          <line num="175" count="1" type="stmt"/>
          <line num="176" count="1" type="stmt"/>
          <line num="177" count="1" type="stmt"/>
          <line num="181" count="2" type="stmt"/>
          <line num="184" count="1" type="stmt"/>
          <line num="185" count="0" type="stmt"/>
          <line num="187" count="3" type="stmt"/>
          <line num="190" count="3" type="stmt"/>
          <line num="191" count="3" type="stmt"/>
          <line num="192" count="3" type="stmt"/>
          <line num="193" count="3" type="stmt"/>
          <line num="196" count="5" type="stmt"/>
          <line num="197" count="3" type="cond" truecount="2" falsecount="0"/>
          <line num="198" count="1" type="stmt"/>
          <line num="202" count="3" type="stmt"/>
          <line num="203" count="3" type="stmt"/>
          <line num="204" count="3" type="stmt"/>
          <line num="205" count="3" type="stmt"/>
          <line num="206" count="3" type="cond" truecount="2" falsecount="0"/>
          <line num="207" count="1" type="stmt"/>
          <line num="209" count="2" type="stmt"/>
          <line num="210" count="2" type="cond" truecount="1" falsecount="1"/>
          <line num="211" count="2" type="stmt"/>
          <line num="215" count="3" type="stmt"/>
          <line num="216" count="3" type="cond" truecount="2" falsecount="0"/>
          <line num="218" count="0" type="stmt"/>
          <line num="222" count="1" type="stmt"/>
          <line num="223" count="1" type="stmt"/>
          <line num="224" count="1" type="cond" truecount="1" falsecount="1"/>
          <line num="225" count="1" type="stmt"/>
          <line num="226" count="1" type="stmt"/>
          <line num="227" count="1" type="stmt"/>
          <line num="228" count="1" type="cond" truecount="1" falsecount="1"/>
          <line num="229" count="1" type="stmt"/>
          <line num="232" count="1" type="stmt"/>
          <line num="234" count="0" type="stmt"/>
          <line num="241" count="1" type="stmt"/>
          <line num="242" count="0" type="stmt"/>
          <line num="245" count="1" type="stmt"/>
          <line num="246" count="0" type="stmt"/>
          <line num="249" count="2" type="stmt"/>
          <line num="250" count="2" type="stmt"/>
          <line num="251" count="2" type="stmt"/>
          <line num="252" count="1" type="stmt"/>
          <line num="255" count="2" type="stmt"/>
          <line num="256" count="2" type="stmt"/>
          <line num="257" count="2" type="stmt"/>
          <line num="258" count="1" type="stmt"/>
          <line num="267" count="1" type="stmt"/>
          <line num="269" count="5" type="cond" truecount="2" falsecount="0"/>
          <line num="270" count="2" type="stmt"/>
          <line num="271" count="3" type="cond" truecount="1" falsecount="1"/>
          <line num="272" count="3" type="cond" truecount="2" falsecount="0"/>
          <line num="274" count="0" type="stmt"/>
          <line num="277" count="1" type="stmt"/>
          <line num="279" count="18" type="cond" truecount="2" falsecount="0"/>
          <line num="280" count="2" type="cond" truecount="2" falsecount="1"/>
          <line num="281" count="16" type="cond" truecount="2" falsecount="0"/>
          <line num="282" count="1" type="cond" truecount="2" falsecount="1"/>
          <line num="283" count="15" type="cond" truecount="2" falsecount="0"/>
          <line num="284" count="6" type="cond" truecount="6" falsecount="0"/>
          <line num="288" count="9" type="cond" truecount="2" falsecount="0"/>
          <line num="289" count="5" type="cond" truecount="5" falsecount="0"/>
          <line num="291" count="4" type="cond" truecount="3" falsecount="1"/>
          <line num="292" count="4" type="cond" truecount="2" falsecount="0"/>
          <line num="294" count="0" type="stmt"/>
          <line num="297" count="1" type="stmt"/>
          <line num="298" count="12" type="cond" truecount="6" falsecount="0"/>
          <line num="299" count="8" type="stmt"/>
          <line num="301" count="4" type="stmt"/>
          <line num="304" count="1" type="stmt"/>
          <line num="305" count="4" type="cond" truecount="7" falsecount="0"/>
          <line num="307" count="2" type="stmt"/>
          <line num="309" count="2" type="stmt"/>
          <line num="312" count="1" type="stmt"/>
          <line num="313" count="6" type="stmt"/>
          <line num="314" count="6" type="cond" truecount="2" falsecount="0"/>
          <line num="315" count="1" type="stmt"/>
          <line num="316" count="5" type="cond" truecount="4" falsecount="0"/>
          <line num="317" count="2" type="cond" truecount="2" falsecount="0"/>
          <line num="318" count="1" type="stmt"/>
          <line num="320" count="1" type="stmt"/>
          <line num="322" count="3" type="cond" truecount="2" falsecount="0"/>
          <line num="323" count="1" type="stmt"/>
          <line num="324" count="1" type="stmt"/>
          <line num="326" count="2" type="cond" truecount="2" falsecount="0"/>
          <line num="327" count="1" type="stmt"/>
          <line num="328" count="1" type="cond" truecount="1" falsecount="1"/>
          <line num="329" count="1" type="stmt"/>
          <line num="333" count="1" type="stmt"/>
          <line num="334" count="1" type="cond" truecount="0" falsecount="2"/>
          <line num="338" count="1" type="stmt"/>
          <line num="339" count="2" type="cond" truecount="2" falsecount="0"/>
          <line num="340" count="1" type="stmt"/>
          <line num="342" count="1" type="cond" truecount="2" falsecount="0"/>
          <line num="345" count="1" type="stmt"/>
          <line num="346" count="6" type="stmt"/>
          <line num="347" count="6" type="stmt"/>
          <line num="350" count="1" type="stmt"/>
        </file>
      </package>
      <package name="app.blockui">
        <metrics statements="9" coveredstatements="9" conditionals="3" coveredconditionals="2" methods="4" coveredmethods="3"/>
        <file name="block-ui.component.html" path="D:\Projects\asaq2\Crosswater\Crosswater_Portal\Portal\angularapp\app\blockui\block-ui.component.html">
          <metrics statements="1" coveredstatements="1" conditionals="0" coveredconditionals="0" methods="0" coveredmethods="0"/>
          <line num="1" count="5" type="stmt"/>
        </file>
        <file name="block-ui.component.ts" path="D:\Projects\asaq2\Crosswater\Crosswater_Portal\Portal\angularapp\app\blockui\block-ui.component.ts">
          <metrics statements="8" coveredstatements="8" conditionals="3" coveredconditionals="2" methods="4" coveredmethods="3"/>
          <line num="1" count="5" type="stmt"/>
          <line num="2" count="5" type="stmt"/>
          <line num="9" count="5" type="stmt"/>
          <line num="11" count="22" type="cond" truecount="2" falsecount="1"/>
          <line num="12" count="22" type="stmt"/>
          <line num="14" count="5" type="stmt"/>
          <line num="15" count="2" type="stmt"/>
          <line num="18" count="5" type="stmt"/>
        </file>
      </package>
      <package name="app.common">
        <metrics statements="15" coveredstatements="13" conditionals="4" coveredconditionals="4" methods="6" coveredmethods="4"/>
        <file name="ModalDialog.ts" path="D:\Projects\asaq2\Crosswater\Crosswater_Portal\Portal\angularapp\app\common\ModalDialog.ts">
          <metrics statements="15" coveredstatements="13" conditionals="4" coveredconditionals="4" methods="6" coveredmethods="4"/>
          <line num="7" count="5" type="cond" truecount="2" falsecount="0"/>
          <line num="8" count="5" type="stmt"/>
          <line num="9" count="5" type="stmt"/>
          <line num="10" count="5" type="stmt"/>
          <line num="13" count="5" type="stmt"/>
          <line num="17" count="2" type="stmt"/>
          <line num="18" count="2" type="stmt"/>
          <line num="21" count="5" type="stmt"/>
          <line num="22" count="0" type="stmt"/>
          <line num="25" count="5" type="stmt"/>
          <line num="26" count="0" type="stmt"/>
          <line num="29" count="5" type="stmt"/>
          <line num="31" count="5" type="cond" truecount="2" falsecount="0"/>
          <line num="32" count="5" type="stmt"/>
          <line num="33" count="5" type="stmt"/>
        </file>
      </package>
      <package name="app.common.impersonatebox">
        <metrics statements="43" coveredstatements="40" conditionals="7" coveredconditionals="6" methods="10" coveredmethods="7"/>
        <file name="impersonatebox.component.html" path="D:\Projects\asaq2\Crosswater\Crosswater_Portal\Portal\angularapp\app\common\impersonatebox\impersonatebox.component.html">
          <metrics statements="1" coveredstatements="1" conditionals="0" coveredconditionals="0" methods="0" coveredmethods="0"/>
          <line num="1" count="2" type="stmt"/>
        </file>
        <file name="impersonatebox.component.ts" path="D:\Projects\asaq2\Crosswater\Crosswater_Portal\Portal\angularapp\app\common\impersonatebox\impersonatebox.component.ts">
          <metrics statements="42" coveredstatements="39" conditionals="7" coveredconditionals="6" methods="10" coveredmethods="7"/>
          <line num="1" count="2" type="stmt"/>
          <line num="2" count="2" type="stmt"/>
          <line num="3" count="2" type="stmt"/>
          <line num="4" count="2" type="stmt"/>
          <line num="11" count="2" type="stmt"/>
          <line num="13" count="12" type="cond" truecount="2" falsecount="1"/>
          <line num="35" count="14" type="stmt"/>
          <line num="38" count="14" type="stmt"/>
          <line num="45" count="14" type="stmt"/>
          <line num="46" count="12" type="stmt"/>
          <line num="48" count="12" type="stmt"/>
          <line num="49" count="12" type="stmt"/>
          <line num="51" count="4" type="stmt"/>
          <line num="52" count="4" type="stmt"/>
          <line num="53" count="4" type="cond" truecount="2" falsecount="0"/>
          <line num="54" count="1" type="stmt"/>
          <line num="55" count="1" type="stmt"/>
          <line num="57" count="1" type="stmt"/>
          <line num="59" count="3" type="stmt"/>
          <line num="61" count="4" type="stmt"/>
          <line num="63" count="0" type="stmt"/>
          <line num="64" count="0" type="stmt"/>
          <line num="68" count="2" type="stmt"/>
          <line num="70" count="2" type="stmt"/>
          <line num="71" count="2" type="stmt"/>
          <line num="72" count="2" type="stmt"/>
          <line num="73" count="2" type="stmt"/>
          <line num="75" count="2" type="cond" truecount="2" falsecount="0"/>
          <line num="76" count="1" type="stmt"/>
          <line num="78" count="1" type="stmt"/>
          <line num="79" count="1" type="stmt"/>
          <line num="80" count="1" type="stmt"/>
          <line num="81" count="1" type="stmt"/>
          <line num="83" count="1" type="stmt"/>
          <line num="89" count="2" type="stmt"/>
          <line num="90" count="1" type="stmt"/>
          <line num="91" count="1" type="stmt"/>
          <line num="92" count="1" type="stmt"/>
          <line num="93" count="1" type="stmt"/>
          <line num="96" count="2" type="stmt"/>
          <line num="97" count="0" type="stmt"/>
          <line num="101" count="2" type="stmt"/>
        </file>
      </package>
      <package name="app.common.messagebox">
        <metrics statements="38" coveredstatements="26" conditionals="12" coveredconditionals="4" methods="8" coveredmethods="5"/>
        <file name="messagebox.component.html" path="D:\Projects\asaq2\Crosswater\Crosswater_Portal\Portal\angularapp\app\common\messagebox\messagebox.component.html">
          <metrics statements="1" coveredstatements="1" conditionals="0" coveredconditionals="0" methods="0" coveredmethods="0"/>
          <line num="1" count="5" type="stmt"/>
        </file>
        <file name="messagebox.component.ts" path="D:\Projects\asaq2\Crosswater\Crosswater_Portal\Portal\angularapp\app\common\messagebox\messagebox.component.ts">
          <metrics statements="21" coveredstatements="17" conditionals="3" coveredconditionals="2" methods="5" coveredmethods="3"/>
          <line num="1" count="5" type="stmt"/>
          <line num="2" count="5" type="stmt"/>
          <line num="3" count="5" type="stmt"/>
          <line num="10" count="5" type="stmt"/>
          <line num="12" count="1" type="cond" truecount="2" falsecount="1"/>
          <line num="14" count="1" type="stmt"/>
          <line num="15" count="1" type="stmt"/>
          <line num="16" count="1" type="stmt"/>
          <line num="17" count="1" type="stmt"/>
          <line num="18" count="1" type="stmt"/>
          <line num="19" count="1" type="stmt"/>
          <line num="21" count="1" type="stmt"/>
          <line num="22" count="1" type="stmt"/>
          <line num="26" count="5" type="stmt"/>
          <line num="29" count="5" type="stmt"/>
          <line num="30" count="0" type="stmt"/>
          <line num="31" count="0" type="stmt"/>
          <line num="34" count="5" type="stmt"/>
          <line num="35" count="0" type="stmt"/>
          <line num="36" count="0" type="stmt"/>
          <line num="39" count="5" type="stmt"/>
        </file>
        <file name="messagebox.service.ts" path="D:\Projects\asaq2\Crosswater\Crosswater_Portal\Portal\angularapp\app\common\messagebox\messagebox.service.ts">
          <metrics statements="16" coveredstatements="8" conditionals="9" coveredconditionals="2" methods="3" coveredmethods="2"/>
          <line num="1" count="4" type="stmt"/>
          <line num="2" count="4" type="stmt"/>
          <line num="3" count="4" type="stmt"/>
          <line num="4" count="4" type="stmt"/>
          <line num="9" count="4" type="stmt"/>
          <line num="11" count="4" type="cond" truecount="2" falsecount="1"/>
          <line num="13" count="4" type="cond" truecount="0" falsecount="2"/>
          <line num="14" count="0" type="cond" truecount="0" falsecount="4"/>
          <line num="15" count="0" type="stmt"/>
          <line num="16" count="0" type="stmt"/>
          <line num="17" count="0" type="stmt"/>
          <line num="18" count="0" type="stmt"/>
          <line num="19" count="0" type="stmt"/>
          <line num="20" count="0" type="stmt"/>
          <line num="21" count="0" type="stmt"/>
          <line num="23" count="4" type="stmt"/>
        </file>
      </package>
      <package name="app.common.orderfilter">
        <metrics statements="25" coveredstatements="22" conditionals="2" coveredconditionals="1" methods="7" coveredmethods="5"/>
        <file name="orderfilter.component.html" path="D:\Projects\asaq2\Crosswater\Crosswater_Portal\Portal\angularapp\app\common\orderfilter\orderfilter.component.html">
          <metrics statements="1" coveredstatements="1" conditionals="0" coveredconditionals="0" methods="0" coveredmethods="0"/>
          <line num="1" count="2" type="stmt"/>
        </file>
        <file name="orderfilter.component.ts" path="D:\Projects\asaq2\Crosswater\Crosswater_Portal\Portal\angularapp\app\common\orderfilter\orderfilter.component.ts">
          <metrics statements="17" coveredstatements="14" conditionals="0" coveredconditionals="0" methods="5" coveredmethods="3"/>
          <line num="1" count="2" type="stmt"/>
          <line num="2" count="2" type="stmt"/>
          <line num="3" count="2" type="stmt"/>
          <line num="11" count="2" type="stmt"/>
          <line num="16" count="3" type="stmt"/>
          <line num="17" count="1" type="stmt"/>
          <line num="19" count="3" type="stmt"/>
          <line num="22" count="3" type="stmt"/>
          <line num="24" count="3" type="stmt"/>
          <line num="26" count="2" type="stmt"/>
          <line num="27" count="1" type="stmt"/>
          <line num="30" count="2" type="stmt"/>
          <line num="31" count="0" type="stmt"/>
          <line num="34" count="2" type="stmt"/>
          <line num="35" count="0" type="stmt"/>
          <line num="36" count="0" type="stmt"/>
          <line num="39" count="2" type="stmt"/>
        </file>
        <file name="orderfilter.ts" path="D:\Projects\asaq2\Crosswater\Crosswater_Portal\Portal\angularapp\app\common\orderfilter\orderfilter.ts">
          <metrics statements="7" coveredstatements="7" conditionals="2" coveredconditionals="1" methods="2" coveredmethods="2"/>
          <line num="1" count="2" type="stmt"/>
          <line num="3" count="50" type="cond" truecount="1" falsecount="1"/>
          <line num="4" count="25" type="stmt"/>
          <line num="5" count="25" type="stmt"/>
          <line num="6" count="25" type="stmt"/>
          <line num="11" count="25" type="stmt"/>
          <line num="12" count="2" type="stmt"/>
        </file>
      </package>
      <package name="app.invoice-history">
        <metrics statements="176" coveredstatements="169" conditionals="72" coveredconditionals="55" methods="37" coveredmethods="34"/>
        <file name="invoice-history.component.html" path="D:\Projects\asaq2\Crosswater\Crosswater_Portal\Portal\angularapp\app\invoice-history\invoice-history.component.html">
          <metrics statements="1" coveredstatements="1" conditionals="0" coveredconditionals="0" methods="0" coveredmethods="0"/>
          <line num="1" count="1" type="stmt"/>
        </file>
        <file name="invoice-history.component.ts" path="D:\Projects\asaq2\Crosswater\Crosswater_Portal\Portal\angularapp\app\invoice-history\invoice-history.component.ts">
          <metrics statements="175" coveredstatements="168" conditionals="72" coveredconditionals="55" methods="37" coveredmethods="34"/>
          <line num="1" count="1" type="stmt"/>
          <line num="4" count="1" type="stmt"/>
          <line num="5" count="1" type="stmt"/>
          <line num="6" count="1" type="stmt"/>
          <line num="7" count="1" type="stmt"/>
          <line num="8" count="1" type="stmt"/>
          <line num="9" count="1" type="stmt"/>
          <line num="10" count="1" type="stmt"/>
          <line num="11" count="1" type="stmt"/>
          <line num="12" count="1" type="stmt"/>
          <line num="13" count="1" type="stmt"/>
          <line num="16" count="1" type="stmt"/>
          <line num="18" count="1" type="stmt"/>
          <line num="26" count="1" type="stmt"/>
          <line num="30" count="24" type="cond" truecount="6" falsecount="2"/>
          <line num="31" count="24" type="cond" truecount="4" falsecount="1"/>
          <line num="32" count="24" type="cond" truecount="4" falsecount="1"/>
          <line num="33" count="24" type="cond" truecount="4" falsecount="1"/>
          <line num="34" count="24" type="cond" truecount="4" falsecount="1"/>
          <line num="35" count="24" type="stmt"/>
          <line num="38" count="24" type="stmt"/>
          <line num="39" count="24" type="stmt"/>
          <line num="42" count="24" type="stmt"/>
          <line num="43" count="24" type="stmt"/>
          <line num="46" count="24" type="stmt"/>
          <line num="47" count="24" type="stmt"/>
          <line num="48" count="24" type="stmt"/>
          <line num="49" count="24" type="stmt"/>
          <line num="50" count="24" type="stmt"/>
          <line num="51" count="24" type="stmt"/>
          <line num="52" count="24" type="stmt"/>
          <line num="53" count="24" type="stmt"/>
          <line num="54" count="24" type="stmt"/>
          <line num="55" count="24" type="stmt"/>
          <line num="56" count="24" type="stmt"/>
          <line num="57" count="24" type="stmt"/>
          <line num="58" count="24" type="stmt"/>
          <line num="59" count="24" type="stmt"/>
          <line num="60" count="24" type="stmt"/>
          <line num="61" count="24" type="stmt"/>
          <line num="62" count="24" type="stmt"/>
          <line num="66" count="24" type="stmt"/>
          <line num="89" count="1" type="stmt"/>
          <line num="90" count="3" type="stmt"/>
          <line num="91" count="3" type="stmt"/>
          <line num="92" count="3" type="stmt"/>
          <line num="95" count="3" type="stmt"/>
          <line num="96" count="3" type="stmt"/>
          <line num="97" count="3" type="cond" truecount="4" falsecount="0"/>
          <line num="98" count="1" type="stmt"/>
          <line num="103" count="1" type="stmt"/>
          <line num="104" count="2" type="stmt"/>
          <line num="105" count="2" type="stmt"/>
          <line num="106" count="2" type="stmt"/>
          <line num="107" count="2" type="stmt"/>
          <line num="110" count="1" type="stmt"/>
          <line num="111" count="4" type="stmt"/>
          <line num="112" count="4" type="cond" truecount="2" falsecount="0"/>
          <line num="113" count="1" type="stmt"/>
          <line num="114" count="1" type="stmt"/>
          <line num="115" count="1" type="stmt"/>
          <line num="117" count="3" type="stmt"/>
          <line num="118" count="3" type="stmt"/>
          <line num="123" count="1" type="stmt"/>
          <line num="125" count="1" type="stmt"/>
          <line num="127" count="1" type="stmt"/>
          <line num="128" count="1" type="cond" truecount="1" falsecount="1"/>
          <line num="129" count="1" type="stmt"/>
          <line num="130" count="1" type="cond" truecount="3" falsecount="1"/>
          <line num="131" count="1" type="stmt"/>
          <line num="132" count="1" type="cond" truecount="1" falsecount="1"/>
          <line num="133" count="1" type="stmt"/>
          <line num="134" count="0" type="cond" truecount="0" falsecount="2"/>
          <line num="135" count="0" type="stmt"/>
          <line num="137" count="1" type="cond" truecount="1" falsecount="1"/>
          <line num="138" count="1" type="stmt"/>
          <line num="139" count="1" type="stmt"/>
          <line num="146" count="1" type="stmt"/>
          <line num="147" count="1" type="stmt"/>
          <line num="150" count="1" type="stmt"/>
          <line num="151" count="1" type="stmt"/>
          <line num="152" count="1" type="stmt"/>
          <line num="153" count="1" type="stmt"/>
          <line num="156" count="0" type="stmt"/>
          <line num="157" count="0" type="stmt"/>
          <line num="161" count="1" type="stmt"/>
          <line num="162" count="1" type="stmt"/>
          <line num="163" count="1" type="stmt"/>
          <line num="164" count="1" type="stmt"/>
          <line num="165" count="1" type="stmt"/>
          <line num="168" count="1" type="stmt"/>
          <line num="169" count="1" type="stmt"/>
          <line num="170" count="1" type="stmt"/>
          <line num="171" count="1" type="stmt"/>
          <line num="172" count="1" type="cond" truecount="1" falsecount="1"/>
          <line num="173" count="1" type="stmt"/>
          <line num="176" count="1" type="stmt"/>
          <line num="177" count="1" type="stmt"/>
          <line num="178" count="1" type="stmt"/>
          <line num="181" count="0" type="stmt"/>
          <line num="182" count="0" type="stmt"/>
          <line num="186" count="1" type="stmt"/>
          <line num="187" count="2" type="stmt"/>
          <line num="188" count="2" type="cond" truecount="1" falsecount="1"/>
          <line num="189" count="2" type="cond" truecount="2" falsecount="0"/>
          <line num="190" count="2" type="stmt"/>
          <line num="194" count="1" type="stmt"/>
          <line num="195" count="1" type="stmt"/>
          <line num="196" count="1" type="stmt"/>
          <line num="200" count="1" type="stmt"/>
          <line num="201" count="3" type="stmt"/>
          <line num="202" count="3" type="cond" truecount="2" falsecount="0"/>
          <line num="204" count="1" type="stmt"/>
          <line num="206" count="2" type="stmt"/>
          <line num="207" count="2" type="stmt"/>
          <line num="209" count="1" type="stmt"/>
          <line num="210" count="1" type="stmt"/>
          <line num="211" count="1" type="stmt"/>
          <line num="212" count="1" type="stmt"/>
          <line num="213" count="1" type="stmt"/>
          <line num="218" count="1" type="stmt"/>
          <line num="219" count="2" type="stmt"/>
          <line num="220" count="2" type="stmt"/>
          <line num="221" count="2" type="stmt"/>
          <line num="223" count="2" type="stmt"/>
          <line num="224" count="2" type="stmt"/>
          <line num="226" count="2" type="stmt"/>
          <line num="227" count="2" type="stmt"/>
          <line num="228" count="6" type="stmt"/>
          <line num="231" count="2" type="stmt"/>
          <line num="233" count="2" type="stmt"/>
          <line num="235" count="2" type="stmt"/>
          <line num="240" count="1" type="stmt"/>
          <line num="241" count="2" type="cond" truecount="2" falsecount="0"/>
          <line num="242" count="2" type="stmt"/>
          <line num="243" count="2" type="stmt"/>
          <line num="246" count="1" type="stmt"/>
          <line num="247" count="1" type="stmt"/>
          <line num="248" count="1" type="stmt"/>
          <line num="251" count="1" type="stmt"/>
          <line num="252" count="1" type="stmt"/>
          <line num="253" count="1" type="stmt"/>
          <line num="256" count="1" type="stmt"/>
          <line num="257" count="2" type="cond" truecount="2" falsecount="0"/>
          <line num="258" count="1" type="stmt"/>
          <line num="259" count="1" type="cond" truecount="1" falsecount="1"/>
          <line num="260" count="1" type="stmt"/>
          <line num="264" count="1" type="stmt"/>
          <line num="265" count="2" type="cond" truecount="2" falsecount="0"/>
          <line num="268" count="1" type="stmt"/>
          <line num="269" count="4" type="stmt"/>
          <line num="272" count="1" type="stmt"/>
          <line num="273" count="2" type="stmt"/>
          <line num="274" count="1" type="stmt"/>
          <line num="275" count="1" type="stmt"/>
          <line num="279" count="3" type="stmt"/>
          <line num="283" count="3" type="cond" truecount="1" falsecount="1"/>
          <line num="284" count="3" type="stmt"/>
          <line num="285" count="2" type="cond" truecount="2" falsecount="0"/>
          <line num="286" count="1" type="stmt"/>
          <line num="289" count="1" type="stmt"/>
          <line num="290" count="1" type="stmt"/>
          <line num="291" count="1" type="stmt"/>
          <line num="295" count="1" type="stmt"/>
          <line num="301" count="1" type="stmt"/>
          <line num="302" count="5" type="cond" truecount="2" falsecount="0"/>
          <line num="303" count="3" type="cond" truecount="2" falsecount="0"/>
          <line num="304" count="2" type="cond" truecount="1" falsecount="1"/>
          <line num="305" count="2" type="stmt"/>
          <line num="307" count="0" type="stmt"/>
          <line num="312" count="1" type="stmt"/>
          <line num="313" count="4" type="stmt"/>
          <line num="314" count="4" type="stmt"/>
          <line num="315" count="4" type="stmt"/>
          <line num="318" count="1" type="stmt"/>
        </file>
      </package>
      <package name="app.invoice-history.pod-modal">
        <metrics statements="18" coveredstatements="16" conditionals="13" coveredconditionals="10" methods="5" coveredmethods="3"/>
        <file name="pod-modal.component.html" path="D:\Projects\asaq2\Crosswater\Crosswater_Portal\Portal\angularapp\app\invoice-history\pod-modal\pod-modal.component.html">
          <metrics statements="1" coveredstatements="1" conditionals="0" coveredconditionals="0" methods="0" coveredmethods="0"/>
          <line num="1" count="1" type="stmt"/>
        </file>
        <file name="pod-modal.component.ts" path="D:\Projects\asaq2\Crosswater\Crosswater_Portal\Portal\angularapp\app\invoice-history\pod-modal\pod-modal.component.ts">
          <metrics statements="17" coveredstatements="15" conditionals="13" coveredconditionals="10" methods="5" coveredmethods="3"/>
          <line num="1" count="1" type="stmt"/>
          <line num="3" count="1" type="stmt"/>
          <line num="6" count="1" type="stmt"/>
          <line num="7" count="1" type="stmt"/>
          <line num="14" count="1" type="stmt"/>
          <line num="17" count="1" type="cond" truecount="6" falsecount="2"/>
          <line num="18" count="1" type="cond" truecount="4" falsecount="1"/>
          <line num="19" count="1" type="stmt"/>
          <line num="22" count="1" type="stmt"/>
          <line num="23" count="1" type="stmt"/>
          <line num="24" count="1" type="stmt"/>
          <line num="26" count="1" type="stmt"/>
          <line num="27" count="0" type="stmt"/>
          <line num="31" count="1" type="stmt"/>
          <line num="36" count="1" type="stmt"/>
          <line num="37" count="0" type="stmt"/>
          <line num="40" count="1" type="stmt"/>
        </file>
      </package>
      <package name="app.login.set-password">
        <metrics statements="29" coveredstatements="21" conditionals="20" coveredconditionals="14" methods="11" coveredmethods="3"/>
        <file name="set-password.component.html" path="D:\Projects\asaq2\Crosswater\Crosswater_Portal\Portal\angularapp\app\login\set-password\set-password.component.html">
          <metrics statements="1" coveredstatements="1" conditionals="0" coveredconditionals="0" methods="0" coveredmethods="0"/>
          <line num="1" count="1" type="stmt"/>
        </file>
        <file name="set-password.component.ts" path="D:\Projects\asaq2\Crosswater\Crosswater_Portal\Portal\angularapp\app\login\set-password\set-password.component.ts">
          <metrics statements="28" coveredstatements="20" conditionals="20" coveredconditionals="14" methods="11" coveredmethods="3"/>
          <line num="1" count="1" type="stmt"/>
          <line num="3" count="1" type="stmt"/>
          <line num="5" count="1" type="stmt"/>
          <line num="6" count="1" type="stmt"/>
          <line num="7" count="1" type="stmt"/>
          <line num="8" count="1" type="stmt"/>
          <line num="15" count="1" type="stmt"/>
          <line num="18" count="1" type="cond" truecount="6" falsecount="2"/>
          <line num="19" count="1" type="cond" truecount="4" falsecount="1"/>
          <line num="20" count="1" type="cond" truecount="4" falsecount="1"/>
          <line num="21" count="1" type="stmt"/>
          <line num="23" count="1" type="stmt"/>
          <line num="24" count="1" type="stmt"/>
          <line num="25" count="1" type="stmt"/>
          <line num="26" count="1" type="stmt"/>
          <line num="28" count="1" type="stmt"/>
          <line num="29" count="1" type="stmt"/>
          <line num="30" count="0" type="stmt"/>
          <line num="31" count="0" type="stmt"/>
          <line num="34" count="1" type="stmt"/>
          <line num="35" count="0" type="stmt"/>
          <line num="38" count="1" type="stmt"/>
          <line num="39" count="0" type="cond" truecount="0" falsecount="2"/>
          <line num="40" count="0" type="stmt"/>
          <line num="41" count="0" type="stmt"/>
          <line num="42" count="0" type="stmt"/>
          <line num="44" count="0" type="stmt"/>
          <line num="48" count="1" type="stmt"/>
        </file>
      </package>
      <package name="app.mocks">
        <metrics statements="16" coveredstatements="14" conditionals="2" coveredconditionals="0" methods="5" coveredmethods="4"/>
        <file name="mocked.ts" path="D:\Projects\asaq2\Crosswater\Crosswater_Portal\Portal\angularapp\app\mocks\mocked.ts">
          <metrics statements="16" coveredstatements="14" conditionals="2" coveredconditionals="0" methods="5" coveredmethods="4"/>
          <line num="1" count="2" type="stmt"/>
          <line num="2" count="2" type="stmt"/>
          <line num="4" count="2" type="stmt"/>
          <line num="6" count="0" type="cond" truecount="0" falsecount="2"/>
          <line num="7" count="0" type="stmt"/>
          <line num="9" count="2" type="stmt"/>
          <line num="11" count="2" type="stmt"/>
          <line num="12" count="1" type="stmt"/>
          <line num="13" count="1" type="stmt"/>
          <line num="14" count="1" type="stmt"/>
          <line num="15" count="1" type="stmt"/>
          <line num="16" count="1" type="stmt"/>
          <line num="19" count="1" type="stmt"/>
          <line num="22" count="2" type="stmt"/>
          <line num="23" count="1" type="stmt"/>
          <line num="25" count="2" type="stmt"/>
        </file>
      </package>
      <package name="app.order-history.orderdetailmodal">
        <metrics statements="14" coveredstatements="13" conditionals="3" coveredconditionals="2" methods="4" coveredmethods="3"/>
        <file name="orderdetailmodal.component.html" path="D:\Projects\asaq2\Crosswater\Crosswater_Portal\Portal\angularapp\app\order-history\orderdetailmodal\orderdetailmodal.component.html">
          <metrics statements="1" coveredstatements="1" conditionals="0" coveredconditionals="0" methods="0" coveredmethods="0"/>
          <line num="1" count="1" type="stmt"/>
        </file>
        <file name="orderdetailmodal.component.ts" path="D:\Projects\asaq2\Crosswater\Crosswater_Portal\Portal\angularapp\app\order-history\orderdetailmodal\orderdetailmodal.component.ts">
          <metrics statements="13" coveredstatements="12" conditionals="3" coveredconditionals="2" methods="4" coveredmethods="3"/>
          <line num="1" count="1" type="stmt"/>
          <line num="2" count="1" type="stmt"/>
          <line num="3" count="1" type="stmt"/>
          <line num="10" count="1" type="stmt"/>
          <line num="12" count="1" type="cond" truecount="2" falsecount="1"/>
          <line num="14" count="1" type="stmt"/>
          <line num="15" count="1" type="stmt"/>
          <line num="16" count="1" type="stmt"/>
          <line num="17" count="1" type="stmt"/>
          <line num="19" count="1" type="stmt"/>
          <line num="22" count="1" type="stmt"/>
          <line num="23" count="0" type="stmt"/>
          <line num="26" count="1" type="stmt"/>
        </file>
      </package>
      <package name="app.services">
        <metrics statements="204" coveredstatements="170" conditionals="75" coveredconditionals="51" methods="71" coveredmethods="49"/>
        <file name="http.service.ts" path="D:\Projects\asaq2\Crosswater\Crosswater_Portal\Portal\angularapp\app\services\http.service.ts">
          <metrics statements="61" coveredstatements="47" conditionals="26" coveredconditionals="15" methods="16" coveredmethods="12"/>
          <line num="1" count="12" type="stmt"/>
          <line num="2" count="12" type="stmt"/>
          <line num="4" count="12" type="stmt"/>
          <line num="6" count="12" type="stmt"/>
          <line num="7" count="12" type="stmt"/>
          <line num="9" count="12" type="stmt"/>
          <line num="10" count="12" type="stmt"/>
          <line num="15" count="12" type="stmt"/>
          <line num="17" count="16" type="cond" truecount="6" falsecount="2"/>
          <line num="20" count="16" type="stmt"/>
          <line num="22" count="12" type="stmt"/>
          <line num="23" count="13" type="stmt"/>
          <line num="24" count="13" type="cond" truecount="2" falsecount="0"/>
          <line num="25" count="4" type="stmt"/>
          <line num="27" count="9" type="stmt"/>
          <line num="31" count="26" type="stmt"/>
          <line num="34" count="12" type="stmt"/>
          <line num="35" count="3" type="stmt"/>
          <line num="38" count="13" type="stmt"/>
          <line num="40" count="13" type="stmt"/>
          <line num="43" count="13" type="stmt"/>
          <line num="45" count="12" type="stmt"/>
          <line num="46" count="0" type="stmt"/>
          <line num="53" count="12" type="stmt"/>
          <line num="55" count="1" type="stmt"/>
          <line num="58" count="12" type="stmt"/>
          <line num="61" count="8" type="stmt"/>
          <line num="63" count="8" type="cond" truecount="2" falsecount="0"/>
          <line num="64" count="3" type="stmt"/>
          <line num="68" count="8" type="stmt"/>
          <line num="70" count="8" type="stmt"/>
          <line num="72" count="8" type="stmt"/>
          <line num="73" count="0" type="stmt"/>
          <line num="77" count="12" type="stmt"/>
          <line num="78" count="1" type="cond" truecount="1" falsecount="1"/>
          <line num="79" count="1" type="stmt"/>
          <line num="82" count="1" type="stmt"/>
          <line num="83" count="1" type="stmt"/>
          <line num="87" count="12" type="stmt"/>
          <line num="89" count="0" type="stmt"/>
          <line num="91" count="0" type="cond" truecount="0" falsecount="2"/>
          <line num="92" count="0" type="stmt"/>
          <line num="97" count="0" type="stmt"/>
          <line num="101" count="12" type="stmt"/>
          <line num="103" count="0" type="stmt"/>
          <line num="104" count="0" type="cond" truecount="0" falsecount="2"/>
          <line num="106" count="0" type="cond" truecount="0" falsecount="2"/>
          <line num="107" count="0" type="stmt"/>
          <line num="111" count="0" type="cond" truecount="0" falsecount="2"/>
          <line num="112" count="0" type="stmt"/>
          <line num="117" count="0" type="stmt"/>
          <line num="119" count="0" type="stmt"/>
          <line num="122" count="12" type="stmt"/>
          <line num="123" count="23" type="stmt"/>
          <line num="124" count="23" type="stmt"/>
          <line num="125" count="23" type="stmt"/>
          <line num="126" count="23" type="stmt"/>
          <line num="127" count="23" type="cond" truecount="4" falsecount="0"/>
          <line num="128" count="6" type="stmt"/>
          <line num="131" count="23" type="stmt"/>
          <line num="135" count="12" type="stmt"/>
        </file>
        <file name="invoice.service.ts" path="D:\Projects\asaq2\Crosswater\Crosswater_Portal\Portal\angularapp\app\services\invoice.service.ts">
          <metrics statements="19" coveredstatements="13" conditionals="8" coveredconditionals="6" methods="8" coveredmethods="2"/>
          <line num="1" count="2" type="stmt"/>
          <line num="2" count="2" type="stmt"/>
          <line num="6" count="2" type="stmt"/>
          <line num="9" count="2" type="stmt"/>
          <line num="11" count="2" type="cond" truecount="6" falsecount="2"/>
          <line num="13" count="2" type="stmt"/>
          <line num="15" count="2" type="stmt"/>
          <line num="16" count="0" type="stmt"/>
          <line num="22" count="2" type="stmt"/>
          <line num="24" count="0" type="stmt"/>
          <line num="30" count="2" type="stmt"/>
          <line num="31" count="0" type="stmt"/>
          <line num="34" count="2" type="stmt"/>
          <line num="35" count="0" type="stmt"/>
          <line num="38" count="2" type="stmt"/>
          <line num="39" count="0" type="stmt"/>
          <line num="42" count="2" type="stmt"/>
          <line num="43" count="0" type="stmt"/>
          <line num="47" count="2" type="stmt"/>
        </file>
        <file name="order.service.ts" path="D:\Projects\asaq2\Crosswater\Crosswater_Portal\Portal\angularapp\app\services\order.service.ts">
          <metrics statements="17" coveredstatements="12" conditionals="8" coveredconditionals="6" methods="7" coveredmethods="2"/>
          <line num="1" count="1" type="stmt"/>
          <line num="2" count="1" type="stmt"/>
          <line num="6" count="1" type="stmt"/>
          <line num="9" count="1" type="stmt"/>
          <line num="11" count="1" type="cond" truecount="6" falsecount="2"/>
          <line num="13" count="1" type="stmt"/>
          <line num="15" count="1" type="stmt"/>
          <line num="16" count="0" type="stmt"/>
          <line num="18" count="1" type="stmt"/>
          <line num="19" count="0" type="stmt"/>
          <line num="21" count="1" type="stmt"/>
          <line num="23" count="0" type="stmt"/>
          <line num="29" count="1" type="stmt"/>
          <line num="30" count="0" type="stmt"/>
          <line num="33" count="1" type="stmt"/>
          <line num="34" count="0" type="stmt"/>
          <line num="40" count="1" type="stmt"/>
        </file>
        <file name="product.service.ts" path="D:\Projects\asaq2\Crosswater\Crosswater_Portal\Portal\angularapp\app\services\product.service.ts">
          <metrics statements="23" coveredstatements="21" conditionals="11" coveredconditionals="10" methods="8" coveredmethods="6"/>
          <line num="1" count="1" type="stmt"/>
          <line num="2" count="1" type="stmt"/>
          <line num="4" count="1" type="stmt"/>
          <line num="5" count="1" type="stmt"/>
          <line num="9" count="1" type="stmt"/>
          <line num="11" count="1" type="cond" truecount="2" falsecount="1"/>
          <line num="12" count="1" type="stmt"/>
          <line num="13" count="1" type="stmt"/>
          <line num="14" count="1" type="stmt"/>
          <line num="16" count="5" type="stmt"/>
          <line num="17" count="5" type="cond" truecount="4" falsecount="0"/>
          <line num="18" count="4" type="cond" truecount="2" falsecount="0"/>
          <line num="19" count="9" type="cond" truecount="2" falsecount="0"/>
          <line num="23" count="2" type="stmt"/>
          <line num="24" count="2" type="stmt"/>
          <line num="25" count="2" type="stmt"/>
          <line num="31" count="1" type="stmt"/>
          <line num="32" count="1" type="stmt"/>
          <line num="35" count="1" type="stmt"/>
          <line num="36" count="0" type="stmt"/>
          <line num="39" count="1" type="stmt"/>
          <line num="40" count="0" type="stmt"/>
          <line num="43" count="1" type="stmt"/>
        </file>
        <file name="user.service.ts" path="D:\Projects\asaq2\Crosswater\Crosswater_Portal\Portal\angularapp\app\services\user.service.ts">
          <metrics statements="84" coveredstatements="77" conditionals="22" coveredconditionals="14" methods="32" coveredmethods="27"/>
          <line num="1" count="8" type="stmt"/>
          <line num="4" count="8" type="stmt"/>
          <line num="6" count="8" type="stmt"/>
          <line num="8" count="8" type="stmt"/>
          <line num="9" count="8" type="stmt"/>
          <line num="11" count="8" type="stmt"/>
          <line num="15" count="8" type="stmt"/>
          <line num="18" count="6" type="stmt"/>
          <line num="19" count="6" type="stmt"/>
          <line num="21" count="6" type="stmt"/>
          <line num="24" count="6" type="cond" truecount="6" falsecount="2"/>
          <line num="25" count="6" type="stmt"/>
          <line num="28" count="8" type="stmt"/>
          <line num="29" count="0" type="stmt"/>
          <line num="32" count="8" type="stmt"/>
          <line num="33" count="3" type="cond" truecount="1" falsecount="1"/>
          <line num="34" count="0" type="stmt"/>
          <line num="36" count="3" type="stmt"/>
          <line num="39" count="8" type="stmt"/>
          <line num="40" count="2" type="stmt"/>
          <line num="41" count="2" type="stmt"/>
          <line num="43" count="2" type="stmt"/>
          <line num="44" count="2" type="stmt"/>
          <line num="45" count="2" type="stmt"/>
          <line num="51" count="8" type="stmt"/>
          <line num="52" count="1" type="stmt"/>
          <line num="55" count="8" type="stmt"/>
          <line num="56" count="1" type="stmt"/>
          <line num="59" count="8" type="stmt"/>
          <line num="60" count="1" type="stmt"/>
          <line num="61" count="1" type="stmt"/>
          <line num="62" count="1" type="stmt"/>
          <line num="63" count="1" type="stmt"/>
          <line num="66" count="8" type="stmt"/>
          <line num="67" count="4" type="stmt"/>
          <line num="68" count="4" type="stmt"/>
          <line num="71" count="8" type="stmt"/>
          <line num="72" count="1" type="stmt"/>
          <line num="73" count="1" type="stmt"/>
          <line num="76" count="8" type="stmt"/>
          <line num="77" count="1" type="stmt"/>
          <line num="78" count="1" type="cond" truecount="1" falsecount="1"/>
          <line num="79" count="1" type="stmt"/>
          <line num="81" count="0" type="stmt"/>
          <line num="84" count="8" type="stmt"/>
          <line num="85" count="1" type="stmt"/>
          <line num="86" count="1" type="stmt"/>
          <line num="89" count="8" type="stmt"/>
          <line num="90" count="1" type="stmt"/>
          <line num="93" count="8" type="stmt"/>
          <line num="94" count="1" type="stmt"/>
          <line num="97" count="8" type="stmt"/>
          <line num="98" count="2" type="cond" truecount="2" falsecount="0"/>
          <line num="101" count="8" type="stmt"/>
          <line num="102" count="0" type="stmt"/>
          <line num="105" count="8" type="stmt"/>
          <line num="106" count="1" type="stmt"/>
          <line num="109" count="8" type="stmt"/>
          <line num="110" count="1" type="stmt"/>
          <line num="113" count="8" type="stmt"/>
          <line num="114" count="2" type="stmt"/>
          <line num="117" count="8" type="stmt"/>
          <line num="118" count="1" type="stmt"/>
          <line num="121" count="8" type="stmt"/>
          <line num="122" count="1" type="stmt"/>
          <line num="125" count="8" type="stmt"/>
          <line num="126" count="1" type="stmt"/>
          <line num="129" count="8" type="stmt"/>
          <line num="130" count="0" type="stmt"/>
          <line num="133" count="8" type="stmt"/>
          <line num="134" count="0" type="cond" truecount="0" falsecount="2"/>
          <line num="137" count="8" type="stmt"/>
          <line num="138" count="0" type="stmt"/>
          <line num="141" count="8" type="stmt"/>
          <line num="142" count="1" type="stmt"/>
          <line num="144" count="1" type="stmt"/>
          <line num="148" count="1" type="cond" truecount="1" falsecount="1"/>
          <line num="149" count="2" type="stmt"/>
          <line num="151" count="1" type="stmt"/>
          <line num="152" count="1" type="stmt"/>
          <line num="153" count="13" type="cond" truecount="2" falsecount="0"/>
          <line num="154" count="2" type="stmt"/>
          <line num="157" count="1" type="cond" truecount="1" falsecount="1"/>
          <line num="159" count="8" type="stmt"/>
        </file>
      </package>
      <package name="app.testmocks">
        <metrics statements="36" coveredstatements="36" conditionals="0" coveredconditionals="0" methods="12" coveredmethods="12"/>
        <file name="blockuiservicemock.ts" path="D:\Projects\asaq2\Crosswater\Crosswater_Portal\Portal\angularapp\app\testmocks\blockuiservicemock.ts">
          <metrics statements="10" coveredstatements="10" conditionals="0" coveredconditionals="0" methods="3" coveredmethods="3"/>
          <line num="1" count="6" type="stmt"/>
          <line num="3" count="6" type="stmt"/>
          <line num="4" count="11" type="stmt"/>
          <line num="5" count="11" type="stmt"/>
          <line num="6" count="11" type="stmt"/>
          <line num="8" count="6" type="stmt"/>
          <line num="9" count="20" type="stmt"/>
          <line num="12" count="6" type="stmt"/>
          <line num="13" count="20" type="stmt"/>
          <line num="15" count="6" type="stmt"/>
        </file>
        <file name="httpmock.ts" path="D:\Projects\asaq2\Crosswater\Crosswater_Portal\Portal\angularapp\app\testmocks\httpmock.ts">
          <metrics statements="12" coveredstatements="12" conditionals="0" coveredconditionals="0" methods="3" coveredmethods="3"/>
          <line num="1" count="8" type="stmt"/>
          <line num="3" count="8" type="stmt"/>
          <line num="12" count="8" type="stmt"/>
          <line num="13" count="13" type="stmt"/>
          <line num="14" count="13" type="stmt"/>
          <line num="15" count="13" type="stmt"/>
          <line num="16" count="13" type="stmt"/>
          <line num="19" count="8" type="stmt"/>
          <line num="20" count="9" type="stmt"/>
          <line num="21" count="9" type="stmt"/>
          <line num="22" count="9" type="stmt"/>
          <line num="25" count="8" type="stmt"/>
        </file>
        <file name="routerMock.ts" path="D:\Projects\asaq2\Crosswater\Crosswater_Portal\Portal\angularapp\app\testmocks\routerMock.ts">
          <metrics statements="12" coveredstatements="12" conditionals="0" coveredconditionals="0" methods="5" coveredmethods="5"/>
          <line num="1" count="4" type="stmt"/>
          <line num="3" count="4" type="stmt"/>
          <line num="7" count="4" type="stmt"/>
          <line num="8" count="2" type="stmt"/>
          <line num="9" count="2" type="stmt"/>
          <line num="11" count="4" type="stmt"/>
          <line num="13" count="4" type="stmt"/>
          <line num="15" count="4" type="stmt"/>
          <line num="18" count="4" type="stmt"/>
          <line num="20" count="4" type="stmt"/>
          <line num="25" count="4" type="stmt"/>
          <line num="26" count="4" type="stmt"/>
        </file>
        <file name="userserviceMock.ts" path="D:\Projects\asaq2\Crosswater\Crosswater_Portal\Portal\angularapp\app\testmocks\userserviceMock.ts">
          <metrics statements="2" coveredstatements="2" conditionals="0" coveredconditionals="0" methods="1" coveredmethods="1"/>
          <line num="3" count="2" type="stmt"/>
          <line num="5" count="2" type="stmt"/>
        </file>
      </package>
      <package name="app.welcome">
        <metrics statements="15" coveredstatements="13" conditionals="3" coveredconditionals="2" methods="6" coveredmethods="5"/>
        <file name="welcome.component.html" path="D:\Projects\asaq2\Crosswater\Crosswater_Portal\Portal\angularapp\app\welcome\welcome.component.html">
          <metrics statements="1" coveredstatements="1" conditionals="0" coveredconditionals="0" methods="0" coveredmethods="0"/>
          <line num="1" count="1" type="stmt"/>
        </file>
        <file name="welcome.component.ts" path="D:\Projects\asaq2\Crosswater\Crosswater_Portal\Portal\angularapp\app\welcome\welcome.component.ts">
          <metrics statements="14" coveredstatements="12" conditionals="3" coveredconditionals="2" methods="6" coveredmethods="5"/>
          <line num="1" count="1" type="stmt"/>
          <line num="2" count="1" type="stmt"/>
          <line num="3" count="1" type="stmt"/>
          <line num="10" count="1" type="stmt"/>
          <line num="12" count="1" type="cond" truecount="2" falsecount="1"/>
          <line num="16" count="1" type="stmt"/>
          <line num="17" count="1" type="stmt"/>
          <line num="19" count="1" type="stmt"/>
          <line num="21" count="1" type="stmt"/>
          <line num="22" count="0" type="stmt"/>
          <line num="23" count="0" type="stmt"/>
          <line num="26" count="1" type="stmt"/>
          <line num="27" count="14" type="stmt"/>
          <line num="29" count="1" type="stmt"/>
        </file>
      </package>
      <package name="common_components">
        <metrics statements="11" coveredstatements="11" conditionals="0" coveredconditionals="0" methods="1" coveredmethods="1"/>
        <file name="common.module.ts" path="D:\Projects\asaq2\Crosswater\Crosswater_Portal\Portal\angularapp\common_components\common.module.ts">
          <metrics statements="11" coveredstatements="11" conditionals="0" coveredconditionals="0" methods="1" coveredmethods="1"/>
          <line num="1" count="4" type="stmt"/>
          <line num="2" count="4" type="stmt"/>
          <line num="3" count="4" type="stmt"/>
          <line num="4" count="4" type="stmt"/>
          <line num="5" count="4" type="stmt"/>
          <line num="6" count="4" type="stmt"/>
          <line num="7" count="4" type="stmt"/>
          <line num="8" count="4" type="stmt"/>
          <line num="9" count="4" type="stmt"/>
          <line num="10" count="4" type="stmt"/>
          <line num="31" count="4" type="stmt"/>
        </file>
      </package>
      <package name="common_components.components">
        <metrics statements="2" coveredstatements="2" conditionals="0" coveredconditionals="0" methods="0" coveredmethods="0"/>
        <file name="index.ts" path="D:\Projects\asaq2\Crosswater\Crosswater_Portal\Portal\angularapp\common_components\components\index.ts">
          <metrics statements="2" coveredstatements="2" conditionals="0" coveredconditionals="0" methods="0" coveredmethods="0"/>
          <line num="1" count="4" type="stmt"/>
          <line num="2" count="4" type="stmt"/>
        </file>
      </package>
      <package name="common_components.components.grid">
        <metrics statements="238" coveredstatements="197" conditionals="120" coveredconditionals="70" methods="50" coveredmethods="39"/>
        <file name="formatPipe.ts" path="D:\Projects\asaq2\Crosswater\Crosswater_Portal\Portal\angularapp\common_components\components\grid\formatPipe.ts">
          <metrics statements="17" coveredstatements="12" conditionals="32" coveredconditionals="17" methods="3" coveredmethods="3"/>
          <line num="1" count="4" type="stmt"/>
          <line num="2" count="4" type="stmt"/>
          <line num="3" count="4" type="stmt"/>
          <line num="6" count="4" type="stmt"/>
          <line num="7" count="25" type="cond" truecount="10" falsecount="3"/>
          <line num="10" count="4" type="stmt"/>
          <line num="11" count="5" type="cond" truecount="2" falsecount="1"/>
          <line num="12" count="5" type="cond" truecount="2" falsecount="1"/>
          <line num="13" count="5" type="cond" truecount="2" falsecount="1"/>
          <line num="14" count="5" type="stmt"/>
          <line num="16" count="5" type="stmt"/>
          <line num="18" count="0" type="cond" truecount="0" falsecount="3"/>
          <line num="19" count="0" type="cond" truecount="0" falsecount="3"/>
          <line num="20" count="0" type="stmt"/>
          <line num="22" count="0" type="stmt"/>
          <line num="24" count="0" type="stmt"/>
          <line num="27" count="4" type="stmt"/>
        </file>
        <file name="grid.component.html" path="D:\Projects\asaq2\Crosswater\Crosswater_Portal\Portal\angularapp\common_components\components\grid\grid.component.html">
          <metrics statements="1" coveredstatements="1" conditionals="0" coveredconditionals="0" methods="0" coveredmethods="0"/>
          <line num="1" count="4" type="stmt"/>
        </file>
        <file name="grid.component.ts" path="D:\Projects\asaq2\Crosswater\Crosswater_Portal\Portal\angularapp\common_components\components\grid\grid.component.ts">
          <metrics statements="220" coveredstatements="184" conditionals="88" coveredconditionals="53" methods="47" coveredmethods="36"/>
          <line num="1" count="4" type="stmt"/>
          <line num="2" count="4" type="stmt"/>
          <line num="3" count="4" type="stmt"/>
          <line num="12" count="4" type="stmt"/>
          <line num="14" count="25" type="cond" truecount="6" falsecount="2"/>
          <line num="15" count="25" type="stmt"/>
          <line num="20" count="4" type="stmt"/>
          <line num="22" count="8" type="stmt"/>
          <line num="23" count="165" type="stmt"/>
          <line num="26" count="1" type="stmt"/>
          <line num="27" count="1" type="stmt"/>
          <line num="30" count="29" type="stmt"/>
          <line num="31" count="25" type="stmt"/>
          <line num="32" count="25" type="stmt"/>
          <line num="35" count="29" type="stmt"/>
          <line num="37" count="4" type="stmt"/>
          <line num="39" count="29" type="stmt"/>
          <line num="41" count="29" type="stmt"/>
          <line num="43" count="29" type="stmt"/>
          <line num="45" count="29" type="stmt"/>
          <line num="47" count="4" type="stmt"/>
          <line num="48" count="25" type="stmt"/>
          <line num="49" count="25" type="stmt"/>
          <line num="51" count="25" type="stmt"/>
          <line num="55" count="4" type="stmt"/>
          <line num="56" count="1" type="stmt"/>
          <line num="59" count="4" type="stmt"/>
          <line num="60" count="3" type="cond" truecount="1" falsecount="1"/>
          <line num="61" count="3" type="cond" truecount="4" falsecount="0"/>
          <line num="62" count="2" type="stmt"/>
          <line num="64" count="3" type="cond" truecount="4" falsecount="0"/>
          <line num="65" count="1" type="stmt"/>
          <line num="68" count="0" type="stmt"/>
          <line num="73" count="4" type="stmt"/>
          <line num="74" count="5" type="cond" truecount="2" falsecount="0"/>
          <line num="75" count="3" type="stmt"/>
          <line num="76" count="3" type="cond" truecount="2" falsecount="0"/>
          <line num="77" count="2" type="stmt"/>
          <line num="80" count="3" type="stmt"/>
          <line num="83" count="4" type="stmt"/>
          <line num="85" count="10" type="cond" truecount="1" falsecount="1"/>
          <line num="86" count="10" type="stmt"/>
          <line num="87" count="10" type="stmt"/>
          <line num="88" count="10" type="stmt"/>
          <line num="89" count="0" type="stmt"/>
          <line num="91" count="10" type="stmt"/>
          <line num="93" count="0" type="stmt"/>
          <line num="96" count="4" type="stmt"/>
          <line num="97" count="8" type="cond" truecount="1" falsecount="1"/>
          <line num="100" count="4" type="stmt"/>
          <line num="101" count="0" type="cond" truecount="0" falsecount="2"/>
          <line num="102" count="0" type="stmt"/>
          <line num="104" count="0" type="stmt"/>
          <line num="105" count="0" type="cond" truecount="0" falsecount="4"/>
          <line num="106" count="0" type="stmt"/>
          <line num="108" count="0" type="stmt"/>
          <line num="109" count="0" type="stmt"/>
          <line num="112" count="0" type="stmt"/>
          <line num="115" count="4" type="stmt"/>
          <line num="116" count="0" type="cond" truecount="0" falsecount="2"/>
          <line num="119" count="4" type="stmt"/>
          <line num="120" count="24" type="cond" truecount="1" falsecount="1"/>
          <line num="121" count="24" type="stmt"/>
          <line num="123" count="0" type="stmt"/>
          <line num="126" count="4" type="stmt"/>
          <line num="127" count="0" type="cond" truecount="0" falsecount="2"/>
          <line num="128" count="0" type="stmt"/>
          <line num="130" count="0" type="stmt"/>
          <line num="133" count="4" type="stmt"/>
          <line num="134" count="0" type="cond" truecount="0" falsecount="2"/>
          <line num="135" count="0" type="stmt"/>
          <line num="137" count="0" type="stmt"/>
          <line num="140" count="4" type="stmt"/>
          <line num="141" count="56" type="cond" truecount="1" falsecount="1"/>
          <line num="142" count="0" type="stmt"/>
          <line num="144" count="56" type="stmt"/>
          <line num="147" count="4" type="stmt"/>
          <line num="148" count="0" type="stmt"/>
          <line num="151" count="4" type="stmt"/>
          <line num="152" count="0" type="stmt"/>
          <line num="155" count="4" type="stmt"/>
          <line num="156" count="1" type="stmt"/>
          <line num="157" count="1" type="stmt"/>
          <line num="158" count="2" type="cond" truecount="1" falsecount="1"/>
          <line num="159" count="2" type="stmt"/>
          <line num="162" count="1" type="stmt"/>
          <line num="165" count="4" type="stmt"/>
          <line num="166" count="0" type="cond" truecount="0" falsecount="2"/>
          <line num="167" count="0" type="stmt"/>
          <line num="171" count="4" type="stmt"/>
          <line num="172" count="0" type="cond" truecount="0" falsecount="2"/>
          <line num="173" count="0" type="stmt"/>
          <line num="177" count="4" type="stmt"/>
          <line num="179" count="4" type="stmt"/>
          <line num="181" count="69" type="stmt"/>
          <line num="182" count="69" type="stmt"/>
          <line num="191" count="69" type="stmt"/>
          <line num="192" count="69" type="cond" truecount="1" falsecount="1"/>
          <line num="193" count="0" type="stmt"/>
          <line num="195" count="69" type="cond" truecount="1" falsecount="1"/>
          <line num="196" count="0" type="stmt"/>
          <line num="198" count="69" type="cond" truecount="1" falsecount="1"/>
          <line num="199" count="0" type="stmt"/>
          <line num="203" count="4" type="stmt"/>
          <line num="204" count="83" type="stmt"/>
          <line num="206" count="4" type="stmt"/>
          <line num="208" count="4" type="stmt"/>
          <line num="223" count="362" type="stmt"/>
          <line num="224" count="362" type="stmt"/>
          <line num="225" count="362" type="stmt"/>
          <line num="241" count="362" type="stmt"/>
          <line num="242" count="362" type="stmt"/>
          <line num="243" count="362" type="stmt"/>
          <line num="244" count="362" type="cond" truecount="2" falsecount="0"/>
          <line num="245" count="333" type="stmt"/>
          <line num="247" count="29" type="stmt"/>
          <line num="249" count="362" type="stmt"/>
          <line num="250" count="362" type="stmt"/>
          <line num="251" count="362" type="cond" truecount="2" falsecount="0"/>
          <line num="252" count="52" type="stmt"/>
          <line num="254" count="362" type="stmt"/>
          <line num="255" count="362" type="stmt"/>
          <line num="256" count="362" type="stmt"/>
          <line num="257" count="362" type="stmt"/>
          <line num="258" count="362" type="cond" truecount="2" falsecount="0"/>
          <line num="259" count="277" type="stmt"/>
          <line num="261" count="362" type="stmt"/>
          <line num="262" count="362" type="stmt"/>
          <line num="263" count="362" type="stmt"/>
          <line num="264" count="362" type="cond" truecount="2" falsecount="0"/>
          <line num="265" count="77" type="stmt"/>
          <line num="268" count="362" type="cond" truecount="2" falsecount="0"/>
          <line num="269" count="329" type="stmt"/>
          <line num="271" count="362" type="stmt"/>
          <line num="272" count="362" type="cond" truecount="1" falsecount="1"/>
          <line num="273" count="0" type="stmt"/>
          <line num="275" count="362" type="stmt"/>
          <line num="276" count="362" type="stmt"/>
          <line num="277" count="362" type="stmt"/>
          <line num="278" count="362" type="stmt"/>
          <line num="281" count="4" type="stmt"/>
          <line num="283" count="4" type="stmt"/>
          <line num="288" count="155" type="stmt"/>
          <line num="291" count="155" type="stmt"/>
          <line num="292" count="155" type="stmt"/>
          <line num="293" count="155" type="stmt"/>
          <line num="294" count="155" type="stmt"/>
          <line num="295" count="155" type="cond" truecount="2" falsecount="0"/>
          <line num="296" count="20" type="stmt"/>
          <line num="299" count="4" type="stmt"/>
          <line num="301" count="4" type="stmt"/>
          <line num="302" count="0" type="stmt"/>
          <line num="303" count="0" type="stmt"/>
          <line num="306" count="0" type="cond" truecount="0" falsecount="2"/>
          <line num="307" count="0" type="stmt"/>
          <line num="308" count="0" type="cond" truecount="0" falsecount="2"/>
          <line num="309" count="0" type="stmt"/>
          <line num="312" count="4" type="stmt"/>
          <line num="314" count="4" type="stmt"/>
          <line num="320" count="5" type="stmt"/>
          <line num="321" count="5" type="stmt"/>
          <line num="322" count="5" type="stmt"/>
          <line num="324" count="4" type="stmt"/>
          <line num="326" count="4" type="stmt"/>
          <line num="329" count="4" type="stmt"/>
          <line num="331" count="4" type="cond" truecount="2" falsecount="0"/>
          <line num="332" count="4" type="stmt"/>
          <line num="333" count="4" type="stmt"/>
          <line num="334" count="4" type="stmt"/>
          <line num="335" count="4" type="stmt"/>
          <line num="336" count="4" type="stmt"/>
          <line num="337" count="4" type="stmt"/>
          <line num="340" count="4" type="cond" truecount="2" falsecount="0"/>
          <line num="341" count="4" type="stmt"/>
          <line num="342" count="4" type="stmt"/>
          <line num="343" count="4" type="stmt"/>
          <line num="344" count="4" type="stmt"/>
          <line num="347" count="4" type="cond" truecount="2" falsecount="0"/>
          <line num="348" count="4" type="stmt"/>
          <line num="349" count="4" type="stmt"/>
          <line num="352" count="4" type="stmt"/>
          <line num="357" count="4" type="stmt"/>
          <line num="358" count="4" type="stmt"/>
          <line num="360" count="4" type="stmt"/>
          <line num="362" count="4" type="cond" truecount="2" falsecount="0"/>
          <line num="363" count="4" type="stmt"/>
          <line num="364" count="4" type="stmt"/>
          <line num="365" count="4" type="stmt"/>
          <line num="368" count="4" type="cond" truecount="2" falsecount="0"/>
          <line num="369" count="4" type="stmt"/>
          <line num="370" count="4" type="stmt"/>
          <line num="371" count="4" type="stmt"/>
          <line num="372" count="4" type="stmt"/>
          <line num="373" count="4" type="stmt"/>
          <line num="374" count="4" type="stmt"/>
          <line num="377" count="4" type="stmt"/>
          <line num="380" count="13" type="stmt"/>
          <line num="382" count="13" type="stmt"/>
          <line num="386" count="13" type="stmt"/>
          <line num="387" count="13" type="stmt"/>
          <line num="388" count="13" type="stmt"/>
          <line num="389" count="13" type="stmt"/>
          <line num="390" count="13" type="stmt"/>
          <line num="391" count="13" type="stmt"/>
          <line num="393" count="4" type="stmt"/>
          <line num="395" count="4" type="stmt"/>
          <line num="397" count="7" type="stmt"/>
          <line num="398" count="7" type="stmt"/>
          <line num="399" count="7" type="stmt"/>
          <line num="400" count="7" type="stmt"/>
          <line num="401" count="7" type="stmt"/>
          <line num="403" count="7" type="cond" truecount="1" falsecount="1"/>
          <line num="404" count="7" type="cond" truecount="2" falsecount="2"/>
          <line num="405" count="7" type="stmt"/>
          <line num="406" count="7" type="stmt"/>
          <line num="407" count="7" type="stmt"/>
          <line num="408" count="7" type="stmt"/>
          <line num="409" count="7" type="stmt"/>
          <line num="410" count="7" type="stmt"/>
          <line num="412" count="4" type="stmt"/>
        </file>
      </package>
      <package name="common_components.components.grid.customcolumn">
        <metrics statements="16" coveredstatements="9" conditionals="16" coveredconditionals="12" methods="3" coveredmethods="1"/>
        <file name="customcolumn.component.html" path="D:\Projects\asaq2\Crosswater\Crosswater_Portal\Portal\angularapp\common_components\components\grid\customcolumn\customcolumn.component.html">
          <metrics statements="1" coveredstatements="1" conditionals="0" coveredconditionals="0" methods="0" coveredmethods="0"/>
          <line num="1" count="4" type="stmt"/>
        </file>
        <file name="customcolumn.component.ts" path="D:\Projects\asaq2\Crosswater\Crosswater_Portal\Portal\angularapp\common_components\components\grid\customcolumn\customcolumn.component.ts">
          <metrics statements="15" coveredstatements="8" conditionals="16" coveredconditionals="12" methods="3" coveredmethods="1"/>
          <line num="1" count="4" type="stmt"/>
          <line num="3" count="4" type="stmt"/>
          <line num="10" count="4" type="stmt"/>
          <line num="12" count="0" type="cond" truecount="6" falsecount="2"/>
          <line num="13" count="0" type="cond" truecount="4" falsecount="1"/>
          <line num="14" count="0" type="stmt"/>
          <line num="17" count="4" type="stmt"/>
          <line num="19" count="4" type="cond" truecount="2" falsecount="1"/>
          <line num="22" count="4" type="stmt"/>
          <line num="24" count="4" type="stmt"/>
          <line num="25" count="0" type="stmt"/>
          <line num="26" count="0" type="stmt"/>
          <line num="27" count="0" type="stmt"/>
          <line num="28" count="0" type="stmt"/>
          <line num="31" count="4" type="stmt"/>
        </file>
      </package>
      <package name="common_components.components.multipleCheckbox">
        <metrics statements="8" coveredstatements="8" conditionals="0" coveredconditionals="0" methods="2" coveredmethods="2"/>
        <file name="multipleCheckbox.html" path="D:\Projects\asaq2\Crosswater\Crosswater_Portal\Portal\angularapp\common_components\components\multipleCheckbox\multipleCheckbox.html">
          <metrics statements="1" coveredstatements="1" conditionals="0" coveredconditionals="0" methods="0" coveredmethods="0"/>
          <line num="1" count="5" type="stmt"/>
        </file>
        <file name="multipleCheckbox.ts" path="D:\Projects\asaq2\Crosswater\Crosswater_Portal\Portal\angularapp\common_components\components\multipleCheckbox\multipleCheckbox.ts">
          <metrics statements="7" coveredstatements="7" conditionals="0" coveredconditionals="0" methods="2" coveredmethods="2"/>
          <line num="1" count="5" type="stmt"/>
          <line num="8" count="5" type="stmt"/>
          <line num="10" count="6" type="stmt"/>
          <line num="12" count="6" type="stmt"/>
          <line num="14" count="6" type="stmt"/>
          <line num="17" count="6" type="stmt"/>
          <line num="18" count="5" type="stmt"/>
        </file>
      </package>
      <package name="common_components.services">
        <metrics statements="8" coveredstatements="7" conditionals="0" coveredconditionals="0" methods="6" coveredmethods="3"/>
        <file name="block-ui.service.ts" path="D:\Projects\asaq2\Crosswater\Crosswater_Portal\Portal\angularapp\common_components\services\block-ui.service.ts">
          <metrics statements="8" coveredstatements="7" conditionals="0" coveredconditionals="0" methods="6" coveredmethods="3"/>
          <line num="1" count="13" type="stmt"/>
          <line num="4" count="13" type="stmt"/>
          <line num="9" count="6" type="stmt"/>
          <line num="12" count="13" type="stmt"/>
          <line num="14" count="1" type="stmt"/>
          <line num="17" count="13" type="stmt"/>
          <line num="18" count="0" type="stmt"/>
          <line num="20" count="13" type="stmt"/>
        </file>
      </package>
      <package name="cw-flex.services">
        <metrics statements="24" coveredstatements="20" conditionals="9" coveredconditionals="8" methods="8" coveredmethods="6"/>
        <file name="common.service.ts" path="D:\Projects\asaq2\Crosswater\Crosswater_Portal\Portal\angularapp\cw-flex\services\common.service.ts">
          <metrics statements="14" coveredstatements="12" conditionals="9" coveredconditionals="8" methods="4" coveredmethods="3"/>
          <line num="1" count="8" type="stmt"/>
          <line num="3" count="8" type="stmt"/>
          <line num="6" count="8" type="stmt"/>
          <line num="11" count="8" type="stmt"/>
          <line num="12" count="6" type="cond" truecount="5" falsecount="0"/>
          <line num="13" count="1" type="stmt"/>
          <line num="15" count="5" type="cond" truecount="2" falsecount="0"/>
          <line num="16" count="4" type="stmt"/>
          <line num="18" count="1" type="cond" truecount="1" falsecount="1"/>
          <line num="19" count="1" type="stmt"/>
          <line num="21" count="0" type="stmt"/>
          <line num="24" count="8" type="stmt"/>
          <line num="25" count="0" type="stmt"/>
          <line num="28" count="8" type="stmt"/>
        </file>
        <file name="menu.service.ts" path="D:\Projects\asaq2\Crosswater\Crosswater_Portal\Portal\angularapp\cw-flex\services\menu.service.ts">
          <metrics statements="10" coveredstatements="8" conditionals="0" coveredconditionals="0" methods="4" coveredmethods="3"/>
          <line num="1" count="1" type="stmt"/>
          <line num="3" count="1" type="stmt"/>
          <line num="8" count="1" type="stmt"/>
          <line num="11" count="1" type="stmt"/>
          <line num="14" count="1" type="stmt"/>
          <line num="15" count="1" type="stmt"/>
          <line num="19" count="1" type="stmt"/>
          <line num="20" count="0" type="stmt"/>
          <line num="21" count="0" type="stmt"/>
          <line num="23" count="1" type="stmt"/>
        </file>
      </package>
      <package name="cw-flex.users">
        <metrics statements="2" coveredstatements="2" conditionals="0" coveredconditionals="0" methods="1" coveredmethods="1"/>
        <file name="user-api.ts" path="D:\Projects\asaq2\Crosswater\Crosswater_Portal\Portal\angularapp\cw-flex\users\user-api.ts">
          <metrics statements="2" coveredstatements="2" conditionals="0" coveredconditionals="0" methods="1" coveredmethods="1"/>
          <line num="3" count="1" type="stmt"/>
          <line num="13" count="1" type="stmt"/>
        </file>
      </package>
      <package name="cw-flex.users.forgot-password">
        <metrics statements="24" coveredstatements="15" conditionals="13" coveredconditionals="10" methods="8" coveredmethods="3"/>
        <file name="forgot-password.component.html" path="D:\Projects\asaq2\Crosswater\Crosswater_Portal\Portal\angularapp\cw-flex\users\forgot-password\forgot-password.component.html">
          <metrics statements="1" coveredstatements="1" conditionals="0" coveredconditionals="0" methods="0" coveredmethods="0"/>
          <line num="1" count="1" type="stmt"/>
        </file>
        <file name="forgot-password.component.ts" path="D:\Projects\asaq2\Crosswater\Crosswater_Portal\Portal\angularapp\cw-flex\users\forgot-password\forgot-password.component.ts">
          <metrics statements="23" coveredstatements="14" conditionals="13" coveredconditionals="10" methods="8" coveredmethods="3"/>
          <line num="1" count="1" type="stmt"/>
          <line num="2" count="1" type="stmt"/>
          <line num="3" count="1" type="stmt"/>
          <line num="4" count="1" type="stmt"/>
          <line num="11" count="1" type="stmt"/>
          <line num="13" count="1" type="cond" truecount="10" falsecount="3"/>
          <line num="14" count="1" type="stmt"/>
          <line num="18" count="1" type="stmt"/>
          <line num="19" count="1" type="stmt"/>
          <line num="20" count="1" type="stmt"/>
          <line num="22" count="1" type="stmt"/>
          <line num="25" count="1" type="stmt"/>
          <line num="26" count="0" type="stmt"/>
          <line num="27" count="0" type="stmt"/>
          <line num="28" count="0" type="stmt"/>
          <line num="29" count="0" type="stmt"/>
          <line num="30" count="0" type="stmt"/>
          <line num="31" count="0" type="stmt"/>
          <line num="35" count="0" type="stmt"/>
          <line num="36" count="0" type="stmt"/>
          <line num="40" count="1" type="stmt"/>
          <line num="41" count="0" type="stmt"/>
          <line num="44" count="1" type="stmt"/>
        </file>
      </package>
    </metrics>
  </project>
</coverage>
