{"D:\\Projects\\asaq2\\Crosswater\\Crosswater_Portal\\Portal\\angularapp\\app\\app.component.html": {"path":"D:\\Projects\\asaq2\\Crosswater\\Crosswater_Portal\\Portal\\angularapp\\app\\app.component.html","statementMap":{"0":{"start":{"line":1,"column":0},"end":{"line":1,"column":184}}},"fnMap":{},"branchMap":{},"s":{"0":1},"f":{},"b":{},"_coverageSchema":"332fd63041d2c1bcb487cc26dd0d5f7d97098a6c","hash":"21838c2fe914a74bcda6d213bb3d713a4c912555"}
,"D:\\Projects\\asaq2\\Crosswater\\Crosswater_Portal\\Portal\\angularapp\\app\\app.component.ts": {"path":"D:\\Projects\\asaq2\\Crosswater\\Crosswater_Portal\\Portal\\angularapp\\app\\app.component.ts","statementMap":{"0":{"start":{"line":1,"column":0},"end":{"line":1,"column":49}},"1":{"start":{"line":4,"column":0},"end":{"line":4,"column":53}},"2":{"start":{"line":5,"column":0},"end":{"line":5,"column":62}},"3":{"start":{"line":12,"column":0},"end":{"line":30,"column":0}},"4":{"start":{"line":20,"column":2},"end":{"line":23,"column":2}},"5":{"start":{"line":20,"column":22},"end":{"line":20,"column":46}},"6":{"start":{"line":21,"column":10},"end":{"line":21,"column":34}},"7":{"start":{"line":22,"column":4},"end":{"line":22,"column":67}},"8":{"start":{"line":22,"column":49},"end":{"line":22,"column":65}},"9":{"start":{"line":14,"column":2},"end":{"line":18,"column":3}},"10":{"start":{"line":15,"column":4},"end":{"line":17,"column":5}},"11":{"start":{"line":16,"column":6},"end":{"line":16,"column":23}},"12":{"start":{"line":25,"column":2},"end":{"line":27,"column":3}},"13":{"start":{"line":26,"column":4},"end":{"line":26,"column":61}},"14":{"start":{"line":12,"column":13},"end":{"line":30,"column":1}},"15":{"start":{"line":30,"column":0},"end":{"line":30,"column":1}},"16":{"start":{"line":12,"column":13},"end":{"line":12,"column":25}}},"fnMap":{"0":{"name":"(anonymous_2)","decl":{"start":{"line":12,"column":0},"end":{"line":null,"column":-1}},"loc":{"start":{"line":12,"column":0},"end":{"line":12,"column":-1}}},"1":{"name":"AppComponent","decl":{"start":{"line":20,"column":2},"end":{"line":20,"column":21}},"loc":{"start":{"line":21,"column":34},"end":{"line":23,"column":3}}},"2":{"name":"(anonymous_4)","decl":{"start":{"line":22,"column":44},"end":{"line":22,"column":43}},"loc":{"start":{"line":22,"column":45},"end":{"line":22,"column":65}}},"3":{"name":"(anonymous_5)","decl":{"start":{"line":14,"column":2},"end":{"line":null,"column":-1}},"loc":{"start":{"line":14,"column":2},"end":{"line":18,"column":3}}},"4":{"name":"(anonymous_6)","decl":{"start":{"line":25,"column":2},"end":{"line":null,"column":-1}},"loc":{"start":{"line":25,"column":2},"end":{"line":27,"column":3}}}},"branchMap":{"0":{"loc":{"start":{"line":15,"column":4},"end":{"line":17,"column":5}},"type":"if","locations":[{"start":{"line":15,"column":4},"end":{"line":17,"column":5}},{"start":{"line":15,"column":4},"end":{"line":17,"column":5}}]},"1":{"loc":{"start":{"line":20,"column":46},"end":{"line":21,"column":22}},"type":"binary-expr","locations":[{"start":{"line":20,"column":46},"end":{"line":21,"column":22}},{"start":{"line":20,"column":46},"end":{"line":21,"column":22}}]},"2":{"loc":{"start":{"line":20,"column":35},"end":{"line":20,"column":46}},"type":"binary-expr","locations":[{"start":{"line":20,"column":35},"end":{"line":20,"column":46}}]},"3":{"loc":{"start":{"line":20,"column":46},"end":{"line":21,"column":34}},"type":"binary-expr","locations":[{"start":{"line":20,"column":46},"end":{"line":21,"column":34}},{"start":{"line":21,"column":34},"end":{"line":null,"column":-1}},{"start":{"line":21,"column":34},"end":{"line":null,"column":-1}}]},"4":{"loc":{"start":{"line":20,"column":46},"end":{"line":21,"column":34}},"type":"binary-expr","locations":[{"start":{"line":20,"column":46},"end":{"line":21,"column":34}},{"start":{"line":21,"column":23},"end":{"line":21,"column":34}}]}},"s":{"0":1,"1":1,"2":1,"3":1,"4":1,"5":1,"6":1,"7":1,"8":0,"9":1,"10":0,"11":0,"12":1,"13":0,"14":1,"15":1,"16":1},"f":{"0":1,"1":1,"2":0,"3":0,"4":0},"b":{"0":[0,0],"1":[1,0],"2":[1],"3":[1,1,0],"4":[1,1]}}
,"D:\\Projects\\asaq2\\Crosswater\\Crosswater_Portal\\Portal\\angularapp\\app\\app.menu.ts": {"path":"D:\\Projects\\asaq2\\Crosswater\\Crosswater_Portal\\Portal\\angularapp\\app\\app.menu.ts","statementMap":{"0":{"start":{"line":2,"column":0},"end":{"line":2,"column":54}},"1":{"start":{"line":4,"column":11},"end":{"line":26,"column":2}}},"fnMap":{},"branchMap":{},"s":{"0":8,"1":8},"f":{},"b":{}}
,"D:\\Projects\\asaq2\\Crosswater\\Crosswater_Portal\\Portal\\angularapp\\app\\domainclasses.ts": {"path":"D:\\Projects\\asaq2\\Crosswater\\Crosswater_Portal\\Portal\\angularapp\\app\\domainclasses.ts","statementMap":{"0":{"start":{"line":2,"column":0},"end":{"line":8,"column":0}},"1":{"start":{"line":8,"column":0},"end":{"line":8,"column":1}},"2":{"start":{"line":2,"column":13},"end":{"line":2,"column":20}},"3":{"start":{"line":10,"column":0},"end":{"line":24,"column":0}},"4":{"start":{"line":24,"column":0},"end":{"line":24,"column":1}},"5":{"start":{"line":10,"column":13},"end":{"line":10,"column":21}},"6":{"start":{"line":26,"column":0},"end":{"line":52,"column":0}},"7":{"start":{"line":50,"column":8},"end":{"line":50,"column":39}},"8":{"start":{"line":52,"column":0},"end":{"line":52,"column":1}},"9":{"start":{"line":26,"column":13},"end":{"line":26,"column":17}},"10":{"start":{"line":54,"column":0},"end":{"line":65,"column":0}},"11":{"start":{"line":61,"column":8},"end":{"line":61,"column":21}},"12":{"start":{"line":62,"column":8},"end":{"line":62,"column":25}},"13":{"start":{"line":63,"column":8},"end":{"line":63,"column":39}},"14":{"start":{"line":65,"column":0},"end":{"line":65,"column":1}},"15":{"start":{"line":54,"column":13},"end":{"line":54,"column":17}},"16":{"start":{"line":68,"column":0},"end":{"line":80,"column":0}},"17":{"start":{"line":80,"column":0},"end":{"line":80,"column":1}},"18":{"start":{"line":68,"column":13},"end":{"line":68,"column":20}},"19":{"start":{"line":82,"column":0},"end":{"line":86,"column":1}},"20":{"start":{"line":83,"column":4},"end":{"line":83,"column":12}},"21":{"start":{"line":84,"column":4},"end":{"line":84,"column":19}},"22":{"start":{"line":85,"column":4},"end":{"line":85,"column":13}},"23":{"start":{"line":88,"column":0},"end":{"line":109,"column":0}},"24":{"start":{"line":109,"column":0},"end":{"line":109,"column":1}},"25":{"start":{"line":88,"column":13},"end":{"line":88,"column":18}},"26":{"start":{"line":111,"column":0},"end":{"line":116,"column":0}},"27":{"start":{"line":116,"column":0},"end":{"line":116,"column":1}},"28":{"start":{"line":111,"column":13},"end":{"line":111,"column":24}},"29":{"start":{"line":118,"column":0},"end":{"line":128,"column":1}},"30":{"start":{"line":119,"column":4},"end":{"line":119,"column":13}},"31":{"start":{"line":120,"column":4},"end":{"line":120,"column":13}},"32":{"start":{"line":121,"column":4},"end":{"line":121,"column":17}},"33":{"start":{"line":122,"column":4},"end":{"line":122,"column":17}},"34":{"start":{"line":129,"column":0},"end":{"line":133,"column":0}},"35":{"start":{"line":133,"column":0},"end":{"line":133,"column":1}},"36":{"start":{"line":129,"column":13},"end":{"line":129,"column":23}},"37":{"start":{"line":135,"column":0},"end":{"line":142,"column":0}},"38":{"start":{"line":142,"column":0},"end":{"line":142,"column":1}},"39":{"start":{"line":135,"column":13},"end":{"line":135,"column":22}},"40":{"start":{"line":144,"column":0},"end":{"line":147,"column":0}},"41":{"start":{"line":147,"column":0},"end":{"line":147,"column":1}},"42":{"start":{"line":144,"column":13},"end":{"line":144,"column":20}},"43":{"start":{"line":148,"column":0},"end":{"line":154,"column":0}},"44":{"start":{"line":154,"column":0},"end":{"line":154,"column":1}},"45":{"start":{"line":148,"column":13},"end":{"line":148,"column":29}},"46":{"start":{"line":155,"column":0},"end":{"line":165,"column":0}},"47":{"start":{"line":161,"column":8},"end":{"line":161,"column":21}},"48":{"start":{"line":162,"column":8},"end":{"line":162,"column":25}},"49":{"start":{"line":163,"column":8},"end":{"line":163,"column":33}},"50":{"start":{"line":165,"column":0},"end":{"line":165,"column":1}},"51":{"start":{"line":155,"column":13},"end":{"line":155,"column":23}},"52":{"start":{"line":167,"column":0},"end":{"line":175,"column":1}},"53":{"start":{"line":168,"column":4},"end":{"line":168,"column":26}},"54":{"start":{"line":169,"column":4},"end":{"line":169,"column":33}},"55":{"start":{"line":170,"column":4},"end":{"line":170,"column":26}},"56":{"start":{"line":171,"column":4},"end":{"line":171,"column":24}},"57":{"start":{"line":172,"column":4},"end":{"line":172,"column":23}},"58":{"start":{"line":173,"column":4},"end":{"line":173,"column":30}},"59":{"start":{"line":174,"column":4},"end":{"line":174,"column":30}}},"fnMap":{"0":{"name":"(anonymous_0)","decl":{"start":{"line":2,"column":0},"end":{"line":null,"column":-1}},"loc":{"start":{"line":2,"column":0},"end":{"line":2,"column":-1}}},"1":{"name":"(anonymous_2)","decl":{"start":{"line":10,"column":0},"end":{"line":null,"column":-1}},"loc":{"start":{"line":10,"column":0},"end":{"line":10,"column":-1}}},"2":{"name":"(anonymous_4)","decl":{"start":{"line":26,"column":0},"end":{"line":null,"column":-1}},"loc":{"start":{"line":26,"column":0},"end":{"line":26,"column":-1}}},"3":{"name":"User","decl":{"start":{"line":49,"column":4},"end":{"line":null,"column":-1}},"loc":{"start":{"line":49,"column":4},"end":{"line":51,"column":5}}},"4":{"name":"(anonymous_6)","decl":{"start":{"line":54,"column":0},"end":{"line":null,"column":-1}},"loc":{"start":{"line":54,"column":0},"end":{"line":54,"column":-1}}},"5":{"name":"Role","decl":{"start":{"line":60,"column":4},"end":{"line":60,"column":15}},"loc":{"start":{"line":60,"column":69},"end":{"line":64,"column":5}}},"6":{"name":"(anonymous_8)","decl":{"start":{"line":68,"column":0},"end":{"line":null,"column":-1}},"loc":{"start":{"line":68,"column":0},"end":{"line":68,"column":-1}}},"7":{"name":"(anonymous_10)","decl":{"start":{"line":82,"column":0},"end":{"line":82,"column":11}},"loc":{"start":{"line":82,"column":18},"end":{"line":86,"column":1}}},"8":{"name":"(anonymous_11)","decl":{"start":{"line":88,"column":0},"end":{"line":null,"column":-1}},"loc":{"start":{"line":88,"column":0},"end":{"line":88,"column":-1}}},"9":{"name":"(anonymous_13)","decl":{"start":{"line":111,"column":0},"end":{"line":null,"column":-1}},"loc":{"start":{"line":111,"column":0},"end":{"line":111,"column":-1}}},"10":{"name":"(anonymous_15)","decl":{"start":{"line":118,"column":0},"end":{"line":118,"column":12}},"loc":{"start":{"line":118,"column":24},"end":{"line":128,"column":1}}},"11":{"name":"(anonymous_16)","decl":{"start":{"line":129,"column":0},"end":{"line":null,"column":-1}},"loc":{"start":{"line":129,"column":0},"end":{"line":129,"column":-1}}},"12":{"name":"(anonymous_18)","decl":{"start":{"line":135,"column":0},"end":{"line":null,"column":-1}},"loc":{"start":{"line":135,"column":0},"end":{"line":135,"column":-1}}},"13":{"name":"(anonymous_20)","decl":{"start":{"line":144,"column":0},"end":{"line":null,"column":-1}},"loc":{"start":{"line":144,"column":0},"end":{"line":144,"column":-1}}},"14":{"name":"(anonymous_22)","decl":{"start":{"line":148,"column":0},"end":{"line":null,"column":-1}},"loc":{"start":{"line":148,"column":0},"end":{"line":148,"column":-1}}},"15":{"name":"(anonymous_24)","decl":{"start":{"line":155,"column":0},"end":{"line":null,"column":-1}},"loc":{"start":{"line":155,"column":0},"end":{"line":155,"column":-1}}},"16":{"name":"Permission","decl":{"start":{"line":160,"column":4},"end":{"line":160,"column":15}},"loc":{"start":{"line":160,"column":62},"end":{"line":164,"column":5}}},"17":{"name":"(anonymous_26)","decl":{"start":{"line":167,"column":0},"end":{"line":167,"column":11}},"loc":{"start":{"line":167,"column":24},"end":{"line":175,"column":1}}}},"branchMap":{"0":{"loc":{"start":{"line":82,"column":12},"end":{"line":82,"column":18}},"type":"binary-expr","locations":[{"start":{"line":82,"column":12},"end":{"line":82,"column":18}},{"start":{"line":82,"column":12},"end":{"line":82,"column":18}}]},"1":{"loc":{"start":{"line":118,"column":13},"end":{"line":118,"column":24}},"type":"binary-expr","locations":[{"start":{"line":118,"column":13},"end":{"line":118,"column":24}},{"start":{"line":118,"column":13},"end":{"line":118,"column":24}}]},"2":{"loc":{"start":{"line":167,"column":12},"end":{"line":167,"column":24}},"type":"binary-expr","locations":[{"start":{"line":167,"column":12},"end":{"line":167,"column":24}},{"start":{"line":167,"column":12},"end":{"line":167,"column":24}}]}},"s":{"0":9,"1":9,"2":9,"3":9,"4":9,"5":9,"6":9,"7":78,"8":9,"9":9,"10":9,"11":31,"12":31,"13":31,"14":9,"15":9,"16":9,"17":9,"18":9,"19":9,"20":9,"21":9,"22":9,"23":9,"24":9,"25":9,"26":9,"27":9,"28":9,"29":9,"30":9,"31":9,"32":9,"33":9,"34":9,"35":9,"36":9,"37":9,"38":9,"39":9,"40":9,"41":9,"42":9,"43":9,"44":9,"45":9,"46":9,"47":11,"48":11,"49":11,"50":9,"51":9,"52":9,"53":9,"54":9,"55":9,"56":9,"57":9,"58":9,"59":9},"f":{"0":9,"1":91,"2":9,"3":78,"4":9,"5":31,"6":16,"7":9,"8":10,"9":9,"10":9,"11":9,"12":9,"13":9,"14":9,"15":9,"16":11,"17":9},"b":{"0":[9,9],"1":[9,9],"2":[9,9]}}
,"D:\\Projects\\asaq2\\Crosswater\\Crosswater_Portal\\Portal\\angularapp\\app\\jestGlobalMocks.ts": {"path":"D:\\Projects\\asaq2\\Crosswater\\Crosswater_Portal\\Portal\\angularapp\\app\\jestGlobalMocks.ts","statementMap":{"0":{"start":{"line":4,"column":13},"end":{"line":12,"column":1}},"1":{"start":{"line":5,"column":16},"end":{"line":5,"column":18}},"2":{"start":{"line":6,"column":2},"end":{"line":11,"column":4}},"3":{"start":{"line":7,"column":20},"end":{"line":7,"column":56}},"4":{"start":{"line":8,"column":29},"end":{"line":8,"column":55}},"5":{"start":{"line":9,"column":23},"end":{"line":9,"column":42}},"6":{"start":{"line":10,"column":17},"end":{"line":10,"column":29}},"7":{"start":{"line":14,"column":0},"end":{"line":14,"column":63}},"8":{"start":{"line":15,"column":0},"end":{"line":15,"column":65}},"9":{"start":{"line":16,"column":0},"end":{"line":18,"column":3}},"10":{"start":{"line":19,"column":0},"end":{"line":26,"column":3}},"11":{"start":{"line":21,"column":4},"end":{"line":24,"column":6}},"12":{"start":{"line":31,"column":0},"end":{"line":38,"column":3}},"13":{"start":{"line":33,"column":4},"end":{"line":36,"column":6}}},"fnMap":{"0":{"name":"(anonymous_0)","decl":{"start":{"line":4,"column":13},"end":{"line":null,"column":-1}},"loc":{"start":{"line":4,"column":13},"end":{"line":12,"column":1}}},"1":{"name":"(anonymous_1)","decl":{"start":{"line":7,"column":13},"end":{"line":7,"column":12}},"loc":{"start":{"line":7,"column":16},"end":{"line":7,"column":56}}},"2":{"name":"(anonymous_2)","decl":{"start":{"line":8,"column":13},"end":{"line":8,"column":13}},"loc":{"start":{"line":8,"column":24},"end":{"line":8,"column":55}}},"3":{"name":"(anonymous_3)","decl":{"start":{"line":9,"column":16},"end":{"line":9,"column":15}},"loc":{"start":{"line":9,"column":19},"end":{"line":9,"column":42}}},"4":{"name":"(anonymous_4)","decl":{"start":{"line":10,"column":11},"end":{"line":10,"column":16}},"loc":{"start":{"line":10,"column":11},"end":{"line":10,"column":29}}},"5":{"name":"(anonymous_5)","decl":{"start":{"line":20,"column":9},"end":{"line":null,"column":-1}},"loc":{"start":{"line":20,"column":9},"end":{"line":25,"column":3}}},"6":{"name":"(anonymous_6)","decl":{"start":{"line":32,"column":9},"end":{"line":null,"column":-1}},"loc":{"start":{"line":32,"column":9},"end":{"line":37,"column":3}}}},"branchMap":{"0":{"loc":{"start":{"line":7,"column":37},"end":{"line":7,"column":49}},"type":"cond-expr","locations":[{"start":{"line":7,"column":37},"end":{"line":7,"column":49}},{"start":{"line":7,"column":52},"end":{"line":7,"column":56}}]},"1":{"loc":{"start":{"line":8,"column":44},"end":{"line":8,"column":49}},"type":"binary-expr","locations":[{"start":{"line":8,"column":44},"end":{"line":8,"column":49}},{"start":{"line":8,"column":53},"end":{"line":8,"column":55}}]}},"s":{"0":21,"1":42,"2":42,"3":42,"4":18,"5":10,"6":0,"7":21,"8":21,"9":21,"10":21,"11":0,"12":21,"13":0},"f":{"0":42,"1":42,"2":18,"3":10,"4":0,"5":0,"6":0},"b":{"0":[15,27],"1":[18,0]}}
,"D:\\Projects\\asaq2\\Crosswater\\Crosswater_Portal\\Portal\\angularapp\\app\\modelclasses.ts": {"path":"D:\\Projects\\asaq2\\Crosswater\\Crosswater_Portal\\Portal\\angularapp\\app\\modelclasses.ts","statementMap":{"0":{"start":{"line":3,"column":0},"end":{"line":6,"column":0}},"1":{"start":{"line":6,"column":0},"end":{"line":6,"column":1}},"2":{"start":{"line":3,"column":13},"end":{"line":3,"column":26}},"3":{"start":{"line":8,"column":0},"end":{"line":14,"column":0}},"4":{"start":{"line":14,"column":0},"end":{"line":14,"column":1}},"5":{"start":{"line":8,"column":13},"end":{"line":8,"column":27}},"6":{"start":{"line":16,"column":0},"end":{"line":19,"column":0}},"7":{"start":{"line":19,"column":0},"end":{"line":19,"column":1}},"8":{"start":{"line":16,"column":13},"end":{"line":16,"column":23}},"9":{"start":{"line":21,"column":0},"end":{"line":27,"column":0}},"10":{"start":{"line":27,"column":0},"end":{"line":27,"column":1}},"11":{"start":{"line":21,"column":13},"end":{"line":21,"column":23}},"12":{"start":{"line":29,"column":0},"end":{"line":31,"column":0}},"13":{"start":{"line":31,"column":0},"end":{"line":31,"column":1}},"14":{"start":{"line":29,"column":13},"end":{"line":29,"column":24}},"15":{"start":{"line":33,"column":0},"end":{"line":36,"column":0}},"16":{"start":{"line":36,"column":0},"end":{"line":36,"column":1}},"17":{"start":{"line":33,"column":13},"end":{"line":33,"column":23}}},"fnMap":{"0":{"name":"(anonymous_0)","decl":{"start":{"line":3,"column":0},"end":{"line":null,"column":-1}},"loc":{"start":{"line":3,"column":0},"end":{"line":3,"column":-1}}},"1":{"name":"(anonymous_2)","decl":{"start":{"line":8,"column":0},"end":{"line":null,"column":-1}},"loc":{"start":{"line":8,"column":0},"end":{"line":8,"column":-1}}},"2":{"name":"(anonymous_4)","decl":{"start":{"line":16,"column":0},"end":{"line":null,"column":-1}},"loc":{"start":{"line":16,"column":0},"end":{"line":16,"column":-1}}},"3":{"name":"(anonymous_6)","decl":{"start":{"line":21,"column":0},"end":{"line":null,"column":-1}},"loc":{"start":{"line":21,"column":0},"end":{"line":21,"column":-1}}},"4":{"name":"(anonymous_8)","decl":{"start":{"line":29,"column":0},"end":{"line":null,"column":-1}},"loc":{"start":{"line":29,"column":0},"end":{"line":29,"column":-1}}},"5":{"name":"(anonymous_10)","decl":{"start":{"line":33,"column":0},"end":{"line":null,"column":-1}},"loc":{"start":{"line":33,"column":0},"end":{"line":33,"column":-1}}}},"branchMap":{},"s":{"0":5,"1":5,"2":5,"3":5,"4":5,"5":5,"6":5,"7":5,"8":5,"9":5,"10":5,"11":5,"12":5,"13":5,"14":5,"15":5,"16":5,"17":5},"f":{"0":5,"1":29,"2":31,"3":7,"4":5,"5":19},"b":{}}
,"D:\\Projects\\asaq2\\Crosswater\\Crosswater_Portal\\Portal\\angularapp\\app\\routestest.ts": {"path":"D:\\Projects\\asaq2\\Crosswater\\Crosswater_Portal\\Portal\\angularapp\\app\\routestest.ts","statementMap":{"0":{"start":{"line":4,"column":13},"end":{"line":5,"column":4}}},"fnMap":{},"branchMap":{},"s":{"0":4},"f":{},"b":{}}
,"D:\\Projects\\asaq2\\Crosswater\\Crosswater_Portal\\Portal\\angularapp\\app\\setup-jest.ts": {"path":"D:\\Projects\\asaq2\\Crosswater\\Crosswater_Portal\\Portal\\angularapp\\app\\setup-jest.ts","statementMap":{"0":{"start":{"line":1,"column":0},"end":{"line":1,"column":29}},"1":{"start":{"line":2,"column":0},"end":{"line":2,"column":27}},"2":{"start":{"line":3,"column":0},"end":{"line":3,"column":24}},"3":{"start":{"line":5,"column":0},"end":{"line":5,"column":27}},"4":{"start":{"line":6,"column":0},"end":{"line":6,"column":47}},"5":{"start":{"line":7,"column":0},"end":{"line":7,"column":47}},"6":{"start":{"line":8,"column":0},"end":{"line":8,"column":52}}},"fnMap":{},"branchMap":{},"s":{"0":21,"1":21,"2":21,"3":21,"4":21,"5":21,"6":21},"f":{},"b":{}}
,"D:\\Projects\\asaq2\\Crosswater\\Crosswater_Portal\\Portal\\angularapp\\app\\setupTestBed.ts": {"path":"D:\\Projects\\asaq2\\Crosswater\\Crosswater_Portal\\Portal\\angularapp\\app\\setupTestBed.ts","statementMap":{"0":{"start":{"line":1,"column":0},"end":{"line":16,"column":-1}},"1":{"start":{"line":1,"column":0},"end":{"line":1,"column":74}},"2":{"start":{"line":3,"column":27},"end":{"line":3,"column":53}},"3":{"start":{"line":4,"column":32},"end":{"line":4,"column":80}},"4":{"start":{"line":4,"column":38},"end":{"line":4,"column":80}},"5":{"start":{"line":4,"column":73},"end":{"line":4,"column":80}},"6":{"start":{"line":6,"column":0},"end":{"line":15,"column":2}},"7":{"start":{"line":7,"column":2},"end":{"line":12,"column":6}},"8":{"start":{"line":8,"column":4},"end":{"line":8,"column":25}},"9":{"start":{"line":9,"column":4},"end":{"line":9,"column":34}},"10":{"start":{"line":10,"column":4},"end":{"line":10,"column":46}},"11":{"start":{"line":11,"column":4},"end":{"line":11,"column":37}},"12":{"start":{"line":11,"column":4},"end":{"line":11,"column":38}},"13":{"start":{"line":14,"column":2},"end":{"line":14,"column":39}},"14":{"start":{"line":14,"column":17},"end":{"line":14,"column":37}}},"fnMap":{"0":{"name":"(anonymous_12)","decl":{"start":{"line":4,"column":32},"end":{"line":4,"column":37}},"loc":{"start":{"line":4,"column":32},"end":{"line":4,"column":80}}},"1":{"name":"(anonymous_13)","decl":{"start":{"line":4,"column":67},"end":{"line":4,"column":72}},"loc":{"start":{"line":4,"column":67},"end":{"line":4,"column":80}}},"2":{"name":"(anonymous_14)","decl":{"start":{"line":6,"column":22},"end":{"line":6,"column":22}},"loc":{"start":{"line":6,"column":52},"end":{"line":15,"column":1}}},"3":{"name":"(anonymous_15)","decl":{"start":{"line":7,"column":18},"end":{"line":null,"column":-1}},"loc":{"start":{"line":7,"column":18},"end":{"line":12,"column":3}}},"4":{"name":"(anonymous_18)","decl":{"start":{"line":14,"column":11},"end":{"line":14,"column":16}},"loc":{"start":{"line":14,"column":11},"end":{"line":14,"column":37}}}},"branchMap":{},"s":{"0":21,"1":21,"2":21,"3":21,"4":9,"5":77,"6":21,"7":9,"8":9,"9":9,"10":9,"11":9,"12":9,"13":9,"14":9},"f":{"0":9,"1":77,"2":9,"3":9,"4":9},"b":{}}
,"D:\\Projects\\asaq2\\Crosswater\\Crosswater_Portal\\Portal\\angularapp\\app\\admin-roles\\admin-roles.component.html": {"path":"D:\\Projects\\asaq2\\Crosswater\\Crosswater_Portal\\Portal\\angularapp\\app\\admin-roles\\admin-roles.component.html","statementMap":{"0":{"start":{"line":1,"column":0},"end":{"line":1,"column":1211}}},"fnMap":{},"branchMap":{},"s":{"0":1},"f":{},"b":{},"_coverageSchema":"332fd63041d2c1bcb487cc26dd0d5f7d97098a6c","hash":"2c09832dfbba88c3f4b7f3c6b6a4570a473a7d03"}
,"D:\\Projects\\asaq2\\Crosswater\\Crosswater_Portal\\Portal\\angularapp\\app\\admin-roles\\admin-roles.component.ts": {"path":"D:\\Projects\\asaq2\\Crosswater\\Crosswater_Portal\\Portal\\angularapp\\app\\admin-roles\\admin-roles.component.ts","statementMap":{"0":{"start":{"line":1,"column":0},"end":{"line":1,"column":49}},"1":{"start":{"line":2,"column":0},"end":{"line":2,"column":54}},"2":{"start":{"line":3,"column":0},"end":{"line":3,"column":59}},"3":{"start":{"line":4,"column":0},"end":{"line":5,"column":120}},"4":{"start":{"line":6,"column":0},"end":{"line":6,"column":44}},"5":{"start":{"line":7,"column":0},"end":{"line":7,"column":75}},"6":{"start":{"line":8,"column":0},"end":{"line":8,"column":97}},"7":{"start":{"line":9,"column":0},"end":{"line":9,"column":69}},"8":{"start":{"line":16,"column":0},"end":{"line":151,"column":0}},"9":{"start":{"line":17,"column":24},"end":{"line":17,"column":48}},"10":{"start":{"line":17,"column":58},"end":{"line":17,"column":94}},"11":{"start":{"line":18,"column":12},"end":{"line":18,"column":40}},"12":{"start":{"line":21,"column":4},"end":{"line":21,"column":41}},"13":{"start":{"line":22,"column":4},"end":{"line":22,"column":22}},"14":{"start":{"line":23,"column":4},"end":{"line":23,"column":24}},"15":{"start":{"line":24,"column":4},"end":{"line":24,"column":48}},"16":{"start":{"line":25,"column":4},"end":{"line":25,"column":35}},"17":{"start":{"line":27,"column":4},"end":{"line":27,"column":22}},"18":{"start":{"line":29,"column":4},"end":{"line":44,"column":7}},"19":{"start":{"line":19,"column":8},"end":{"line":19,"column":105}},"20":{"start":{"line":46,"column":4},"end":{"line":51,"column":5}},"21":{"start":{"line":46,"column":4},"end":{"line":51,"column":4}},"22":{"start":{"line":47,"column":8},"end":{"line":50,"column":11}},"23":{"start":{"line":48,"column":12},"end":{"line":48,"column":27}},"24":{"start":{"line":53,"column":4},"end":{"line":58,"column":5}},"25":{"start":{"line":54,"column":8},"end":{"line":54,"column":64}},"26":{"start":{"line":55,"column":8},"end":{"line":55,"column":87}},"27":{"start":{"line":56,"column":8},"end":{"line":56,"column":44}},"28":{"start":{"line":57,"column":8},"end":{"line":57,"column":30}},"29":{"start":{"line":60,"column":4},"end":{"line":72,"column":5}},"30":{"start":{"line":61,"column":8},"end":{"line":61,"column":29}},"31":{"start":{"line":62,"column":8},"end":{"line":71,"column":9}},"32":{"start":{"line":63,"column":10},"end":{"line":63,"column":38}},"33":{"start":{"line":64,"column":15},"end":{"line":71,"column":9}},"34":{"start":{"line":65,"column":10},"end":{"line":65,"column":36}},"35":{"start":{"line":66,"column":10},"end":{"line":66,"column":44}},"36":{"start":{"line":67,"column":15},"end":{"line":71,"column":9}},"37":{"start":{"line":68,"column":10},"end":{"line":68,"column":46}},"38":{"start":{"line":69,"column":15},"end":{"line":71,"column":9}},"39":{"start":{"line":70,"column":10},"end":{"line":70,"column":29}},"40":{"start":{"line":74,"column":4},"end":{"line":79,"column":5}},"41":{"start":{"line":75,"column":8},"end":{"line":77,"column":9}},"42":{"start":{"line":76,"column":12},"end":{"line":76,"column":93}},"43":{"start":{"line":76,"column":52},"end":{"line":76,"column":63}},"44":{"start":{"line":76,"column":74},"end":{"line":76,"column":80}},"45":{"start":{"line":78,"column":8},"end":{"line":78,"column":18}},"46":{"start":{"line":81,"column":4},"end":{"line":84,"column":5}},"47":{"start":{"line":82,"column":8},"end":{"line":82,"column":31}},"48":{"start":{"line":83,"column":8},"end":{"line":83,"column":33}},"49":{"start":{"line":86,"column":4},"end":{"line":94,"column":5}},"50":{"start":{"line":88,"column":8},"end":{"line":92,"column":9}},"51":{"start":{"line":89,"column":10},"end":{"line":89,"column":114}},"52":{"start":{"line":90,"column":15},"end":{"line":92,"column":9}},"53":{"start":{"line":91,"column":10},"end":{"line":91,"column":84}},"54":{"start":{"line":93,"column":8},"end":{"line":93,"column":20}},"55":{"start":{"line":96,"column":4},"end":{"line":103,"column":7}},"56":{"start":{"line":97,"column":8},"end":{"line":97,"column":57}},"57":{"start":{"line":98,"column":36},"end":{"line":98,"column":38}},"58":{"start":{"line":99,"column":8},"end":{"line":99,"column":81}},"59":{"start":{"line":99,"column":47},"end":{"line":99,"column":79}},"60":{"start":{"line":100,"column":8},"end":{"line":100,"column":87}},"61":{"start":{"line":101,"column":8},"end":{"line":101,"column":96}},"62":{"start":{"line":101,"column":47},"end":{"line":101,"column":93}},"63":{"start":{"line":102,"column":8},"end":{"line":102,"column":36}},"64":{"start":{"line":105,"column":6},"end":{"line":107,"column":7}},"65":{"start":{"line":106,"column":8},"end":{"line":106,"column":31}},"66":{"start":{"line":108,"column":6},"end":{"line":135,"column":7}},"67":{"start":{"line":108,"column":6},"end":{"line":135,"column":6}},"68":{"start":{"line":111,"column":21},"end":{"line":111,"column":62}},"69":{"start":{"line":112,"column":22},"end":{"line":112,"column":35}},"70":{"start":{"line":113,"column":8},"end":{"line":113,"column":31}},"71":{"start":{"line":114,"column":8},"end":{"line":114,"column":68}},"72":{"start":{"line":114,"column":56},"end":{"line":114,"column":66}},"73":{"start":{"line":118,"column":8},"end":{"line":133,"column":10}},"74":{"start":{"line":119,"column":10},"end":{"line":119,"column":33}},"75":{"start":{"line":121,"column":10},"end":{"line":129,"column":11}},"76":{"start":{"line":122,"column":12},"end":{"line":122,"column":37}},"77":{"start":{"line":124,"column":33},"end":{"line":124,"column":77}},"78":{"start":{"line":124,"column":60},"end":{"line":124,"column":76}},"79":{"start":{"line":125,"column":12},"end":{"line":127,"column":13}},"80":{"start":{"line":126,"column":14},"end":{"line":126,"column":45}},"81":{"start":{"line":130,"column":10},"end":{"line":130,"column":46}},"82":{"start":{"line":132,"column":19},"end":{"line":132,"column":71}},"83":{"start":{"line":136,"column":6},"end":{"line":150,"column":7}},"84":{"start":{"line":136,"column":6},"end":{"line":150,"column":6}},"85":{"start":{"line":137,"column":8},"end":{"line":148,"column":11}},"86":{"start":{"line":138,"column":10},"end":{"line":147,"column":11}},"87":{"start":{"line":139,"column":12},"end":{"line":139,"column":35}},"88":{"start":{"line":140,"column":12},"end":{"line":146,"column":73}},"89":{"start":{"line":141,"column":28},"end":{"line":141,"column":77}},"90":{"start":{"line":141,"column":60},"end":{"line":141,"column":76}},"91":{"start":{"line":142,"column":14},"end":{"line":144,"column":15}},"92":{"start":{"line":143,"column":16},"end":{"line":143,"column":50}},"93":{"start":{"line":146,"column":19},"end":{"line":146,"column":71}},"94":{"start":{"line":16,"column":13},"end":{"line":151,"column":1}},"95":{"start":{"line":151,"column":0},"end":{"line":151,"column":1}},"96":{"start":{"line":16,"column":13},"end":{"line":16,"column":32}}},"fnMap":{"0":{"name":"(anonymous_2)","decl":{"start":{"line":16,"column":0},"end":{"line":null,"column":-1}},"loc":{"start":{"line":16,"column":0},"end":{"line":16,"column":-1}}},"1":{"name":"AdminRolesComponent","decl":{"start":{"line":17,"column":4},"end":{"line":17,"column":23}},"loc":{"start":{"line":18,"column":40},"end":{"line":20,"column":5}}},"2":{"name":"(anonymous_4)","decl":{"start":{"line":46,"column":4},"end":{"line":null,"column":-1}},"loc":{"start":{"line":46,"column":4},"end":{"line":51,"column":5}}},"3":{"name":"(anonymous_5)","decl":{"start":{"line":47,"column":51},"end":{"line":47,"column":51}},"loc":{"start":{"line":47,"column":65},"end":{"line":50,"column":9}}},"4":{"name":"(anonymous_6)","decl":{"start":{"line":53,"column":4},"end":{"line":null,"column":-1}},"loc":{"start":{"line":53,"column":4},"end":{"line":58,"column":5}}},"5":{"name":"(anonymous_7)","decl":{"start":{"line":60,"column":4},"end":{"line":60,"column":21}},"loc":{"start":{"line":60,"column":48},"end":{"line":72,"column":5}}},"6":{"name":"(anonymous_8)","decl":{"start":{"line":74,"column":4},"end":{"line":74,"column":21}},"loc":{"start":{"line":74,"column":32},"end":{"line":79,"column":5}}},"7":{"name":"(anonymous_9)","decl":{"start":{"line":76,"column":42},"end":{"line":76,"column":42}},"loc":{"start":{"line":76,"column":47},"end":{"line":76,"column":63}}},"8":{"name":"(anonymous_10)","decl":{"start":{"line":76,"column":69},"end":{"line":76,"column":68}},"loc":{"start":{"line":76,"column":70},"end":{"line":76,"column":80}}},"9":{"name":"(anonymous_11)","decl":{"start":{"line":81,"column":4},"end":{"line":null,"column":-1}},"loc":{"start":{"line":81,"column":4},"end":{"line":84,"column":5}}},"10":{"name":"(anonymous_12)","decl":{"start":{"line":86,"column":4},"end":{"line":86,"column":31}},"loc":{"start":{"line":86,"column":71},"end":{"line":94,"column":5}}},"11":{"name":"(anonymous_13)","decl":{"start":{"line":96,"column":4},"end":{"line":96,"column":13}},"loc":{"start":{"line":96,"column":24},"end":{"line":103,"column":7}}},"12":{"name":"(anonymous_14)","decl":{"start":{"line":99,"column":42},"end":{"line":99,"column":41}},"loc":{"start":{"line":99,"column":43},"end":{"line":99,"column":79}}},"13":{"name":"(anonymous_15)","decl":{"start":{"line":101,"column":42},"end":{"line":101,"column":41}},"loc":{"start":{"line":101,"column":43},"end":{"line":101,"column":93}}},"14":{"name":"(anonymous_16)","decl":{"start":{"line":105,"column":6},"end":{"line":null,"column":-1}},"loc":{"start":{"line":105,"column":6},"end":{"line":107,"column":7}}},"15":{"name":"(anonymous_17)","decl":{"start":{"line":108,"column":6},"end":{"line":null,"column":-1}},"loc":{"start":{"line":108,"column":6},"end":{"line":135,"column":7}}},"16":{"name":"(anonymous_18)","decl":{"start":{"line":114,"column":51},"end":{"line":114,"column":50}},"loc":{"start":{"line":114,"column":52},"end":{"line":114,"column":66}}},"17":{"name":"(anonymous_19)","decl":{"start":{"line":118,"column":59},"end":{"line":118,"column":59}},"loc":{"start":{"line":118,"column":67},"end":{"line":131,"column":13}}},"18":{"name":"(anonymous_20)","decl":{"start":{"line":124,"column":55},"end":{"line":124,"column":54}},"loc":{"start":{"line":124,"column":56},"end":{"line":124,"column":76}}},"19":{"name":"(anonymous_21)","decl":{"start":{"line":132,"column":12},"end":{"line":132,"column":11}},"loc":{"start":{"line":132,"column":15},"end":{"line":132,"column":71}}},"20":{"name":"(anonymous_22)","decl":{"start":{"line":136,"column":6},"end":{"line":136,"column":17}},"loc":{"start":{"line":136,"column":28},"end":{"line":150,"column":7}}},"21":{"name":"(anonymous_23)","decl":{"start":{"line":137,"column":90},"end":{"line":137,"column":90}},"loc":{"start":{"line":137,"column":111},"end":{"line":148,"column":9}}},"22":{"name":"(anonymous_24)","decl":{"start":{"line":140,"column":60},"end":{"line":140,"column":59}},"loc":{"start":{"line":140,"column":64},"end":{"line":145,"column":13}}},"23":{"name":"(anonymous_25)","decl":{"start":{"line":141,"column":55},"end":{"line":141,"column":54}},"loc":{"start":{"line":141,"column":56},"end":{"line":141,"column":76}}},"24":{"name":"(anonymous_26)","decl":{"start":{"line":146,"column":12},"end":{"line":146,"column":11}},"loc":{"start":{"line":146,"column":15},"end":{"line":146,"column":71}}}},"branchMap":{"0":{"loc":{"start":{"line":62,"column":8},"end":{"line":71,"column":9}},"type":"if","locations":[{"start":{"line":62,"column":8},"end":{"line":71,"column":9}},{"start":{"line":62,"column":8},"end":{"line":71,"column":9}}]},"1":{"loc":{"start":{"line":64,"column":15},"end":{"line":71,"column":9}},"type":"if","locations":[{"start":{"line":64,"column":15},"end":{"line":71,"column":9}},{"start":{"line":64,"column":15},"end":{"line":71,"column":9}}]},"2":{"loc":{"start":{"line":67,"column":15},"end":{"line":71,"column":9}},"type":"if","locations":[{"start":{"line":67,"column":15},"end":{"line":71,"column":9}},{"start":{"line":67,"column":15},"end":{"line":71,"column":9}}]},"3":{"loc":{"start":{"line":69,"column":15},"end":{"line":71,"column":9}},"type":"if","locations":[{"start":{"line":69,"column":15},"end":{"line":71,"column":9}},{"start":{"line":69,"column":15},"end":{"line":71,"column":9}}]},"4":{"loc":{"start":{"line":75,"column":8},"end":{"line":77,"column":9}},"type":"if","locations":[{"start":{"line":75,"column":8},"end":{"line":77,"column":9}},{"start":{"line":75,"column":8},"end":{"line":77,"column":9}}]},"5":{"loc":{"start":{"line":88,"column":8},"end":{"line":92,"column":9}},"type":"if","locations":[{"start":{"line":88,"column":8},"end":{"line":92,"column":9}},{"start":{"line":88,"column":8},"end":{"line":92,"column":9}}]},"6":{"loc":{"start":{"line":88,"column":12},"end":{"line":88,"column":29}},"type":"binary-expr","locations":[{"start":{"line":88,"column":12},"end":{"line":88,"column":29}},{"start":{"line":88,"column":33},"end":{"line":88,"column":52}}]},"7":{"loc":{"start":{"line":89,"column":18},"end":{"line":89,"column":39}},"type":"binary-expr","locations":[{"start":{"line":89,"column":18},"end":{"line":89,"column":39}},{"start":{"line":89,"column":46},"end":{"line":89,"column":83}},{"start":{"line":89,"column":87},"end":{"line":89,"column":112}}]},"8":{"loc":{"start":{"line":90,"column":15},"end":{"line":92,"column":9}},"type":"if","locations":[{"start":{"line":90,"column":15},"end":{"line":92,"column":9}},{"start":{"line":90,"column":15},"end":{"line":92,"column":9}}]},"9":{"loc":{"start":{"line":90,"column":19},"end":{"line":90,"column":38}},"type":"binary-expr","locations":[{"start":{"line":90,"column":19},"end":{"line":90,"column":38}},{"start":{"line":90,"column":42},"end":{"line":90,"column":61}}]},"10":{"loc":{"start":{"line":91,"column":17},"end":{"line":91,"column":54}},"type":"binary-expr","locations":[{"start":{"line":91,"column":17},"end":{"line":91,"column":54}},{"start":{"line":91,"column":58},"end":{"line":91,"column":83}}]},"11":{"loc":{"start":{"line":121,"column":10},"end":{"line":129,"column":11}},"type":"if","locations":[{"start":{"line":121,"column":10},"end":{"line":129,"column":11}},{"start":{"line":121,"column":10},"end":{"line":129,"column":11}}]},"12":{"loc":{"start":{"line":125,"column":12},"end":{"line":127,"column":13}},"type":"if","locations":[{"start":{"line":125,"column":12},"end":{"line":127,"column":13}},{"start":{"line":125,"column":12},"end":{"line":127,"column":13}}]},"13":{"loc":{"start":{"line":138,"column":10},"end":{"line":147,"column":11}},"type":"if","locations":[{"start":{"line":138,"column":10},"end":{"line":147,"column":11}},{"start":{"line":138,"column":10},"end":{"line":147,"column":11}}]},"14":{"loc":{"start":{"line":142,"column":14},"end":{"line":144,"column":15}},"type":"if","locations":[{"start":{"line":142,"column":14},"end":{"line":144,"column":15}},{"start":{"line":142,"column":14},"end":{"line":144,"column":15}}]},"15":{"loc":{"start":{"line":17,"column":48},"end":{"line":17,"column":76}},"type":"binary-expr","locations":[{"start":{"line":17,"column":48},"end":{"line":17,"column":76}},{"start":{"line":17,"column":48},"end":{"line":17,"column":76}}]},"16":{"loc":{"start":{"line":17,"column":37},"end":{"line":17,"column":48}},"type":"binary-expr","locations":[{"start":{"line":17,"column":37},"end":{"line":17,"column":48}}]},"17":{"loc":{"start":{"line":17,"column":48},"end":{"line":17,"column":94}},"type":"binary-expr","locations":[{"start":{"line":17,"column":48},"end":{"line":17,"column":94}},{"start":{"line":17,"column":94},"end":{"line":18,"column":26}},{"start":{"line":17,"column":94},"end":{"line":18,"column":26}}]},"18":{"loc":{"start":{"line":17,"column":48},"end":{"line":17,"column":94}},"type":"binary-expr","locations":[{"start":{"line":17,"column":48},"end":{"line":17,"column":94}},{"start":{"line":17,"column":77},"end":{"line":17,"column":94}}]},"19":{"loc":{"start":{"line":17,"column":94},"end":{"line":18,"column":40}},"type":"binary-expr","locations":[{"start":{"line":17,"column":94},"end":{"line":18,"column":40}},{"start":{"line":18,"column":40},"end":{"line":null,"column":-1}},{"start":{"line":18,"column":40},"end":{"line":null,"column":-1}}]},"20":{"loc":{"start":{"line":17,"column":94},"end":{"line":18,"column":40}},"type":"binary-expr","locations":[{"start":{"line":17,"column":94},"end":{"line":18,"column":40}},{"start":{"line":18,"column":27},"end":{"line":18,"column":40}}]}},"s":{"0":1,"1":1,"2":1,"3":1,"4":1,"5":1,"6":1,"7":1,"8":1,"9":7,"10":7,"11":7,"12":7,"13":7,"14":7,"15":7,"16":7,"17":7,"18":7,"19":7,"20":1,"21":0,"22":0,"23":0,"24":1,"25":0,"26":0,"27":0,"28":0,"29":1,"30":4,"31":4,"32":1,"33":3,"34":1,"35":1,"36":2,"37":1,"38":1,"39":1,"40":1,"41":1,"42":1,"43":1,"44":2,"45":0,"46":1,"47":4,"48":4,"49":1,"50":2,"51":2,"52":0,"53":0,"54":0,"55":1,"56":1,"57":1,"58":1,"59":1,"60":1,"61":1,"62":2,"63":1,"64":1,"65":0,"66":1,"67":2,"68":2,"69":2,"70":2,"71":2,"72":4,"73":2,"74":2,"75":2,"76":1,"77":1,"78":1,"79":1,"80":1,"81":2,"82":0,"83":1,"84":1,"85":1,"86":1,"87":1,"88":1,"89":1,"90":1,"91":1,"92":1,"93":0,"94":1,"95":1,"96":1},"f":{"0":1,"1":7,"2":0,"3":0,"4":0,"5":4,"6":1,"7":1,"8":2,"9":4,"10":2,"11":1,"12":1,"13":2,"14":0,"15":2,"16":4,"17":2,"18":1,"19":0,"20":1,"21":1,"22":1,"23":1,"24":0},"b":{"0":[1,3],"1":[1,2],"2":[1,1],"3":[1,0],"4":[1,0],"5":[2,0],"6":[2,0],"7":[2,1,0],"8":[0,0],"9":[0,0],"10":[0,0],"11":[1,1],"12":[1,0],"13":[1,0],"14":[1,0],"15":[1,0],"16":[1],"17":[1,1,0],"18":[1,1],"19":[1,1,0],"20":[1,1]}}
,"D:\\Projects\\asaq2\\Crosswater\\Crosswater_Portal\\Portal\\angularapp\\app\\admin-user\\admin-user.component.html": {"path":"D:\\Projects\\asaq2\\Crosswater\\Crosswater_Portal\\Portal\\angularapp\\app\\admin-user\\admin-user.component.html","statementMap":{"0":{"start":{"line":1,"column":0},"end":{"line":1,"column":1374}}},"fnMap":{},"branchMap":{},"s":{"0":1},"f":{},"b":{},"_coverageSchema":"332fd63041d2c1bcb487cc26dd0d5f7d97098a6c","hash":"f186c50cd8b5b0aacf5fe08ee4a899baed88cf40"}
,"D:\\Projects\\asaq2\\Crosswater\\Crosswater_Portal\\Portal\\angularapp\\app\\admin-user\\admin-user.component.ts": {"path":"D:\\Projects\\asaq2\\Crosswater\\Crosswater_Portal\\Portal\\angularapp\\app\\admin-user\\admin-user.component.ts","statementMap":{"0":{"start":{"line":1,"column":0},"end":{"line":1,"column":49}},"1":{"start":{"line":3,"column":0},"end":{"line":3,"column":54}},"2":{"start":{"line":4,"column":0},"end":{"line":4,"column":63}},"3":{"start":{"line":6,"column":0},"end":{"line":6,"column":61}},"4":{"start":{"line":7,"column":0},"end":{"line":7,"column":44}},"5":{"start":{"line":8,"column":0},"end":{"line":8,"column":69}},"6":{"start":{"line":9,"column":0},"end":{"line":9,"column":44}},"7":{"start":{"line":11,"column":0},"end":{"line":11,"column":75}},"8":{"start":{"line":12,"column":0},"end":{"line":12,"column":97}},"9":{"start":{"line":13,"column":0},"end":{"line":13,"column":32}},"10":{"start":{"line":14,"column":0},"end":{"line":16,"column":105}},"11":{"start":{"line":24,"column":0},"end":{"line":350,"column":0}},"12":{"start":{"line":74,"column":2},"end":{"line":103,"column":2}},"13":{"start":{"line":75,"column":12},"end":{"line":75,"column":36}},"14":{"start":{"line":76,"column":12},"end":{"line":76,"column":46}},"15":{"start":{"line":77,"column":12},"end":{"line":77,"column":40}},"16":{"start":{"line":78,"column":12},"end":{"line":78,"column":48}},"17":{"start":{"line":25,"column":2},"end":{"line":25,"column":20}},"18":{"start":{"line":26,"column":2},"end":{"line":26,"column":30}},"19":{"start":{"line":28,"column":2},"end":{"line":28,"column":39}},"20":{"start":{"line":29,"column":2},"end":{"line":29,"column":20}},"21":{"start":{"line":30,"column":2},"end":{"line":30,"column":22}},"22":{"start":{"line":32,"column":2},"end":{"line":32,"column":45}},"23":{"start":{"line":33,"column":2},"end":{"line":33,"column":21}},"24":{"start":{"line":35,"column":2},"end":{"line":41,"column":4}},"25":{"start":{"line":43,"column":2},"end":{"line":43,"column":26}},"26":{"start":{"line":47,"column":2},"end":{"line":69,"column":5}},"27":{"start":{"line":71,"column":2},"end":{"line":71,"column":33}},"28":{"start":{"line":72,"column":2},"end":{"line":72,"column":46}},"29":{"start":{"line":106,"column":2},"end":{"line":111,"column":4}},"30":{"start":{"line":80,"column":4},"end":{"line":83,"column":100}},"31":{"start":{"line":82,"column":6},"end":{"line":82,"column":49}},"32":{"start":{"line":83,"column":34},"end":{"line":83,"column":98}},"33":{"start":{"line":85,"column":4},"end":{"line":86,"column":80}},"34":{"start":{"line":88,"column":4},"end":{"line":88,"column":102}},"35":{"start":{"line":89,"column":4},"end":{"line":89,"column":89}},"36":{"start":{"line":90,"column":4},"end":{"line":90,"column":101}},"37":{"start":{"line":91,"column":4},"end":{"line":91,"column":109}},"38":{"start":{"line":92,"column":4},"end":{"line":92,"column":113}},"39":{"start":{"line":93,"column":27},"end":{"line":93,"column":80}},"40":{"start":{"line":94,"column":4},"end":{"line":99,"column":7}},"41":{"start":{"line":95,"column":6},"end":{"line":97,"column":7}},"42":{"start":{"line":96,"column":8},"end":{"line":96,"column":26}},"43":{"start":{"line":114,"column":2},"end":{"line":139,"column":3}},"44":{"start":{"line":114,"column":2},"end":{"line":139,"column":2}},"45":{"start":{"line":116,"column":4},"end":{"line":138,"column":6}},"46":{"start":{"line":118,"column":8},"end":{"line":118,"column":23}},"47":{"start":{"line":119,"column":8},"end":{"line":124,"column":11}},"48":{"start":{"line":120,"column":10},"end":{"line":123,"column":11}},"49":{"start":{"line":121,"column":12},"end":{"line":121,"column":37}},"50":{"start":{"line":122,"column":12},"end":{"line":122,"column":38}},"51":{"start":{"line":125,"column":27},"end":{"line":125,"column":64}},"52":{"start":{"line":126,"column":8},"end":{"line":132,"column":9}},"53":{"start":{"line":127,"column":10},"end":{"line":127,"column":58}},"54":{"start":{"line":128,"column":10},"end":{"line":128,"column":44}},"55":{"start":{"line":129,"column":10},"end":{"line":129,"column":39}},"56":{"start":{"line":130,"column":10},"end":{"line":130,"column":43}},"57":{"start":{"line":131,"column":10},"end":{"line":131,"column":52}},"58":{"start":{"line":133,"column":8},"end":{"line":133,"column":53}},"59":{"start":{"line":137,"column":15},"end":{"line":137,"column":67}},"60":{"start":{"line":141,"column":2},"end":{"line":143,"column":3}},"61":{"start":{"line":142,"column":4},"end":{"line":142,"column":17}},"62":{"start":{"line":144,"column":2},"end":{"line":152,"column":3}},"63":{"start":{"line":145,"column":4},"end":{"line":145,"column":59}},"64":{"start":{"line":146,"column":4},"end":{"line":146,"column":77}},"65":{"start":{"line":146,"column":54},"end":{"line":146,"column":74}},"66":{"start":{"line":147,"column":4},"end":{"line":147,"column":53}},"67":{"start":{"line":148,"column":4},"end":{"line":148,"column":54}},"68":{"start":{"line":149,"column":4},"end":{"line":149,"column":25}},"69":{"start":{"line":150,"column":4},"end":{"line":150,"column":40}},"70":{"start":{"line":151,"column":4},"end":{"line":151,"column":26}},"71":{"start":{"line":158,"column":2},"end":{"line":163,"column":3}},"72":{"start":{"line":159,"column":4},"end":{"line":161,"column":5}},"73":{"start":{"line":160,"column":6},"end":{"line":160,"column":46}},"74":{"start":{"line":162,"column":4},"end":{"line":162,"column":41}},"75":{"start":{"line":165,"column":2},"end":{"line":170,"column":3}},"76":{"start":{"line":171,"column":2},"end":{"line":182,"column":3}},"77":{"start":{"line":172,"column":4},"end":{"line":172,"column":53}},"78":{"start":{"line":173,"column":17},"end":{"line":173,"column":70}},"79":{"start":{"line":173,"column":44},"end":{"line":173,"column":69}},"80":{"start":{"line":174,"column":4},"end":{"line":178,"column":5}},"81":{"start":{"line":175,"column":6},"end":{"line":175,"column":31}},"82":{"start":{"line":176,"column":6},"end":{"line":176,"column":37}},"83":{"start":{"line":177,"column":6},"end":{"line":177,"column":55}},"84":{"start":{"line":181,"column":4},"end":{"line":181,"column":32}},"85":{"start":{"line":184,"column":2},"end":{"line":186,"column":3}},"86":{"start":{"line":185,"column":4},"end":{"line":185,"column":27}},"87":{"start":{"line":187,"column":2},"end":{"line":221,"column":3}},"88":{"start":{"line":187,"column":2},"end":{"line":221,"column":2}},"89":{"start":{"line":190,"column":17},"end":{"line":190,"column":30}},"90":{"start":{"line":191,"column":4},"end":{"line":191,"column":25}},"91":{"start":{"line":192,"column":18},"end":{"line":192,"column":31}},"92":{"start":{"line":193,"column":4},"end":{"line":193,"column":27}},"93":{"start":{"line":196,"column":17},"end":{"line":196,"column":65}},"94":{"start":{"line":196,"column":44},"end":{"line":196,"column":64}},"95":{"start":{"line":197,"column":4},"end":{"line":199,"column":5}},"96":{"start":{"line":198,"column":6},"end":{"line":198,"column":26}},"97":{"start":{"line":202,"column":4},"end":{"line":219,"column":4}},"98":{"start":{"line":203,"column":6},"end":{"line":203,"column":29}},"99":{"start":{"line":204,"column":6},"end":{"line":204,"column":31}},"100":{"start":{"line":205,"column":6},"end":{"line":205,"column":32}},"101":{"start":{"line":206,"column":6},"end":{"line":214,"column":7}},"102":{"start":{"line":207,"column":8},"end":{"line":207,"column":36}},"103":{"start":{"line":209,"column":29},"end":{"line":209,"column":75}},"104":{"start":{"line":209,"column":57},"end":{"line":209,"column":74}},"105":{"start":{"line":210,"column":8},"end":{"line":212,"column":9}},"106":{"start":{"line":211,"column":10},"end":{"line":211,"column":41}},"107":{"start":{"line":215,"column":6},"end":{"line":215,"column":42}},"108":{"start":{"line":216,"column":6},"end":{"line":216,"column":95}},"109":{"start":{"line":218,"column":11},"end":{"line":218,"column":63}},"110":{"start":{"line":222,"column":2},"end":{"line":239,"column":3}},"111":{"start":{"line":222,"column":2},"end":{"line":239,"column":2}},"112":{"start":{"line":223,"column":4},"end":{"line":237,"column":7}},"113":{"start":{"line":224,"column":6},"end":{"line":236,"column":7}},"114":{"start":{"line":225,"column":8},"end":{"line":225,"column":31}},"115":{"start":{"line":226,"column":8},"end":{"line":234,"column":69}},"116":{"start":{"line":227,"column":24},"end":{"line":227,"column":73}},"117":{"start":{"line":227,"column":56},"end":{"line":227,"column":72}},"118":{"start":{"line":228,"column":10},"end":{"line":230,"column":11}},"119":{"start":{"line":229,"column":12},"end":{"line":229,"column":46}},"120":{"start":{"line":232,"column":10},"end":{"line":232,"column":82}},"121":{"start":{"line":234,"column":15},"end":{"line":234,"column":67}},"122":{"start":{"line":241,"column":2},"end":{"line":243,"column":3}},"123":{"start":{"line":242,"column":4},"end":{"line":242,"column":32}},"124":{"start":{"line":245,"column":2},"end":{"line":247,"column":3}},"125":{"start":{"line":246,"column":4},"end":{"line":246,"column":41}},"126":{"start":{"line":249,"column":2},"end":{"line":253,"column":3}},"127":{"start":{"line":249,"column":2},"end":{"line":253,"column":2}},"128":{"start":{"line":250,"column":4},"end":{"line":250,"column":27}},"129":{"start":{"line":251,"column":4},"end":{"line":252,"column":65}},"130":{"start":{"line":251,"column":62},"end":{"line":251,"column":124}},"131":{"start":{"line":252,"column":11},"end":{"line":252,"column":63}},"132":{"start":{"line":255,"column":2},"end":{"line":259,"column":3}},"133":{"start":{"line":255,"column":2},"end":{"line":259,"column":2}},"134":{"start":{"line":256,"column":4},"end":{"line":256,"column":27}},"135":{"start":{"line":257,"column":4},"end":{"line":258,"column":65}},"136":{"start":{"line":257,"column":63},"end":{"line":257,"column":129}},"137":{"start":{"line":258,"column":11},"end":{"line":258,"column":63}},"138":{"start":{"line":267,"column":2},"end":{"line":275,"column":3}},"139":{"start":{"line":269,"column":4},"end":{"line":273,"column":5}},"140":{"start":{"line":270,"column":6},"end":{"line":270,"column":41}},"141":{"start":{"line":271,"column":11},"end":{"line":273,"column":5}},"142":{"start":{"line":272,"column":6},"end":{"line":272,"column":75}},"143":{"start":{"line":274,"column":4},"end":{"line":274,"column":16}},"144":{"start":{"line":277,"column":2},"end":{"line":295,"column":3}},"145":{"start":{"line":279,"column":4},"end":{"line":293,"column":5}},"146":{"start":{"line":280,"column":6},"end":{"line":280,"column":98}},"147":{"start":{"line":281,"column":11},"end":{"line":293,"column":5}},"148":{"start":{"line":282,"column":6},"end":{"line":282,"column":97}},"149":{"start":{"line":283,"column":11},"end":{"line":293,"column":5}},"150":{"start":{"line":284,"column":6},"end":{"line":287,"column":9}},"151":{"start":{"line":288,"column":11},"end":{"line":293,"column":5}},"152":{"start":{"line":289,"column":6},"end":{"line":290,"column":112}},"153":{"start":{"line":291,"column":11},"end":{"line":293,"column":5}},"154":{"start":{"line":292,"column":6},"end":{"line":292,"column":80}},"155":{"start":{"line":294,"column":4},"end":{"line":294,"column":16}},"156":{"start":{"line":297,"column":2},"end":{"line":302,"column":3}},"157":{"start":{"line":298,"column":4},"end":{"line":300,"column":5}},"158":{"start":{"line":299,"column":6},"end":{"line":299,"column":51}},"159":{"start":{"line":301,"column":4},"end":{"line":301,"column":17}},"160":{"start":{"line":304,"column":2},"end":{"line":310,"column":3}},"161":{"start":{"line":305,"column":4},"end":{"line":308,"column":5}},"162":{"start":{"line":307,"column":6},"end":{"line":307,"column":19}},"163":{"start":{"line":309,"column":4},"end":{"line":309,"column":16}},"164":{"start":{"line":312,"column":2},"end":{"line":331,"column":3}},"165":{"start":{"line":313,"column":4},"end":{"line":313,"column":25}},"166":{"start":{"line":314,"column":4},"end":{"line":330,"column":5}},"167":{"start":{"line":315,"column":6},"end":{"line":315,"column":35}},"168":{"start":{"line":316,"column":11},"end":{"line":330,"column":5}},"169":{"start":{"line":317,"column":6},"end":{"line":321,"column":7}},"170":{"start":{"line":318,"column":8},"end":{"line":318,"column":36}},"171":{"start":{"line":320,"column":8},"end":{"line":320,"column":35}},"172":{"start":{"line":322,"column":11},"end":{"line":330,"column":5}},"173":{"start":{"line":323,"column":6},"end":{"line":323,"column":33}},"174":{"start":{"line":324,"column":6},"end":{"line":324,"column":40}},"175":{"start":{"line":326,"column":11},"end":{"line":330,"column":5}},"176":{"start":{"line":327,"column":6},"end":{"line":327,"column":42}},"177":{"start":{"line":328,"column":11},"end":{"line":330,"column":5}},"178":{"start":{"line":329,"column":6},"end":{"line":329,"column":25}},"179":{"start":{"line":333,"column":2},"end":{"line":336,"column":3}},"180":{"start":{"line":333,"column":2},"end":{"line":336,"column":2}},"181":{"start":{"line":334,"column":4},"end":{"line":335,"column":55}},"182":{"start":{"line":334,"column":36},"end":{"line":335,"column":53}},"183":{"start":{"line":338,"column":2},"end":{"line":343,"column":3}},"184":{"start":{"line":339,"column":4},"end":{"line":341,"column":5}},"185":{"start":{"line":340,"column":6},"end":{"line":340,"column":41}},"186":{"start":{"line":342,"column":4},"end":{"line":342,"column":88}},"187":{"start":{"line":345,"column":2},"end":{"line":348,"column":3}},"188":{"start":{"line":346,"column":4},"end":{"line":346,"column":29}},"189":{"start":{"line":347,"column":4},"end":{"line":347,"column":27}},"190":{"start":{"line":24,"column":13},"end":{"line":350,"column":1}},"191":{"start":{"line":350,"column":0},"end":{"line":350,"column":1}},"192":{"start":{"line":24,"column":13},"end":{"line":24,"column":31}}},"fnMap":{"0":{"name":"(anonymous_2)","decl":{"start":{"line":24,"column":0},"end":{"line":null,"column":-1}},"loc":{"start":{"line":24,"column":0},"end":{"line":24,"column":-1}}},"1":{"name":"AdminUserComponent","decl":{"start":{"line":74,"column":2},"end":{"line":75,"column":11}},"loc":{"start":{"line":78,"column":48},"end":{"line":103,"column":3}}},"2":{"name":"(anonymous_4)","decl":{"start":{"line":80,"column":39},"end":{"line":80,"column":39}},"loc":{"start":{"line":80,"column":53},"end":{"line":83,"column":5}}},"3":{"name":"(anonymous_5)","decl":{"start":{"line":83,"column":16},"end":{"line":83,"column":16}},"loc":{"start":{"line":83,"column":29},"end":{"line":83,"column":98}}},"4":{"name":"(anonymous_6)","decl":{"start":{"line":94,"column":40},"end":{"line":94,"column":39}},"loc":{"start":{"line":94,"column":41},"end":{"line":99,"column":5}}},"5":{"name":"(anonymous_7)","decl":{"start":{"line":114,"column":2},"end":{"line":null,"column":-1}},"loc":{"start":{"line":114,"column":2},"end":{"line":139,"column":3}}},"6":{"name":"(anonymous_8)","decl":{"start":{"line":117,"column":6},"end":{"line":117,"column":6}},"loc":{"start":{"line":117,"column":20},"end":{"line":136,"column":7}}},"7":{"name":"(anonymous_9)","decl":{"start":{"line":119,"column":24},"end":{"line":119,"column":23}},"loc":{"start":{"line":119,"column":25},"end":{"line":124,"column":9}}},"8":{"name":"(anonymous_10)","decl":{"start":{"line":137,"column":6},"end":{"line":137,"column":6}},"loc":{"start":{"line":137,"column":10},"end":{"line":137,"column":67}}},"9":{"name":"(anonymous_11)","decl":{"start":{"line":141,"column":2},"end":{"line":141,"column":14}},"loc":{"start":{"line":141,"column":27},"end":{"line":143,"column":3}}},"10":{"name":"(anonymous_12)","decl":{"start":{"line":144,"column":2},"end":{"line":null,"column":-1}},"loc":{"start":{"line":144,"column":2},"end":{"line":152,"column":3}}},"11":{"name":"(anonymous_13)","decl":{"start":{"line":146,"column":49},"end":{"line":146,"column":48}},"loc":{"start":{"line":146,"column":50},"end":{"line":146,"column":74}}},"12":{"name":"(anonymous_14)","decl":{"start":{"line":158,"column":2},"end":{"line":158,"column":16}},"loc":{"start":{"line":158,"column":49},"end":{"line":163,"column":3}}},"13":{"name":"(anonymous_15)","decl":{"start":{"line":165,"column":2},"end":{"line":165,"column":10}},"loc":{"start":{"line":165,"column":27},"end":{"line":170,"column":3}}},"14":{"name":"(anonymous_16)","decl":{"start":{"line":171,"column":2},"end":{"line":171,"column":11}},"loc":{"start":{"line":171,"column":22},"end":{"line":182,"column":3}}},"15":{"name":"(anonymous_17)","decl":{"start":{"line":173,"column":39},"end":{"line":173,"column":38}},"loc":{"start":{"line":173,"column":40},"end":{"line":173,"column":69}}},"16":{"name":"(anonymous_18)","decl":{"start":{"line":184,"column":2},"end":{"line":null,"column":-1}},"loc":{"start":{"line":184,"column":2},"end":{"line":186,"column":3}}},"17":{"name":"(anonymous_19)","decl":{"start":{"line":187,"column":2},"end":{"line":null,"column":-1}},"loc":{"start":{"line":187,"column":2},"end":{"line":221,"column":3}}},"18":{"name":"(anonymous_20)","decl":{"start":{"line":196,"column":39},"end":{"line":196,"column":38}},"loc":{"start":{"line":196,"column":40},"end":{"line":196,"column":64}}},"19":{"name":"(anonymous_21)","decl":{"start":{"line":202,"column":55},"end":{"line":202,"column":55}},"loc":{"start":{"line":202,"column":63},"end":{"line":217,"column":5}}},"20":{"name":"(anonymous_22)","decl":{"start":{"line":209,"column":51},"end":{"line":209,"column":50}},"loc":{"start":{"line":209,"column":53},"end":{"line":209,"column":74}}},"21":{"name":"(anonymous_23)","decl":{"start":{"line":218,"column":4},"end":{"line":218,"column":3}},"loc":{"start":{"line":218,"column":7},"end":{"line":218,"column":63}}},"22":{"name":"(anonymous_24)","decl":{"start":{"line":222,"column":2},"end":{"line":222,"column":13}},"loc":{"start":{"line":222,"column":24},"end":{"line":239,"column":3}}},"23":{"name":"(anonymous_25)","decl":{"start":{"line":223,"column":86},"end":{"line":223,"column":86}},"loc":{"start":{"line":223,"column":107},"end":{"line":237,"column":5}}},"24":{"name":"(anonymous_26)","decl":{"start":{"line":226,"column":56},"end":{"line":226,"column":55}},"loc":{"start":{"line":226,"column":60},"end":{"line":233,"column":9}}},"25":{"name":"(anonymous_27)","decl":{"start":{"line":227,"column":51},"end":{"line":227,"column":50}},"loc":{"start":{"line":227,"column":52},"end":{"line":227,"column":72}}},"26":{"name":"(anonymous_28)","decl":{"start":{"line":234,"column":8},"end":{"line":234,"column":7}},"loc":{"start":{"line":234,"column":11},"end":{"line":234,"column":67}}},"27":{"name":"(anonymous_29)","decl":{"start":{"line":241,"column":2},"end":{"line":241,"column":24}},"loc":{"start":{"line":241,"column":29},"end":{"line":243,"column":3}}},"28":{"name":"(anonymous_30)","decl":{"start":{"line":245,"column":2},"end":{"line":245,"column":20}},"loc":{"start":{"line":245,"column":32},"end":{"line":247,"column":3}}},"29":{"name":"(anonymous_31)","decl":{"start":{"line":249,"column":2},"end":{"line":249,"column":12}},"loc":{"start":{"line":249,"column":23},"end":{"line":253,"column":3}}},"30":{"name":"(anonymous_32)","decl":{"start":{"line":251,"column":54},"end":{"line":251,"column":53}},"loc":{"start":{"line":251,"column":58},"end":{"line":251,"column":124}}},"31":{"name":"(anonymous_33)","decl":{"start":{"line":252,"column":4},"end":{"line":252,"column":3}},"loc":{"start":{"line":252,"column":7},"end":{"line":252,"column":63}}},"32":{"name":"(anonymous_34)","decl":{"start":{"line":255,"column":2},"end":{"line":255,"column":11}},"loc":{"start":{"line":255,"column":22},"end":{"line":259,"column":3}}},"33":{"name":"(anonymous_35)","decl":{"start":{"line":257,"column":55},"end":{"line":257,"column":54}},"loc":{"start":{"line":257,"column":59},"end":{"line":257,"column":129}}},"34":{"name":"(anonymous_36)","decl":{"start":{"line":258,"column":4},"end":{"line":258,"column":3}},"loc":{"start":{"line":258,"column":7},"end":{"line":258,"column":63}}},"35":{"name":"(anonymous_37)","decl":{"start":{"line":267,"column":2},"end":{"line":267,"column":23}},"loc":{"start":{"line":267,"column":37},"end":{"line":275,"column":3}}},"36":{"name":"(anonymous_38)","decl":{"start":{"line":277,"column":2},"end":{"line":277,"column":29}},"loc":{"start":{"line":277,"column":69},"end":{"line":295,"column":3}}},"37":{"name":"(anonymous_39)","decl":{"start":{"line":297,"column":2},"end":{"line":297,"column":33}},"loc":{"start":{"line":297,"column":77},"end":{"line":302,"column":3}}},"38":{"name":"(anonymous_40)","decl":{"start":{"line":304,"column":2},"end":{"line":304,"column":35}},"loc":{"start":{"line":304,"column":63},"end":{"line":310,"column":3}}},"39":{"name":"(anonymous_41)","decl":{"start":{"line":312,"column":2},"end":{"line":312,"column":19}},"loc":{"start":{"line":312,"column":47},"end":{"line":331,"column":3}}},"40":{"name":"(anonymous_42)","decl":{"start":{"line":333,"column":2},"end":{"line":333,"column":15}},"loc":{"start":{"line":333,"column":28},"end":{"line":336,"column":3}}},"41":{"name":"(anonymous_43)","decl":{"start":{"line":334,"column":26},"end":{"line":334,"column":26}},"loc":{"start":{"line":334,"column":31},"end":{"line":335,"column":53}}},"42":{"name":"(anonymous_44)","decl":{"start":{"line":338,"column":2},"end":{"line":338,"column":13}},"loc":{"start":{"line":338,"column":47},"end":{"line":343,"column":3}}},"43":{"name":"(anonymous_45)","decl":{"start":{"line":345,"column":2},"end":{"line":null,"column":-1}},"loc":{"start":{"line":345,"column":2},"end":{"line":348,"column":3}}}},"branchMap":{"0":{"loc":{"start":{"line":95,"column":6},"end":{"line":97,"column":7}},"type":"if","locations":[{"start":{"line":95,"column":6},"end":{"line":97,"column":7}},{"start":{"line":95,"column":6},"end":{"line":97,"column":7}}]},"1":{"loc":{"start":{"line":120,"column":10},"end":{"line":123,"column":11}},"type":"if","locations":[{"start":{"line":120,"column":10},"end":{"line":123,"column":11}},{"start":{"line":120,"column":10},"end":{"line":123,"column":11}}]},"2":{"loc":{"start":{"line":126,"column":8},"end":{"line":132,"column":9}},"type":"if","locations":[{"start":{"line":126,"column":8},"end":{"line":132,"column":9}},{"start":{"line":126,"column":8},"end":{"line":132,"column":9}}]},"3":{"loc":{"start":{"line":126,"column":12},"end":{"line":126,"column":30}},"type":"binary-expr","locations":[{"start":{"line":126,"column":12},"end":{"line":126,"column":30}},{"start":{"line":126,"column":35},"end":{"line":126,"column":62}},{"start":{"line":126,"column":66},"end":{"line":126,"column":96}}]},"4":{"loc":{"start":{"line":159,"column":4},"end":{"line":161,"column":5}},"type":"if","locations":[{"start":{"line":159,"column":4},"end":{"line":161,"column":5}},{"start":{"line":159,"column":4},"end":{"line":161,"column":5}}]},"5":{"loc":{"start":{"line":159,"column":8},"end":{"line":159,"column":23}},"type":"binary-expr","locations":[{"start":{"line":159,"column":8},"end":{"line":159,"column":23}},{"start":{"line":159,"column":27},"end":{"line":159,"column":42}}]},"6":{"loc":{"start":{"line":174,"column":4},"end":{"line":178,"column":5}},"type":"if","locations":[{"start":{"line":174,"column":4},"end":{"line":178,"column":5}},{"start":{"line":174,"column":4},"end":{"line":178,"column":5}}]},"7":{"loc":{"start":{"line":197,"column":4},"end":{"line":199,"column":5}},"type":"if","locations":[{"start":{"line":197,"column":4},"end":{"line":199,"column":5}},{"start":{"line":197,"column":4},"end":{"line":199,"column":5}}]},"8":{"loc":{"start":{"line":206,"column":6},"end":{"line":214,"column":7}},"type":"if","locations":[{"start":{"line":206,"column":6},"end":{"line":214,"column":7}},{"start":{"line":206,"column":6},"end":{"line":214,"column":7}}]},"9":{"loc":{"start":{"line":210,"column":8},"end":{"line":212,"column":9}},"type":"if","locations":[{"start":{"line":210,"column":8},"end":{"line":212,"column":9}},{"start":{"line":210,"column":8},"end":{"line":212,"column":9}}]},"10":{"loc":{"start":{"line":216,"column":40},"end":{"line":216,"column":52}},"type":"cond-expr","locations":[{"start":{"line":216,"column":40},"end":{"line":216,"column":52}},{"start":{"line":216,"column":55},"end":{"line":216,"column":69}}]},"11":{"loc":{"start":{"line":224,"column":6},"end":{"line":236,"column":7}},"type":"if","locations":[{"start":{"line":224,"column":6},"end":{"line":236,"column":7}},{"start":{"line":224,"column":6},"end":{"line":236,"column":7}}]},"12":{"loc":{"start":{"line":228,"column":10},"end":{"line":230,"column":11}},"type":"if","locations":[{"start":{"line":228,"column":10},"end":{"line":230,"column":11}},{"start":{"line":228,"column":10},"end":{"line":230,"column":11}}]},"13":{"loc":{"start":{"line":269,"column":4},"end":{"line":273,"column":5}},"type":"if","locations":[{"start":{"line":269,"column":4},"end":{"line":273,"column":5}},{"start":{"line":269,"column":4},"end":{"line":273,"column":5}}]},"14":{"loc":{"start":{"line":271,"column":11},"end":{"line":273,"column":5}},"type":"if","locations":[{"start":{"line":271,"column":11},"end":{"line":273,"column":5}},{"start":{"line":271,"column":11},"end":{"line":273,"column":5}}]},"15":{"loc":{"start":{"line":272,"column":13},"end":{"line":272,"column":40}},"type":"binary-expr","locations":[{"start":{"line":272,"column":13},"end":{"line":272,"column":40}},{"start":{"line":272,"column":44},"end":{"line":272,"column":74}}]},"16":{"loc":{"start":{"line":279,"column":4},"end":{"line":293,"column":5}},"type":"if","locations":[{"start":{"line":279,"column":4},"end":{"line":293,"column":5}},{"start":{"line":279,"column":4},"end":{"line":293,"column":5}}]},"17":{"loc":{"start":{"line":280,"column":14},"end":{"line":280,"column":51}},"type":"binary-expr","locations":[{"start":{"line":280,"column":14},"end":{"line":280,"column":51}},{"start":{"line":280,"column":55},"end":{"line":280,"column":80}},{"start":{"line":280,"column":85},"end":{"line":280,"column":97}}]},"18":{"loc":{"start":{"line":281,"column":11},"end":{"line":293,"column":5}},"type":"if","locations":[{"start":{"line":281,"column":11},"end":{"line":293,"column":5}},{"start":{"line":281,"column":11},"end":{"line":293,"column":5}}]},"19":{"loc":{"start":{"line":282,"column":14},"end":{"line":282,"column":51}},"type":"binary-expr","locations":[{"start":{"line":282,"column":14},"end":{"line":282,"column":51}},{"start":{"line":282,"column":55},"end":{"line":282,"column":80}},{"start":{"line":282,"column":85},"end":{"line":282,"column":96}}]},"20":{"loc":{"start":{"line":283,"column":11},"end":{"line":293,"column":5}},"type":"if","locations":[{"start":{"line":283,"column":11},"end":{"line":293,"column":5}},{"start":{"line":283,"column":11},"end":{"line":293,"column":5}}]},"21":{"loc":{"start":{"line":284,"column":14},"end":{"line":284,"column":51}},"type":"binary-expr","locations":[{"start":{"line":284,"column":14},"end":{"line":284,"column":51}},{"start":{"line":284,"column":55},"end":{"line":284,"column":80}},{"start":{"line":285,"column":8},"end":{"line":285,"column":35}},{"start":{"line":285,"column":40},"end":{"line":285,"column":70}},{"start":{"line":286,"column":11},"end":{"line":286,"column":47}},{"start":{"line":286,"column":51},"end":{"line":286,"column":79}}]},"22":{"loc":{"start":{"line":288,"column":11},"end":{"line":293,"column":5}},"type":"if","locations":[{"start":{"line":288,"column":11},"end":{"line":293,"column":5}},{"start":{"line":288,"column":11},"end":{"line":293,"column":5}}]},"23":{"loc":{"start":{"line":289,"column":14},"end":{"line":289,"column":51}},"type":"binary-expr","locations":[{"start":{"line":289,"column":14},"end":{"line":289,"column":51}},{"start":{"line":289,"column":55},"end":{"line":289,"column":80}},{"start":{"line":290,"column":6},"end":{"line":290,"column":33}},{"start":{"line":290,"column":38},"end":{"line":290,"column":68}},{"start":{"line":290,"column":72},"end":{"line":290,"column":108}}]},"24":{"loc":{"start":{"line":291,"column":11},"end":{"line":293,"column":5}},"type":"if","locations":[{"start":{"line":291,"column":11},"end":{"line":293,"column":5}},{"start":{"line":291,"column":11},"end":{"line":293,"column":5}}]},"25":{"loc":{"start":{"line":291,"column":15},"end":{"line":291,"column":34}},"type":"binary-expr","locations":[{"start":{"line":291,"column":15},"end":{"line":291,"column":34}},{"start":{"line":291,"column":38},"end":{"line":291,"column":57}}]},"26":{"loc":{"start":{"line":292,"column":13},"end":{"line":292,"column":50}},"type":"binary-expr","locations":[{"start":{"line":292,"column":13},"end":{"line":292,"column":50}},{"start":{"line":292,"column":54},"end":{"line":292,"column":79}}]},"27":{"loc":{"start":{"line":298,"column":4},"end":{"line":300,"column":5}},"type":"if","locations":[{"start":{"line":298,"column":4},"end":{"line":300,"column":5}},{"start":{"line":298,"column":4},"end":{"line":300,"column":5}}]},"28":{"loc":{"start":{"line":298,"column":8},"end":{"line":298,"column":29}},"type":"binary-expr","locations":[{"start":{"line":298,"column":8},"end":{"line":298,"column":29}},{"start":{"line":298,"column":33},"end":{"line":298,"column":51}},{"start":{"line":298,"column":56},"end":{"line":298,"column":75}},{"start":{"line":298,"column":79},"end":{"line":298,"column":96}}]},"29":{"loc":{"start":{"line":305,"column":4},"end":{"line":308,"column":5}},"type":"if","locations":[{"start":{"line":305,"column":4},"end":{"line":308,"column":5}},{"start":{"line":305,"column":4},"end":{"line":308,"column":5}}]},"30":{"loc":{"start":{"line":305,"column":9},"end":{"line":305,"column":39}},"type":"binary-expr","locations":[{"start":{"line":305,"column":9},"end":{"line":305,"column":39}},{"start":{"line":305,"column":43},"end":{"line":305,"column":71}},{"start":{"line":305,"column":75},"end":{"line":305,"column":90}},{"start":{"line":306,"column":7},"end":{"line":306,"column":29}},{"start":{"line":306,"column":33},"end":{"line":306,"column":59}}]},"31":{"loc":{"start":{"line":314,"column":4},"end":{"line":330,"column":5}},"type":"if","locations":[{"start":{"line":314,"column":4},"end":{"line":330,"column":5}},{"start":{"line":314,"column":4},"end":{"line":330,"column":5}}]},"32":{"loc":{"start":{"line":316,"column":11},"end":{"line":330,"column":5}},"type":"if","locations":[{"start":{"line":316,"column":11},"end":{"line":330,"column":5}},{"start":{"line":316,"column":11},"end":{"line":330,"column":5}}]},"33":{"loc":{"start":{"line":316,"column":15},"end":{"line":316,"column":41}},"type":"binary-expr","locations":[{"start":{"line":316,"column":15},"end":{"line":316,"column":41}},{"start":{"line":316,"column":45},"end":{"line":316,"column":68}}]},"34":{"loc":{"start":{"line":317,"column":6},"end":{"line":321,"column":7}},"type":"if","locations":[{"start":{"line":317,"column":6},"end":{"line":321,"column":7}},{"start":{"line":317,"column":6},"end":{"line":321,"column":7}}]},"35":{"loc":{"start":{"line":322,"column":11},"end":{"line":330,"column":5}},"type":"if","locations":[{"start":{"line":322,"column":11},"end":{"line":330,"column":5}},{"start":{"line":322,"column":11},"end":{"line":330,"column":5}}]},"36":{"loc":{"start":{"line":326,"column":11},"end":{"line":330,"column":5}},"type":"if","locations":[{"start":{"line":326,"column":11},"end":{"line":330,"column":5}},{"start":{"line":326,"column":11},"end":{"line":330,"column":5}}]},"37":{"loc":{"start":{"line":328,"column":11},"end":{"line":330,"column":5}},"type":"if","locations":[{"start":{"line":328,"column":11},"end":{"line":330,"column":5}},{"start":{"line":328,"column":11},"end":{"line":330,"column":5}}]},"38":{"loc":{"start":{"line":334,"column":77},"end":{"line":334,"column":79}},"type":"cond-expr","locations":[{"start":{"line":334,"column":77},"end":{"line":334,"column":79}},{"start":{"line":334,"column":82},"end":{"line":334,"column":83}}]},"39":{"loc":{"start":{"line":335,"column":46},"end":{"line":335,"column":47}},"type":"cond-expr","locations":[{"start":{"line":335,"column":46},"end":{"line":335,"column":47}},{"start":{"line":335,"column":50},"end":{"line":335,"column":52}}]},"40":{"loc":{"start":{"line":339,"column":4},"end":{"line":341,"column":5}},"type":"if","locations":[{"start":{"line":339,"column":4},"end":{"line":341,"column":5}},{"start":{"line":339,"column":4},"end":{"line":341,"column":5}}]},"41":{"loc":{"start":{"line":342,"column":11},"end":{"line":342,"column":31}},"type":"binary-expr","locations":[{"start":{"line":342,"column":11},"end":{"line":342,"column":31}},{"start":{"line":342,"column":36},"end":{"line":342,"column":87}}]},"42":{"loc":{"start":{"line":75,"column":36},"end":{"line":76,"column":25}},"type":"binary-expr","locations":[{"start":{"line":75,"column":36},"end":{"line":76,"column":25}},{"start":{"line":75,"column":36},"end":{"line":76,"column":25}}]},"43":{"loc":{"start":{"line":75,"column":25},"end":{"line":75,"column":36}},"type":"binary-expr","locations":[{"start":{"line":75,"column":25},"end":{"line":75,"column":36}}]},"44":{"loc":{"start":{"line":75,"column":36},"end":{"line":76,"column":46}},"type":"binary-expr","locations":[{"start":{"line":75,"column":36},"end":{"line":76,"column":46}},{"start":{"line":76,"column":46},"end":{"line":77,"column":26}},{"start":{"line":76,"column":46},"end":{"line":77,"column":26}}]},"45":{"loc":{"start":{"line":75,"column":36},"end":{"line":76,"column":46}},"type":"binary-expr","locations":[{"start":{"line":75,"column":36},"end":{"line":76,"column":46}},{"start":{"line":76,"column":26},"end":{"line":76,"column":46}}]},"46":{"loc":{"start":{"line":76,"column":46},"end":{"line":77,"column":40}},"type":"binary-expr","locations":[{"start":{"line":76,"column":46},"end":{"line":77,"column":40}},{"start":{"line":77,"column":40},"end":{"line":78,"column":30}},{"start":{"line":77,"column":40},"end":{"line":78,"column":30}}]},"47":{"loc":{"start":{"line":76,"column":46},"end":{"line":77,"column":40}},"type":"binary-expr","locations":[{"start":{"line":76,"column":46},"end":{"line":77,"column":40}},{"start":{"line":77,"column":27},"end":{"line":77,"column":40}}]},"48":{"loc":{"start":{"line":77,"column":40},"end":{"line":78,"column":48}},"type":"binary-expr","locations":[{"start":{"line":77,"column":40},"end":{"line":78,"column":48}},{"start":{"line":78,"column":48},"end":{"line":null,"column":-1}},{"start":{"line":78,"column":48},"end":{"line":null,"column":-1}}]},"49":{"loc":{"start":{"line":77,"column":40},"end":{"line":78,"column":48}},"type":"binary-expr","locations":[{"start":{"line":77,"column":40},"end":{"line":78,"column":48}},{"start":{"line":78,"column":31},"end":{"line":78,"column":48}}]}},"s":{"0":1,"1":1,"2":1,"3":1,"4":1,"5":1,"6":1,"7":1,"8":1,"9":1,"10":1,"11":1,"12":13,"13":13,"14":13,"15":13,"16":13,"17":13,"18":13,"19":13,"20":13,"21":13,"22":13,"23":13,"24":13,"25":13,"26":13,"27":13,"28":13,"29":13,"30":13,"31":0,"32":0,"33":13,"34":13,"35":13,"36":13,"37":13,"38":13,"39":13,"40":13,"41":117,"42":65,"43":1,"44":1,"45":1,"46":1,"47":1,"48":1,"49":1,"50":1,"51":1,"52":1,"53":1,"54":1,"55":1,"56":1,"57":1,"58":1,"59":0,"60":1,"61":0,"62":1,"63":1,"64":1,"65":1,"66":1,"67":1,"68":1,"69":1,"70":1,"71":1,"72":0,"73":0,"74":0,"75":1,"76":1,"77":2,"78":2,"79":3,"80":2,"81":1,"82":1,"83":1,"84":2,"85":1,"86":0,"87":1,"88":3,"89":3,"90":3,"91":3,"92":3,"93":3,"94":5,"95":3,"96":1,"97":3,"98":3,"99":3,"100":3,"101":3,"102":1,"103":2,"104":2,"105":2,"106":2,"107":3,"108":3,"109":0,"110":1,"111":1,"112":1,"113":1,"114":1,"115":1,"116":1,"117":1,"118":1,"119":1,"120":1,"121":0,"122":1,"123":0,"124":1,"125":0,"126":1,"127":2,"128":2,"129":2,"130":1,"131":1,"132":1,"133":2,"134":2,"135":2,"136":1,"137":1,"138":1,"139":5,"140":2,"141":3,"142":3,"143":0,"144":1,"145":18,"146":2,"147":16,"148":1,"149":15,"150":6,"151":9,"152":5,"153":4,"154":4,"155":0,"156":1,"157":12,"158":8,"159":4,"160":1,"161":4,"162":2,"163":2,"164":1,"165":6,"166":6,"167":1,"168":5,"169":2,"170":1,"171":1,"172":3,"173":1,"174":1,"175":2,"176":1,"177":1,"178":1,"179":1,"180":1,"181":1,"182":0,"183":1,"184":2,"185":1,"186":1,"187":1,"188":6,"189":6,"190":1,"191":1,"192":1},"f":{"0":1,"1":13,"2":0,"3":0,"4":117,"5":1,"6":1,"7":1,"8":0,"9":0,"10":1,"11":1,"12":0,"13":0,"14":2,"15":3,"16":0,"17":3,"18":5,"19":3,"20":2,"21":0,"22":1,"23":1,"24":1,"25":1,"26":0,"27":0,"28":0,"29":2,"30":1,"31":1,"32":2,"33":1,"34":1,"35":5,"36":18,"37":12,"38":4,"39":6,"40":1,"41":0,"42":2,"43":6},"b":{"0":[65,52],"1":[1,0],"2":[1,0],"3":[1,1,1],"4":[0,0],"5":[0,0],"6":[1,1],"7":[1,2],"8":[1,2],"9":[2,0],"10":[1,2],"11":[1,0],"12":[1,0],"13":[2,3],"14":[3,0],"15":[3,2],"16":[2,16],"17":[2,0,2],"18":[1,15],"19":[1,0,1],"20":[6,9],"21":[6,2,5,4,4,2],"22":[5,4],"23":[5,1,4,3,3],"24":[4,0],"25":[4,2],"26":[4,2],"27":[8,4],"28":[12,10,8,6],"29":[2,2],"30":[4,4,4,2,1],"31":[1,5],"32":[2,3],"33":[5,4],"34":[1,1],"35":[1,2],"36":[1,1],"37":[1,0],"38":[0,0],"39":[0,0],"40":[1,1],"41":[1,1],"42":[1,0],"43":[1],"44":[1,1,0],"45":[1,1],"46":[1,1,0],"47":[1,1],"48":[1,1,0],"49":[1,1]}}
,"D:\\Projects\\asaq2\\Crosswater\\Crosswater_Portal\\Portal\\angularapp\\app\\blockui\\block-ui.component.html": {"path":"D:\\Projects\\asaq2\\Crosswater\\Crosswater_Portal\\Portal\\angularapp\\app\\blockui\\block-ui.component.html","statementMap":{"0":{"start":{"line":1,"column":0},"end":{"line":1,"column":369}}},"fnMap":{},"branchMap":{},"s":{"0":5},"f":{},"b":{},"_coverageSchema":"332fd63041d2c1bcb487cc26dd0d5f7d97098a6c","hash":"46bf823d2e0e4aa6690661ff12443c6765f883c4"}
,"D:\\Projects\\asaq2\\Crosswater\\Crosswater_Portal\\Portal\\angularapp\\app\\blockui\\block-ui.component.ts": {"path":"D:\\Projects\\asaq2\\Crosswater\\Crosswater_Portal\\Portal\\angularapp\\app\\blockui\\block-ui.component.ts","statementMap":{"0":{"start":{"line":1,"column":0},"end":{"line":1,"column":49}},"1":{"start":{"line":2,"column":0},"end":{"line":2,"column":82}},"2":{"start":{"line":9,"column":0},"end":{"line":18,"column":0}},"3":{"start":{"line":11,"column":22},"end":{"line":11,"column":52}},"4":{"start":{"line":12,"column":2},"end":{"line":12,"column":18}},"5":{"start":{"line":14,"column":2},"end":{"line":16,"column":3}},"6":{"start":{"line":14,"column":2},"end":{"line":16,"column":2}},"7":{"start":{"line":15,"column":4},"end":{"line":15,"column":77}},"8":{"start":{"line":15,"column":56},"end":{"line":15,"column":75}},"9":{"start":{"line":9,"column":13},"end":{"line":18,"column":1}},"10":{"start":{"line":18,"column":0},"end":{"line":18,"column":1}},"11":{"start":{"line":9,"column":13},"end":{"line":9,"column":29}}},"fnMap":{"0":{"name":"(anonymous_2)","decl":{"start":{"line":9,"column":0},"end":{"line":null,"column":-1}},"loc":{"start":{"line":9,"column":0},"end":{"line":9,"column":-1}}},"1":{"name":"BlockUiComponent","decl":{"start":{"line":11,"column":2},"end":{"line":11,"column":21}},"loc":{"start":{"line":11,"column":52},"end":{"line":11,"column":57}}},"2":{"name":"(anonymous_4)","decl":{"start":{"line":14,"column":2},"end":{"line":null,"column":-1}},"loc":{"start":{"line":14,"column":2},"end":{"line":16,"column":3}}},"3":{"name":"(anonymous_5)","decl":{"start":{"line":15,"column":48},"end":{"line":15,"column":47}},"loc":{"start":{"line":15,"column":52},"end":{"line":15,"column":75}}}},"branchMap":{"0":{"loc":{"start":{"line":11,"column":52},"end":{"line":null,"column":-1}},"type":"binary-expr","locations":[{"start":{"line":11,"column":52},"end":{"line":null,"column":-1}},{"start":{"line":11,"column":52},"end":{"line":null,"column":-1}}]},"1":{"loc":{"start":{"line":11,"column":38},"end":{"line":11,"column":52}},"type":"binary-expr","locations":[{"start":{"line":11,"column":38},"end":{"line":11,"column":52}
[...]
on_components\\components\\grid\\customcolumn\\customcolumn.component.ts": {"path":"D:\\Projects\\asaq2\\Crosswater\\Crosswater_Portal\\Portal\\angularapp\\common_components\\components\\grid\\customcolumn\\customcolumn.component.ts","statementMap":{"0":{"start":{"line":1,"column":0},"end":{"line":2,"column":62}},"1":{"start":{"line":3,"column":0},"end":{"line":3,"column":46}},"2":{"start":{"line":10,"column":0},"end":{"line":31,"column":0}},"3":{"start":{"line":12,"column":22},"end":{"line":12,"column":56}},"4":{"start":{"line":13,"column":12},"end":{"line":13,"column":30}},"5":{"start":{"line":14,"column":12},"end":{"line":14,"column":33}},"6":{"start":{"line":24,"column":2},"end":{"line":29,"column":3}},"7":{"start":{"line":25,"column":20},"end":{"line":25,"column":90}},"8":{"start":{"line":26,"column":4},"end":{"line":26,"column":59}},"9":{"start":{"line":27,"column":4},"end":{"line":27,"column":43}},"10":{"start":{"line":28,"column":4},"end":{"line":28,"column":49}},"11":{"start":{"line":17,"column":2},"end":{"line":17,"column":11}},"12":{"start":{"line":19,"column":2},"end":{"line":19,"column":21}},"13":{"start":{"line":22,"column":52},"end":{"line":22,"column":60}},"14":{"start":{"line":10,"column":13},"end":{"line":31,"column":1}},"15":{"start":{"line":31,"column":0},"end":{"line":31,"column":1}},"16":{"start":{"line":10,"column":13},"end":{"line":10,"column":34}}},"fnMap":{"0":{"name":"(anonymous_2)","decl":{"start":{"line":10,"column":0},"end":{"line":null,"column":-1}},"loc":{"start":{"line":10,"column":0},"end":{"line":10,"column":-1}}},"1":{"name":"CustomcolumnComponent","decl":{"start":{"line":12,"column":2},"end":{"line":12,"column":21}},"loc":{"start":{"line":14,"column":33},"end":{"line":14,"column":39}}},"2":{"name":"(anonymous_4)","decl":{"start":{"line":24,"column":2},"end":{"line":null,"column":-1}},"loc":{"start":{"line":24,"column":2},"end":{"line":29,"column":3}}}},"branchMap":{"0":{"loc":{"start":{"line":19,"column":20},"end":{"line":null,"column":-1}},"type":"binary-expr","locations":[{"start":{"line":19,"column":20},"end":{"line":null,"column":-1}},{"start":{"line":19,"column":20},"end":{"line":null,"column":-1}}]},"1":{"loc":{"start":{"line":19,"column":10},"end":{"line":19,"column":20}},"type":"binary-expr","locations":[{"start":{"line":19,"column":10},"end":{"line":19,"column":20}}]},"2":{"loc":{"start":{"line":12,"column":56},"end":{"line":13,"column":21}},"type":"binary-expr","locations":[{"start":{"line":12,"column":56},"end":{"line":13,"column":21}},{"start":{"line":12,"column":56},"end":{"line":13,"column":21}}]},"3":{"loc":{"start":{"line":12,"column":32},"end":{"line":12,"column":56}},"type":"binary-expr","locations":[{"start":{"line":12,"column":32},"end":{"line":12,"column":56}}]},"4":{"loc":{"start":{"line":12,"column":56},"end":{"line":13,"column":30}},"type":"binary-expr","locations":[{"start":{"line":12,"column":56},"end":{"line":13,"column":30}},{"start":{"line":13,"column":30},"end":{"line":14,"column":16}},{"start":{"line":13,"column":30},"end":{"line":14,"column":16}}]},"5":{"loc":{"start":{"line":12,"column":56},"end":{"line":13,"column":30}},"type":"binary-expr","locations":[{"start":{"line":12,"column":56},"end":{"line":13,"column":30}},{"start":{"line":13,"column":22},"end":{"line":13,"column":30}}]},"6":{"loc":{"start":{"line":13,"column":30},"end":{"line":14,"column":33}},"type":"binary-expr","locations":[{"start":{"line":13,"column":30},"end":{"line":14,"column":33}},{"start":{"line":14,"column":33},"end":{"line":null,"column":-1}},{"start":{"line":14,"column":33},"end":{"line":null,"column":-1}}]},"7":{"loc":{"start":{"line":13,"column":30},"end":{"line":14,"column":33}},"type":"binary-expr","locations":[{"start":{"line":13,"column":30},"end":{"line":14,"column":33}},{"start":{"line":14,"column":17},"end":{"line":14,"column":33}}]}},"s":{"0":4,"1":4,"2":4,"3":0,"4":0,"5":0,"6":4,"7":0,"8":0,"9":0,"10":0,"11":4,"12":4,"13":4,"14":4,"15":4,"16":4},"f":{"0":4,"1":0,"2":0},"b":{"0":[4,0],"1":[4],"2":[4,0],"3":[4],"4":[4,4,0],"5":[4,4],"6":[4,4,0],"7":[4,4]}}
,"D:\\Projects\\asaq2\\Crosswater\\Crosswater_Portal\\Portal\\angularapp\\common_components\\components\\multipleCheckbox\\multipleCheckbox.html": {"path":"D:\\Projects\\asaq2\\Crosswater\\Crosswater_Portal\\Portal\\angularapp\\common_components\\components\\multipleCheckbox\\multipleCheckbox.html","statementMap":{"0":{"start":{"line":1,"column":0},"end":{"line":1,"column":214}}},"fnMap":{},"branchMap":{},"s":{"0":5},"f":{},"b":{},"_coverageSchema":"332fd63041d2c1bcb487cc26dd0d5f7d97098a6c","hash":"faf8658a4a00fe28b5eb559f67842177658cc803"}
,"D:\\Projects\\asaq2\\Crosswater\\Crosswater_Portal\\Portal\\angularapp\\common_components\\components\\multipleCheckbox\\multipleCheckbox.ts": {"path":"D:\\Projects\\asaq2\\Crosswater\\Crosswater_Portal\\Portal\\angularapp\\common_components\\components\\multipleCheckbox\\multipleCheckbox.ts","statementMap":{"0":{"start":{"line":1,"column":0},"end":{"line":1,"column":48}},"1":{"start":{"line":8,"column":0},"end":{"line":18,"column":0}},"2":{"start":{"line":10,"column":4},"end":{"line":10,"column":26}},"3":{"start":{"line":12,"column":4},"end":{"line":12,"column":19}},"4":{"start":{"line":14,"column":4},"end":{"line":14,"column":31}},"5":{"start":{"line":17,"column":4},"end":{"line":17,"column":21}},"6":{"start":{"line":8,"column":13},"end":{"line":18,"column":1}},"7":{"start":{"line":18,"column":0},"end":{"line":18,"column":1}},"8":{"start":{"line":8,"column":13},"end":{"line":8,"column":38}}},"fnMap":{"0":{"name":"(anonymous_2)","decl":{"start":{"line":8,"column":0},"end":{"line":null,"column":-1}},"loc":{"start":{"line":8,"column":0},"end":{"line":8,"column":-1}}},"1":{"name":"MultipleCheckboxComponent","decl":{"start":{"line":3,"column":0},"end":{"line":null,"column":-1}},"loc":{"start":{"line":3,"column":0},"end":{"line":18,"column":1}}}},"branchMap":{},"s":{"0":5,"1":5,"2":6,"3":6,"4":6,"5":6,"6":5,"7":5,"8":5},"f":{"0":5,"1":1},"b":{}}
,"D:\\Projects\\asaq2\\Crosswater\\Crosswater_Portal\\Portal\\angularapp\\common_components\\services\\block-ui.service.ts": {"path":"D:\\Projects\\asaq2\\Crosswater\\Crosswater_Portal\\Portal\\angularapp\\common_components\\services\\block-ui.service.ts","statementMap":{"0":{"start":{"line":1,"column":0},"end":{"line":1,"column":56}},"1":{"start":{"line":4,"column":0},"end":{"line":20,"column":0}},"2":{"start":{"line":9,"column":8},"end":{"line":9,"column":47}},"3":{"start":{"line":12,"column":11},"end":{"line":15,"column":5}},"4":{"start":{"line":12,"column":4},"end":{"line":15,"column":4}},"5":{"start":{"line":14,"column":8},"end":{"line":14,"column":60}},"6":{"start":{"line":14,"column":26},"end":{"line":14,"column":54}},"7":{"start":{"line":17,"column":11},"end":{"line":19,"column":5}},"8":{"start":{"line":17,"column":4},"end":{"line":19,"column":4}},"9":{"start":{"line":18,"column":6},"end":{"line":18,"column":59}},"10":{"start":{"line":18,"column":24},"end":{"line":18,"column":53}},"11":{"start":{"line":4,"column":13},"end":{"line":20,"column":1}},"12":{"start":{"line":20,"column":0},"end":{"line":20,"column":1}},"13":{"start":{"line":4,"column":13},"end":{"line":4,"column":27}}},"fnMap":{"0":{"name":"(anonymous_2)","decl":{"start":{"line":4,"column":0},"end":{"line":null,"column":-1}},"loc":{"start":{"line":4,"column":0},"end":{"line":4,"column":-1}}},"1":{"name":"BlockUIService","decl":{"start":{"line":8,"column":4},"end":{"line":null,"column":-1}},"loc":{"start":{"line":8,"column":4},"end":{"line":10,"column":5}}},"2":{"name":"(anonymous_4)","decl":{"start":{"line":12,"column":4},"end":{"line":null,"column":-1}},"loc":{"start":{"line":12,"column":4},"end":{"line":15,"column":5}}},"3":{"name":"(anonymous_5)","decl":{"start":{"line":14,"column":20},"end":{"line":14,"column":25}},"loc":{"start":{"line":14,"column":20},"end":{"line":14,"column":54}}},"4":{"name":"(anonymous_6)","decl":{"start":{"line":17,"column":4},"end":{"line":null,"column":-1}},"loc":{"start":{"line":17,"column":4},"end":{"line":19,"column":5}}},"5":{"name":"(anonymous_7)","decl":{"start":{"line":18,"column":18},"end":{"line":18,"column":23}},"loc":{"start":{"line":18,"column":18},"end":{"line":18,"column":53}}}},"branchMap":{},"s":{"0":13,"1":13,"2":6,"3":13,"4":1,"5":1,"6":0,"7":13,"8":0,"9":0,"10":0,"11":13,"12":13,"13":13},"f":{"0":13,"1":6,"2":1,"3":0,"4":0,"5":0},"b":{}}
,"D:\\Projects\\asaq2\\Crosswater\\Crosswater_Portal\\Portal\\angularapp\\cw-flex\\services\\common.service.ts": {"path":"D:\\Projects\\asaq2\\Crosswater\\Crosswater_Portal\\Portal\\angularapp\\cw-flex\\services\\common.service.ts","statementMap":{"0":{"start":{"line":1,"column":0},"end":{"line":1,"column":42}},"1":{"start":{"line":3,"column":0},"end":{"line":3,"column":32}},"2":{"start":{"line":6,"column":0},"end":{"line":28,"column":0}},"3":{"start":{"line":11,"column":2},"end":{"line":22,"column":3}},"4":{"start":{"line":12,"column":4},"end":{"line":14,"column":5}},"5":{"start":{"line":13,"column":6},"end":{"line":13,"column":31}},"6":{"start":{"line":15,"column":4},"end":{"line":17,"column":5}},"7":{"start":{"line":16,"column":6},"end":{"line":16,"column":23}},"8":{"start":{"line":18,"column":4},"end":{"line":20,"column":5}},"9":{"start":{"line":19,"column":6},"end":{"line":19,"column":28}},"10":{"start":{"line":21,"column":4},"end":{"line":21,"column":23}},"11":{"start":{"line":24,"column":2},"end":{"line":26,"column":3}},"12":{"start":{"line":25,"column":4},"end":{"line":25,"column":45}},"13":{"start":{"line":6,"column":13},"end":{"line":28,"column":1}},"14":{"start":{"line":28,"column":0},"end":{"line":28,"column":1}},"15":{"start":{"line":6,"column":13},"end":{"line":6,"column":26}}},"fnMap":{"0":{"name":"(anonymous_2)","decl":{"start":{"line":6,"column":0},"end":{"line":null,"column":-1}},"loc":{"start":{"line":6,"column":0},"end":{"line":6,"column":-1}}},"1":{"name":"CommonService","decl":{"start":{"line":9,"column":2},"end":{"line":null,"column":-1}},"loc":{"start":{"line":9,"column":2},"end":{"line":9,"column":19}}},"2":{"name":"(anonymous_4)","decl":{"start":{"line":11,"column":2},"end":{"line":11,"column":10}},"loc":{"start":{"line":11,"column":33},"end":{"line":22,"column":3}}},"3":{"name":"(anonymous_5)","decl":{"start":{"line":24,"column":2},"end":{"line":24,"column":17}},"loc":{"start":{"line":24,"column":28},"end":{"line":26,"column":3}}}},"branchMap":{"0":{"loc":{"start":{"line":12,"column":4},"end":{"line":14,"column":5}},"type":"if","locations":[{"start":{"line":12,"column":4},"end":{"line":14,"column":5}},{"start":{"line":12,"column":4},"end":{"line":14,"column":5}}]},"1":{"loc":{"start":{"line":12,"column":8},"end":{"line":12,"column":25}},"type":"binary-expr","locations":[{"start":{"line":12,"column":8},"end":{"line":12,"column":25}},{"start":{"line":12,"column":30},"end":{"line":12,"column":56}},{"start":{"line":12,"column":60},"end":{"line":12,"column":77}}]},"2":{"loc":{"start":{"line":15,"column":4},"end":{"line":17,"column":5}},"type":"if","locations":[{"start":{"line":15,"column":4},"end":{"line":17,"column":5}},{"start":{"line":15,"column":4},"end":{"line":17,"column":5}}]},"3":{"loc":{"start":{"line":18,"column":4},"end":{"line":20,"column":5}},"type":"if","locations":[{"start":{"line":18,"column":4},"end":{"line":20,"column":5}},{"start":{"line":18,"column":4},"end":{"line":20,"column":5}}]}},"s":{"0":8,"1":8,"2":8,"3":8,"4":6,"5":1,"6":5,"7":4,"8":1,"9":1,"10":0,"11":8,"12":0,"13":8,"14":8,"15":8},"f":{"0":8,"1":8,"2":6,"3":0},"b":{"0":[1,5],"1":[6,5,4],"2":[4,1],"3":[1,0]}}
,"D:\\Projects\\asaq2\\Crosswater\\Crosswater_Portal\\Portal\\angularapp\\cw-flex\\services\\menu.service.ts": {"path":"D:\\Projects\\asaq2\\Crosswater\\Crosswater_Portal\\Portal\\angularapp\\cw-flex\\services\\menu.service.ts","statementMap":{"0":{"start":{"line":1,"column":0},"end":{"line":1,"column":42}},"1":{"start":{"line":3,"column":0},"end":{"line":8,"column":0}},"2":{"start":{"line":8,"column":0},"end":{"line":8,"column":1}},"3":{"start":{"line":3,"column":13},"end":{"line":3,"column":21}},"4":{"start":{"line":11,"column":0},"end":{"line":23,"column":0}},"5":{"start":{"line":14,"column":2},"end":{"line":14,"column":19}},"6":{"start":{"line":15,"column":2},"end":{"line":15,"column":29}},"7":{"start":{"line":19,"column":2},"end":{"line":22,"column":3}},"8":{"start":{"line":20,"column":4},"end":{"line":20,"column":27}},"9":{"start":{"line":21,"column":4},"end":{"line":21,"column":57}},"10":{"start":{"line":11,"column":13},"end":{"line":23,"column":1}},"11":{"start":{"line":23,"column":0},"end":{"line":23,"column":1}},"12":{"start":{"line":11,"column":13},"end":{"line":11,"column":24}}},"fnMap":{"0":{"name":"(anonymous_2)","decl":{"start":{"line":3,"column":0},"end":{"line":null,"column":-1}},"loc":{"start":{"line":3,"column":0},"end":{"line":3,"column":-1}}},"1":{"name":"(anonymous_4)","decl":{"start":{"line":11,"column":0},"end":{"line":null,"column":-1}},"loc":{"start":{"line":11,"column":0},"end":{"line":11,"column":-1}}},"2":{"name":"MenuService","decl":{"start":{"line":17,"column":2},"end":{"line":null,"column":-1}},"loc":{"start":{"line":17,"column":2},"end":{"line":17,"column":19}}},"3":{"name":"(anonymous_6)","decl":{"start":{"line":19,"column":2},"end":{"line":null,"column":-1}},"loc":{"start":{"line":19,"column":2},"end":{"line":22,"column":3}}}},"branchMap":{},"s":{"0":1,"1":1,"2":1,"3":1,"4":1,"5":1,"6":1,"7":1,"8":0,"9":0,"10":1,"11":1,"12":1},"f":{"0":1,"1":1,"2":1,"3":0},"b":{}}
,"D:\\Projects\\asaq2\\Crosswater\\Crosswater_Portal\\Portal\\angularapp\\cw-flex\\users\\user-api.ts": {"path":"D:\\Projects\\asaq2\\Crosswater\\Crosswater_Portal\\Portal\\angularapp\\cw-flex\\users\\user-api.ts","statementMap":{"0":{"start":{"line":3,"column":0},"end":{"line":13,"column":4}},"1":{"start":{"line":13,"column":4},"end":{"line":13,"column":5}},"2":{"start":{"line":3,"column":22},"end":{"line":3,"column":29}}},"fnMap":{"0":{"name":"(anonymous_0)","decl":{"start":{"line":3,"column":0},"end":{"line":null,"column":-1}},"loc":{"start":{"line":3,"column":0},"end":{"line":3,"column":-1}}}},"branchMap":{},"s":{"0":1,"1":1,"2":1},"f":{"0":2},"b":{}}
,"D:\\Projects\\asaq2\\Crosswater\\Crosswater_Portal\\Portal\\angularapp\\cw-flex\\users\\forgot-password\\forgot-password.component.html": {"path":"D:\\Projects\\asaq2\\Crosswater\\Crosswater_Portal\\Portal\\angularapp\\cw-flex\\users\\forgot-password\\forgot-password.component.html","statementMap":{"0":{"start":{"line":1,"column":0},"end":{"line":1,"column":836}}},"fnMap":{},"branchMap":{},"s":{"0":1},"f":{},"b":{},"_coverageSchema":"332fd63041d2c1bcb487cc26dd0d5f7d97098a6c","hash":"ffe374b653ac2a3e35351fdfdfd4ef9e9f2147d7"}
,"D:\\Projects\\asaq2\\Crosswater\\Crosswater_Portal\\Portal\\angularapp\\cw-flex\\users\\forgot-password\\forgot-password.component.ts": {"path":"D:\\Projects\\asaq2\\Crosswater\\Crosswater_Portal\\Portal\\angularapp\\cw-flex\\users\\forgot-password\\forgot-password.component.ts","statementMap":{"0":{"start":{"line":1,"column":0},"end":{"line":1,"column":49}},"1":{"start":{"line":2,"column":0},"end":{"line":2,"column":37}},"2":{"start":{"line":3,"column":0},"end":{"line":3,"column":42}},"3":{"start":{"line":4,"column":0},"end":{"line":4,"column":61}},"4":{"start":{"line":11,"column":0},"end":{"line":44,"column":0}},"5":{"start":{"line":13,"column":21},"end":{"line":13,"column":37}},"6":{"start":{"line":13,"column":46},"end":{"line":13,"column":68}},"7":{"start":{"line":14,"column":11},"end":{"line":14,"column":39}},"8":{"start":{"line":18,"column":2},"end":{"line":18,"column":20}},"9":{"start":{"line":19,"column":2},"end":{"line":19,"column":22}},"10":{"start":{"line":20,"column":2},"end":{"line":20,"column":18}},"11":{"start":{"line":22,"column":2},"end":{"line":23,"column":3}},"12":{"start":{"line":25,"column":2},"end":{"line":38,"column":3}},"13":{"start":{"line":25,"column":2},"end":{"line":38,"column":2}},"14":{"start":{"line":26,"column":4},"end":{"line":26,"column":24}},"15":{"start":{"line":27,"column":4},"end":{"line":37,"column":7}},"16":{"start":{"line":28,"column":6},"end":{"line":28,"column":27}},"17":{"start":{"line":29,"column":6},"end":{"line":29,"column":76}},"18":{"start":{"line":30,"column":6},"end":{"line":32,"column":15}},"19":{"start":{"line":31,"column":8},"end":{"line":31,"column":31}},"20":{"start":{"line":35,"column":6},"end":{"line":35,"column":27}},"21":{"start":{"line":36,"column":6},"end":{"line":36,"column":59}},"22":{"start":{"line":40,"column":2},"end":{"line":42,"column":3}},"23":{"start":{"line":41,"column":4},"end":{"line":41,"column":27}},"24":{"start":{"line":11,"column":13},"end":{"line":44,"column":1}},"25":{"start":{"line":44,"column":0},"end":{"line":44,"column":1}},"26":{"start":{"line":11,"column":13},"end":{"line":11,"column":36}}},"fnMap":{"0":{"name":"(anonymous_2)","decl":{"start":{"line":11,"column":0},"end":{"line":null,"column":-1}},"loc":{"start":{"line":11,"column":0},"end":{"line":11,"column":-1}}},"1":{"name":"ForgotPasswordComponent","decl":{"start":{"line":13,"column":2},"end":{"line":13,"column":20}},"loc":{"start":{"line":14,"column":39},"end":{"line":15,"column":8}}},"2":{"name":"(anonymous_4)","decl":{"start":{"line":22,"column":2},"end":{"line":null,"column":-1}},"loc":{"start":{"line":22,"column":2},"end":{"line":23,"column":3}}},"3":{"name":"(anonymous_5)","decl":{"start":{"line":25,"column":2},"end":{"line":null,"column":-1}},"loc":{"start":{"line":25,"column":2},"end":{"line":38,"column":3}}},"4":{"name":"(anonymous_6)","decl":{"start":{"line":27,"column":64},"end":{"line":27,"column":63}},"loc":{"start":{"line":27,"column":65},"end":{"line":33,"column":5}}},"5":{"name":"(anonymous_7)","decl":{"start":{"line":30,"column":17},"end":{"line":null,"column":-1}},"loc":{"start":{"line":30,"column":17},"end":{"line":32,"column":7}}},"6":{"name":"(anonymous_8)","decl":{"start":{"line":34,"column":4},"end":{"line":34,"column":3}},"loc":{"start":{"line":34,"column":7},"end":{"line":37,"column":5}}},"7":{"name":"(anonymous_9)","decl":{"start":{"line":40,"column":2},"end":{"line":null,"column":-1}},"loc":{"start":{"line":40,"column":2},"end":{"line":42,"column":3}}}},"branchMap":{"0":{"loc":{"start":{"line":13,"column":37},"end":{"line":13,"column":57}},"type":"binary-expr","locations":[{"start":{"line":13,"column":37},"end":{"line":13,"column":57}},{"start":{"line":13,"column":37},"end":{"line":13,"column":57}}]},"1":{"loc":{"start":{"line":13,"column":30},"end":{"line":13,"column":37}},"type":"binary-expr","locations":[{"start":{"line":13,"column":30},"end":{"line":13,"column":37}}]},"2":{"loc":{"start":{"line":13,"column":37},"end":{"line":13,"column":68}},"type":"binary-expr","locations":[{"start":{"line":13,"column":37},"end":{"line":13,"column":68}},{"start":{"line":13,"column":68},"end":{"line":14,"column":25}},{"start":{"line":13,"column":68},"end":{"line":14,"column":25}}]},"3":{"loc":{"start":{"line":13,"column":37},"end":{"line":13,"column":68}},"type":"binary-expr","locations":[{"start":{"line":13,"column":37},"end":{"line":13,"column":68}},{"start":{"line":13,"column":58},"end":{"line":13,"column":68}}]},"4":{"loc":{"start":{"line":13,"column":68},"end":{"line":14,"column":39}},"type":"binary-expr","locations":[{"start":{"line":13,"column":68},"end":{"line":14,"column":39}},{"start":{"line":14,"column":39},"end":{"line":null,"column":-1}},{"start":{"line":14,"column":39},"end":{"line":null,"column":-1}}]},"5":{"loc":{"start":{"line":13,"column":68},"end":{"line":14,"column":39}},"type":"binary-expr","locations":[{"start":{"line":13,"column":68},"end":{"line":14,"column":39}},{"start":{"line":14,"column":26},"end":{"line":14,"column":39}}]}},"s":{"0":1,"1":1,"2":1,"3":1,"4":1,"5":1,"6":1,"7":1,"8":1,"9":1,"10":1,"11":1,"12":1,"13":0,"14":0,"15":0,"16":0,"17":0,"18":0,"19":0,"20":0,"21":0,"22":1,"23":0,"24":1,"25":1,"26":1},"f":{"0":1,"1":1,"2":1,"3":0,"4":0,"5":0,"6":0,"7":0},"b":{"0":[1,0],"1":[1],"2":[1,1,0],"3":[1,1],"4":[1,1,0],"5":[1,1]}}
}
