TN:
SF:D:\Projects\asaq2\Crosswater\Crosswater_Portal\Portal\angularapp\app\app.component.html
FNF:0
FNH:0
DA:1,1
LF:1
LH:1
BRF:0
BRH:0
end_of_record
TN:
SF:D:\Projects\asaq2\Crosswater\Crosswater_Portal\Portal\angularapp\app\app.component.ts
FN:12,(anonymous_2)
FN:20,AppComponent
FN:22,(anonymous_4)
FN:14,(anonymous_5)
FN:25,(anonymous_6)
FNF:5
FNH:2
FNDA:1,(anonymous_2)
FNDA:1,AppComponent
FNDA:0,(anonymous_4)
FNDA:0,(anonymous_5)
FNDA:0,(anonymous_6)
DA:1,1
DA:4,1
DA:5,1
DA:12,1
DA:14,1
DA:15,0
DA:16,0
DA:20,1
DA:21,1
DA:22,1
DA:25,1
DA:26,0
DA:30,1
LF:13
LH:10
BRDA:15,0,0,0
BRDA:15,0,1,0
BRDA:20,1,0,1
BRDA:20,1,1,0
BRDA:20,2,0,1
BRDA:20,3,0,1
BRDA:20,3,1,1
BRDA:20,3,2,0
BRDA:20,4,0,1
BRDA:20,4,1,1
BRF:10
BRH:6
end_of_record
TN:
SF:D:\Projects\asaq2\Crosswater\Crosswater_Portal\Portal\angularapp\app\app.menu.ts
FNF:0
FNH:0
DA:2,8
DA:4,8
LF:2
LH:2
BRF:0
BRH:0
end_of_record
TN:
SF:D:\Projects\asaq2\Crosswater\Crosswater_Portal\Portal\angularapp\app\domainclasses.ts
FN:2,(anonymous_0)
FN:10,(anonymous_2)
FN:26,(anonymous_4)
FN:49,User
FN:54,(anonymous_6)
FN:60,Role
FN:68,(anonymous_8)
FN:82,(anonymous_10)
FN:88,(anonymous_11)
FN:111,(anonymous_13)
FN:118,(anonymous_15)
FN:129,(anonymous_16)
FN:135,(anonymous_18)
FN:144,(anonymous_20)
FN:148,(anonymous_22)
FN:155,(anonymous_24)
FN:160,Permission
FN:167,(anonymous_26)
FNF:18
FNH:18
FNDA:9,(anonymous_0)
FNDA:91,(anonymous_2)
FNDA:9,(anonymous_4)
FNDA:78,User
FNDA:9,(anonymous_6)
FNDA:31,Role
FNDA:16,(anonymous_8)
FNDA:9,(anonymous_10)
FNDA:10,(anonymous_11)
FNDA:9,(anonymous_13)
FNDA:9,(anonymous_15)
FNDA:9,(anonymous_16)
FNDA:9,(anonymous_18)
FNDA:9,(anonymous_20)
FNDA:9,(anonymous_22)
FNDA:9,(anonymous_24)
FNDA:11,Permission
FNDA:9,(anonymous_26)
DA:2,9
DA:8,9
DA:10,9
DA:24,9
DA:26,9
DA:50,78
DA:52,9
DA:54,9
DA:61,31
DA:62,31
DA:63,31
DA:65,9
DA:68,9
DA:80,9
DA:82,9
DA:83,9
DA:84,9
DA:85,9
DA:88,9
DA:109,9
DA:111,9
DA:116,9
DA:118,9
DA:119,9
DA:120,9
DA:121,9
DA:122,9
DA:129,9
DA:133,9
DA:135,9
DA:142,9
DA:144,9
DA:147,9
DA:148,9
DA:154,9
DA:155,9
DA:161,11
DA:162,11
DA:163,11
DA:165,9
DA:167,9
DA:168,9
DA:169,9
DA:170,9
DA:171,9
DA:172,9
DA:173,9
DA:174,9
LF:48
LH:48
BRDA:82,0,0,9
BRDA:82,0,1,9
BRDA:118,1,0,9
BRDA:118,1,1,9
BRDA:167,2,0,9
BRDA:167,2,1,9
BRF:6
BRH:6
end_of_record
TN:
SF:D:\Projects\asaq2\Crosswater\Crosswater_Portal\Portal\angularapp\app\jestGlobalMocks.ts
FN:4,(anonymous_0)
FN:7,(anonymous_1)
FN:8,(anonymous_2)
FN:9,(anonymous_3)
FN:10,(anonymous_4)
FN:20,(anonymous_5)
FN:32,(anonymous_6)
FNF:7
FNH:4
FNDA:42,(anonymous_0)
FNDA:42,(anonymous_1)
FNDA:18,(anonymous_2)
FNDA:10,(anonymous_3)
FNDA:0,(anonymous_4)
FNDA:0,(anonymous_5)
FNDA:0,(anonymous_6)
DA:4,21
DA:5,42
DA:6,42
DA:7,42
DA:8,18
DA:9,10
DA:10,0
DA:14,21
DA:15,21
DA:16,21
DA:19,21
DA:21,0
DA:31,21
DA:33,0
LF:14
LH:11
BRDA:7,0,0,15
BRDA:7,0,1,27
BRDA:8,1,0,18
BRDA:8,1,1,0
BRF:4
BRH:3
end_of_record
TN:
SF:D:\Projects\asaq2\Crosswater\Crosswater_Portal\Portal\angularapp\app\modelclasses.ts
FN:3,(anonymous_0)
FN:8,(anonymous_2)
FN:16,(anonymous_4)
FN:21,(anonymous_6)
FN:29,(anonymous_8)
FN:33,(anonymous_10)
FNF:6
FNH:6
FNDA:5,(anonymous_0)
FNDA:29,(anonymous_2)
FNDA:31,(anonymous_4)
FNDA:7,(anonymous_6)
FNDA:5,(anonymous_8)
FNDA:19,(anonymous_10)
DA:3,5
DA:6,5
DA:8,5
DA:14,5
DA:16,5
DA:19,5
DA:21,5
DA:27,5
DA:29,5
DA:31,5
DA:33,5
DA:36,5
LF:12
LH:12
BRF:0
BRH:0
end_of_record
TN:
SF:D:\Projects\asaq2\Crosswater\Crosswater_Portal\Portal\angularapp\app\routestest.ts
FNF:0
FNH:0
DA:4,4
LF:1
LH:1
BRF:0
BRH:0
end_of_record
TN:
SF:D:\Projects\asaq2\Crosswater\Crosswater_Portal\Portal\angularapp\app\setup-jest.ts
FNF:0
FNH:0
DA:1,21
DA:2,21
DA:3,21
DA:5,21
DA:6,21
DA:7,21
DA:8,21
LF:7
LH:7
BRF:0
BRH:0
end_of_record
TN:
SF:D:\Projects\asaq2\Crosswater\Crosswater_Portal\Portal\angularapp\app\setupTestBed.ts
FN:4,(anonymous_12)
FN:4,(anonymous_13)
FN:6,(anonymous_14)
FN:7,(anonymous_15)
FN:14,(anonymous_18)
FNF:5
FNH:5
FNDA:9,(anonymous_12)
FNDA:77,(anonymous_13)
FNDA:9,(anonymous_14)
FNDA:9,(anonymous_15)
FNDA:9,(anonymous_18)
DA:1,21
DA:3,21
DA:4,77
DA:6,21
DA:7,9
DA:8,9
DA:9,9
DA:10,9
DA:11,9
DA:14,9
LF:10
LH:10
BRF:0
BRH:0
end_of_record
TN:
SF:D:\Projects\asaq2\Crosswater\Crosswater_Portal\Portal\angularapp\app\admin-roles\admin-roles.component.html
FNF:0
FNH:0
DA:1,1
LF:1
LH:1
BRF:0
BRH:0
end_of_record
TN:
SF:D:\Projects\asaq2\Crosswater\Crosswater_Portal\Portal\angularapp\app\admin-roles\admin-roles.component.ts
FN:16,(anonymous_2)
FN:17,AdminRolesComponent
FN:46,(anonymous_4)
FN:47,(anonymous_5)
FN:53,(anonymous_6)
FN:60,(anonymous_7)
FN:74,(anonymous_8)
FN:76,(anonymous_9)
FN:76,(anonymous_10)
FN:81,(anonymous_11)
FN:86,(anonymous_12)
FN:96,(anonymous_13)
FN:99,(anonymous_14)
FN:101,(anonymous_15)
FN:105,(anonymous_16)
FN:108,(anonymous_17)
FN:114,(anonymous_18)
FN:118,(anonymous_19)
FN:124,(anonymous_20)
FN:132,(anonymous_21)
FN:136,(anonymous_22)
FN:137,(anonymous_23)
FN:140,(anonymous_24)
FN:141,(anonymous_25)
FN:146,(anonymous_26)
FNF:25
FNH:19
FNDA:1,(anonymous_2)
FNDA:7,AdminRolesComponent
FNDA:0,(anonymous_4)
FNDA:0,(anonymous_5)
FNDA:0,(anonymous_6)
FNDA:4,(anonymous_7)
FNDA:1,(anonymous_8)
FNDA:1,(anonymous_9)
FNDA:2,(anonymous_10)
FNDA:4,(anonymous_11)
FNDA:2,(anonymous_12)
FNDA:1,(anonymous_13)
FNDA:1,(anonymous_14)
FNDA:2,(anonymous_15)
FNDA:0,(anonymous_16)
FNDA:2,(anonymous_17)
FNDA:4,(anonymous_18)
FNDA:2,(anonymous_19)
FNDA:1,(anonymous_20)
FNDA:0,(anonymous_21)
FNDA:1,(anonymous_22)
FNDA:1,(anonymous_23)
FNDA:1,(anonymous_24)
FNDA:1,(anonymous_25)
FNDA:0,(anonymous_26)
DA:1,1
DA:2,1
DA:3,1
DA:4,1
DA:6,1
DA:7,1
DA:8,1
DA:9,1
DA:16,1
DA:17,7
DA:18,7
DA:19,7
DA:21,7
DA:22,7
DA:23,7
DA:24,7
DA:25,7
DA:27,7
DA:29,7
DA:46,1
DA:47,0
DA:48,0
DA:53,1
DA:54,0
DA:55,0
DA:56,0
DA:57,0
DA:60,1
DA:61,4
DA:62,4
DA:63,1
DA:64,3
DA:65,1
DA:66,1
DA:67,2
DA:68,1
DA:69,1
DA:70,1
DA:74,1
DA:75,1
DA:76,2
DA:78,0
DA:81,1
DA:82,4
DA:83,4
DA:86,1
DA:88,2
DA:89,2
DA:90,0
DA:91,0
DA:93,0
DA:96,1
DA:97,1
DA:98,1
DA:99,1
DA:100,1
DA:101,2
DA:102,1
DA:105,1
DA:106,0
DA:108,2
DA:111,2
DA:112,2
DA:113,2
DA:114,4
DA:118,2
DA:119,2
DA:121,2
DA:122,1
DA:124,1
DA:125,1
DA:126,1
DA:130,2
DA:132,0
DA:136,1
DA:137,1
DA:138,1
DA:139,1
DA:140,1
DA:141,1
DA:142,1
DA:143,1
DA:146,0
DA:151,1
LF:84
LH:71
BRDA:62,0,0,1
BRDA:62,0,1,3
BRDA:64,1,0,1
BRDA:64,1,1,2
BRDA:67,2,0,1
BRDA:67,2,1,1
BRDA:69,3,0,1
BRDA:69,3,1,0
BRDA:75,4,0,1
BRDA:75,4,1,0
BRDA:88,5,0,2
BRDA:88,5,1,0
BRDA:88,6,0,2
BRDA:88,6,1,0
BRDA:89,7,0,2
BRDA:89,7,1,1
BRDA:89,7,2,0
BRDA:90,8,0,0
BRDA:90,8,1,0
BRDA:90,9,0,0
BRDA:90,9,1,0
BRDA:91,10,0,0
BRDA:91,10,1,0
BRDA:121,11,0,1
BRDA:121,11,1,1
BRDA:125,12,0,1
BRDA:125,12,1,0
BRDA:138,13,0,1
BRDA:138,13,1,0
BRDA:142,14,0,1
BRDA:142,14,1,0
BRDA:17,15,0,1
BRDA:17,15,1,0
BRDA:17,16,0,1
BRDA:17,17,0,1
BRDA:17,17,1,1
BRDA:17,17,2,0
BRDA:17,18,0,1
BRDA:17,18,1,1
BRDA:17,19,0,1
BRDA:17,19,1,1
BRDA:17,19,2,0
BRDA:17,20,0,1
BRDA:17,20,1,1
BRF:44
BRH:27
end_of_record
TN:
SF:D:\Projects\asaq2\Crosswater\Crosswater_Portal\Portal\angularapp\app\admin-user\admin-user.component.html
FNF:0
FNH:0
DA:1,1
LF:1
LH:1
BRF:0
BRH:0
end_of_record
TN:
SF:D:\Projects\asaq2\Crosswater\Crosswater_Portal\Portal\angularapp\app\admin-user\admin-user.component.ts
FN:24,(anonymous_2)
FN:74,AdminUserComponent
FN:80,(anonymous_4)
FN:83,(anonymous_5)
FN:94,(anonymous_6)
FN:114,(anonymous_7)
FN:117,(anonymous_8)
FN:119,(anonymous_9)
FN:137,(anonymous_10)
FN:141,(anonymous_11)
FN:144,(anonymous_12)
FN:146,(anonymous_13)
FN:158,(anonymous_14)
FN:165,(anonymous_15)
FN:171,(anonymous_16)
FN:173,(anonymous_17)
FN:184,(anonymous_18)
FN:187,(anonymous_19)
FN:196,(anonymous_20)
FN:202,(anonymous_21)
FN:209,(anonymous_22)
FN:218,(anonymous_23)
FN:222,(anonymous_24)
FN:223,(anonymous_25)
FN:226,(anonymous_26)
FN:227,(anonymous_27)
FN:234,(anonymous_28)
FN:241,(anonymous_29)
FN:245,(anonymous_30)
FN:249,(anonymous_31)
FN:251,(anonymous_32)
FN:252,(anonymous_33)
FN:255,(anonymous_34)
FN:257,(anonymous_35)
FN:258,(anonymous_36)
FN:267,(anonymous_37)
FN:277,(anonymous_38)
FN:297,(anonymous_39)
FN:304,(anonymous_40)
FN:312,(anonymous_41)
FN:333,(anonymous_42)
FN:334,(anonymous_43)
FN:338,(anonymous_44)
FN:345,(anonymous_45)
FNF:44
FNH:32
FNDA:1,(anonymous_2)
FNDA:13,AdminUserComponent
FNDA:0,(anonymous_4)
FNDA:0,(anonymous_5)
FNDA:117,(anonymous_6)
FNDA:1,(anonymous_7)
FNDA:1,(anonymous_8)
FNDA:1,(anonymous_9)
FNDA:0,(anonymous_10)
FNDA:0,(anonymous_11)
FNDA:1,(anonymous_12)
FNDA:1,(anonymous_13)
FNDA:0,(anonymous_14)
FNDA:0,(anonymous_15)
FNDA:2,(anonymous_16)
FNDA:3,(anonymous_17)
FNDA:0,(anonymous_18)
FNDA:3,(anonymous_19)
FNDA:5,(anonymous_20)
FNDA:3,(anonymous_21)
FNDA:2,(anonymous_22)
FNDA:0,(anonymous_23)
FNDA:1,(anonymous_24)
FNDA:1,(anonymous_25)
FNDA:1,(anonymous_26)
FNDA:1,(anonymous_27)
FNDA:0,(anonymous_28)
FNDA:0,(anonymous_29)
FNDA:0,(anonymous_30)
FNDA:2,(anonymous_31)
FNDA:1,(anonymous_32)
FNDA:1,(anonymous_33)
FNDA:2,(anonymous_34)
FNDA:1,(anonymous_35)
FNDA:1,(anonymous_36)
FNDA:5,(anonymous_37)
FNDA:18,(anonymous_38)
FNDA:12,(anonymous_39)
FNDA:4,(anonymous_40)
FNDA:6,(anonymous_41)
FNDA:1,(anonymous_42)
FNDA:0,(anonymous_43)
FNDA:2,(anonymous_44)
FNDA:6,(anonymous_45)
DA:1,1
DA:3,1
DA:4,1
DA:6,1
DA:7,1
DA:8,1
DA:9,1
DA:11,1
DA:12,1
DA:13,1
DA:14,1
DA:24,1
DA:25,13
DA:26,13
DA:28,13
DA:29,13
DA:30,13
DA:32,13
DA:33,13
DA:35,13
DA:43,13
DA:47,13
DA:71,13
DA:72,13
DA:74,13
DA:75,13
DA:76,13
DA:77,13
DA:78,13
DA:80,13
DA:82,0
DA:83,0
DA:85,13
DA:88,13
DA:89,13
DA:90,13
DA:91,13
DA:92,13
DA:93,13
DA:94,13
DA:95,117
DA:96,65
DA:106,13
DA:114,1
DA:116,1
DA:118,1
DA:119,1
DA:120,1
DA:121,1
DA:122,1
DA:125,1
DA:126,1
DA:127,1
DA:128,1
DA:129,1
DA:130,1
DA:131,1
DA:133,1
DA:137,0
DA:141,1
DA:142,0
DA:144,1
DA:145,1
DA:146,1
DA:147,1
DA:148,1
DA:149,1
DA:150,1
DA:151,1
DA:158,1
DA:159,0
DA:160,0
DA:162,0
DA:165,1
DA:171,1
DA:172,2
DA:173,3
DA:174,2
DA:175,1
DA:176,1
DA:177,1
DA:181,2
DA:184,1
DA:185,0
DA:187,3
DA:190,3
DA:191,3
DA:192,3
DA:193,3
DA:196,5
DA:197,3
DA:198,1
DA:202,3
DA:203,3
DA:204,3
DA:205,3
DA:206,3
DA:207,1
DA:209,2
DA:210,2
DA:211,2
DA:215,3
DA:216,3
DA:218,0
DA:222,1
DA:223,1
DA:224,1
DA:225,1
DA:226,1
DA:227,1
DA:228,1
DA:229,1
DA:232,1
DA:234,0
DA:241,1
DA:242,0
DA:245,1
DA:246,0
DA:249,2
DA:250,2
DA:251,2
DA:252,1
DA:255,2
DA:256,2
DA:257,2
DA:258,1
DA:267,1
DA:269,5
DA:270,2
DA:271,3
DA:272,3
DA:274,0
DA:277,1
DA:279,18
DA:280,2
DA:281,16
DA:282,1
DA:283,15
DA:284,6
DA:288,9
DA:289,5
DA:291,4
DA:292,4
DA:294,0
DA:297,1
DA:298,12
DA:299,8
DA:301,4
DA:304,1
DA:305,4
DA:307,2
DA:309,2
DA:312,1
DA:313,6
DA:314,6
DA:315,1
DA:316,5
DA:317,2
DA:318,1
DA:320,1
DA:322,3
DA:323,1
DA:324,1
DA:326,2
DA:327,1
DA:328,1
DA:329,1
DA:333,1
DA:334,1
DA:338,1
DA:339,2
DA:340,1
DA:342,1
DA:345,1
DA:346,6
DA:347,6
DA:350,1
LF:177
LH:163
BRDA:95,0,0,65
BRDA:95,0,1,52
BRDA:120,1,0,1
BRDA:120,1,1,0
BRDA:126,2,0,1
BRDA:126,2,1,0
BRDA:126,3,0,1
BRDA:126,3,1,1
BRDA:126,3,2,1
BRDA:159,4,0,0
BRDA:159,4,1,0
BRDA:159,5,0,0
BRDA:159,5,1,0
BRDA:174,6,0,1
BRDA:174,6,1,1
BRDA:197,7,0,1
BRDA:197,7,1,2
BRDA:206,8,0,1
BRDA:206,8,1,2
BRDA:210,9,0,2
BRDA:210,9,1,0
BRDA:216,10,0,1
BRDA:216,10,1,2
BRDA:224,11,0,1
BRDA:224,11,1,0
BRDA:228,12,0,1
BRDA:228,12,1,0
BRDA:269,13,0,2
BRDA:269,13,1,3
BRDA:271,14,0,3
BRDA:271,14,1,0
BRDA:272,15,0,3
BRDA:272,15,1,2
BRDA:279,16,0,2
BRDA:279,16,1,16
BRDA:280,17,0,2
BRDA:280,17,1,0
BRDA:280,17,2,2
BRDA:281,18,0,1
BRDA:281,18,1,15
BRDA:282,19,0,1
BRDA:282,19,1,0
BRDA:282,19,2,1
BRDA:283,20,0,6
BRDA:283,20,1,9
BRDA:284,21,0,6
BRDA:284,21,1,2
BRDA:284,21,2,5
BRDA:284,21,3,4
BRDA:284,21,4,4
BRDA:284,21,5,2
BRDA:288,22,0,5
BRDA:288,22,1,4
BRDA:289,23,0,5
BRDA:289,23,1,1
BRDA:289,23,2,4
BRDA:289,23,3,3
BRDA:289,23,4,3
BRDA:291,24,0,4
BRDA:291,24,1,0
BRDA:291,25,0,4
BRDA:291,25,1,2
BRDA:292,26,0,4
BRDA:292,26,1,2
BRDA:298,27,0,8
BRDA:298,27,1,4
BRDA:298,28,0,12
BRDA:298,28,1,10
BRDA:298,28,2,8
BRDA:298,28,3,6
BRDA:305,29,0,2
BRDA:305,29,1,2
BRDA:305,30,0,4
BRDA:305,30,1,4
BRDA:305,30,2,4
BRDA:305,30,3,2
BRDA:305,30,4,1
BRDA:314,31,0,1
BRDA:314,31,1,5
BRDA:316,32,0,2
BRDA:316,32,1,3
BRDA:316,33,0,5
BRDA:316,33,1,4
BRDA:317,34,0,1
BRDA:317,34,1,1
BRDA:322,35,0,1
BRDA:322,35,1,2
BRDA:326,36,0,1
BRDA:326,36,1,1
BRDA:328,37,0,1
BRDA:328,37,1,0
BRDA:334,38,0,0
BRDA:334,38,1,0
BRDA:335,39,0,0
BRDA:335,39,1,0
BRDA:339,40,0,1
BRDA:339,40,1,1
BRDA:342,41,0,1
BRDA:342,41,1,1
BRDA:75,42,0,1
BRDA:75,42,1,0
BRDA:75,43,0,1
BRDA:75,44,0,1
BRDA:75,44,1,1
BRDA:75,44,2,0
BRDA:75,45,0,1
BRDA:75,45,1,1
BRDA:76,46,0,1
BRDA:76,46,1,1
BRDA:76,46,2,0
BRDA:76,47,0,1
BRDA:76,47,1,1
BRDA:77,48,0,1
BRDA:77,48,1,1
BRDA:77,48,2,0
BRDA:77,49,0,1
BRDA:77,49,1,1
BRF:117
BRH:95
end_of_record
TN:
SF:D:\Projects\asaq2\Crosswater\Crosswater_Portal\Portal\angularapp\app\blockui\block-ui.component.html
FNF:0
FNH:0
DA:1,5
LF:1
LH:1
BRF:0
BRH:0
end_of_record
TN:
SF:D:\Projects\asaq2\Crosswater\Crosswater_Portal\Portal\angularapp\app\blockui\block-ui.component.ts
FN:9,(anonymous_2)
FN:11,BlockUiComponent
FN:14,(anonymous_4)
FN:15,(anonymous_5)
FNF:4
FNH:3
FNDA:5,(anonymous_2)
FNDA:22,BlockUiComponent
FNDA:2,(anonymous_4)
FNDA:0,(anonymous_5)
DA:1,5
DA:2,5
DA:9,5
DA:11,22
DA:12,22
DA:14,5
DA:15,2
DA:18,5
LF:8
LH:8
BRDA:11,0,0,5
BRDA:11,0,1,0
BRDA:11,1,0,5
BRF:3
BRH:2
end_of_record
TN:
SF:D:\Projects\asaq2\Crosswater\Crosswater_Portal\Portal\angularapp\app\common\ModalDialog.ts
FN:7,(anonymous_0)
FN:13,(anonymous_1)
FN:16,MessageBoxCommand
FN:21,(anonymous_3)
FN:25,(anonymous_4)
FN:31,(anonymous_5)
FNF:6
FNH:4
FNDA:5,(anonymous_0)
FNDA:5,(anonymous_1)
FNDA:2,MessageBoxCommand
FNDA:0,(anonymous_3)
FNDA:0,(anonymous_4)
FNDA:5,(anonymous_5)
DA:7,5
DA:8,5
DA:9,5
DA:10,5
DA:13,5
DA:17,2
DA:18,2
DA:21,5
DA:22,0
DA:25,5
DA:26,0
DA:29,5
DA:31,5
DA:32,5
DA:33,5
LF:15
LH:13
BRDA:7,0,0,5
BRDA:7,0,1,5
BRDA:31,1,0,5
BRDA:31,1,1,5
BRF:4
BRH:4
end_of_record
TN:
SF:D:\Projects\asaq2\Crosswater\Crosswater_Portal\Portal\angularapp\app\common\impersonatebox\impersonatebox.component.html
FNF:0
FNH:0
DA:1,2
LF:1
LH:1
BRF:0
BRH:0
end_of_record
TN:
SF:D:\Projects\asaq2\Crosswater\Crosswater_Portal\Portal\angularapp\app\common\impersonatebox\impersonatebox.component.ts
FN:11,(anonymous_2)
FN:13,ImpersonateboxComponent
FN:51,(anonymous_4)
FN:61,(anonymous_5)
FN:64,(anonymous_6)
FN:68,(anonymous_7)
FN:71,(anonymous_8)
FN:80,(anonymous_9)
FN:89,(anonymous_10)
FN:96,(anonymous_11)
FNF:10
FNH:7
FNDA:2,(anonymous_2)
FNDA:12,ImpersonateboxComponent
FNDA:4,(anonymous_4)
FNDA:0,(anonymous_5)
FNDA:0,(anonymous_6)
FNDA:2,(anonymous_7)
FNDA:2,(anonymous_8)
FNDA:1,(anonymous_9)
FNDA:1,(anonymous_10)
FNDA:0,(anonymous_11)
DA:1,2
DA:2,2
DA:3,2
DA:4,2
DA:11,2
DA:13,12
DA:35,14
DA:38,14
DA:45,14
DA:46,12
DA:48,12
DA:49,12
DA:51,4
DA:52,4
DA:53,4
DA:54,1
DA:55,1
DA:57,1
DA:59,3
DA:61,4
DA:63,0
DA:64,0
DA:68,2
DA:70,2
DA:71,2
DA:72,2
DA:73,2
DA:75,2
DA:76,1
DA:78,1
DA:79,1
DA:80,1
DA:81,1
DA:83,1
DA:89,2
DA:90,1
DA:91,1
DA:92,1
DA:93,1
DA:96,2
DA:97,0
DA:101,2
LF:42
LH:39
BRDA:53,0,0,1
BRDA:53,0,1,3
BRDA:75,1,0,1
BRDA:75,1,1,1
BRDA:13,2,0,2
BRDA:13,2,1,0
BRDA:13,3,0,2
BRF:7
BRH:6
end_of_record
TN:
SF:D:\Projects\asaq2\Crosswater\Crosswater_Portal\Portal\angularapp\app\common\messagebox\messagebox.component.html
FNF:0
FNH:0
DA:1,5
LF:1
LH:1
BRF:0
BRH:0
end_of_record
TN:
SF:D:\Projects\asaq2\Crosswater\Crosswater_Portal\Portal\angularapp\app\common\messagebox\messagebox.component.ts
FN:10,(anonymous_2)
FN:12,MessageboxComponent
FN:26,(anonymous_4)
FN:29,(anonymous_5)
FN:34,(anonymous_6)
FNF:5
FNH:3
FNDA:5,(anonymous_2)
FNDA:1,MessageboxComponent
FNDA:1,(anonymous_4)
FNDA:0,(anonymous_5)
FNDA:0,(anonymous_6)
DA:1,5
DA:2,5
DA:3,5
DA:10,5
DA:12,1
DA:14,1
DA:15,1
DA:16,1
DA:17,1
DA:18,1
DA:19,1
DA:21,1
DA:22,1
DA:26,5
DA:29,5
DA:30,0
DA:31,0
DA:34,5
DA:35,0
DA:36,0
DA:39,5
LF:21
LH:17
BRDA:12,0,0,5
BRDA:12,0,1,0
BRDA:12,1,0,5
BRF:3
BRH:2
end_of_record
TN:
SF:D:\Projects\asaq2\Crosswater\Crosswater_Portal\Portal\angularapp\app\common\messagebox\messagebox.service.ts
FN:9,(anonymous_2)
FN:11,MessageboxService
FN:13,(anonymous_4)
FNF:3
FNH:2
FNDA:4,(anonymous_2)
FNDA:4,MessageboxService
FNDA:0,(anonymous_4)
DA:1,4
DA:2,4
DA:3,4
DA:4,4
DA:9,4
DA:11,4
DA:13,4
DA:14,0
DA:15,0
DA:16,0
DA:17,0
DA:18,0
DA:19,0
DA:20,0
DA:21,0
DA:23,4
LF:16
LH:8
BRDA:13,0,0,0
BRDA:13,0,1,0
BRDA:14,1,0,0
BRDA:14,1,1,0
BRDA:14,2,0,0
BRDA:14,2,1,0
BRDA:11,3,0,4
BRDA:11,3,1,0
BRDA:11,4,0,4
BRF:9
BRH:2
end_of_record
TN:
SF:D:\Projects\asaq2\Crosswater\Crosswater_Portal\Portal\angularapp\app\common\orderfilter\orderfilter.component.html
FNF:0
FNH:0
DA:1,2
LF:1
LH:1
BRF:0
BRH:0
end_of_record
TN:
SF:D:\Projects\asaq2\Crosswater\Crosswater_Portal\Portal\angularapp\app\common\orderfilter\orderfilter.component.ts
FN:11,(anonymous_2)
FN:13,OrderfilterComponent
FN:26,(anonymous_4)
FN:30,(anonymous_5)
FN:34,(anonymous_6)
FNF:5
FNH:3
FNDA:2,(anonymous_2)
FNDA:1,OrderfilterComponent
FNDA:1,(anonymous_4)
FNDA:0,(anonymous_5)
FNDA:0,(anonymous_6)
DA:1,2
DA:2,2
DA:3,2
DA:11,2
DA:16,3
DA:17,1
DA:19,3
DA:22,3
DA:24,3
DA:26,2
DA:27,1
DA:30,2
DA:31,0
DA:34,2
DA:35,0
DA:36,0
DA:39,2
LF:17
LH:14
BRF:0
BRH:0
end_of_record
TN:
SF:D:\Projects\asaq2\Crosswater\Crosswater_Portal\Portal\angularapp\app\common\orderfilter\orderfilter.ts
FN:1,(anonymous_0)
FN:3,OrderFilter
FNF:2
FNH:2
FNDA:2,(anonymous_0)
FNDA:25,OrderFilter
DA:1,2
DA:3,50
DA:4,25
DA:5,25
DA:6,25
DA:11,25
DA:12,2
LF:7
LH:7
BRDA:3,0,0,25
BRDA:3,0,1,0
BRF:2
BRH:1
end_of_record
TN:
SF:D:\Projects\asaq2\Crosswater\Crosswater_Portal\Portal\angularapp\app\invoice-history\invoice-history.component.html
FNF:0
FNH:0
DA:1,1
LF:1
LH:1
BRF:0
BRH:0
end_of_record
TN:
SF:D:\Projects\asaq2\Crosswater\Crosswater_Portal\Portal\angularapp\app\invoice-history\invoice-history.component.ts
FN:26,(anonymous_2)
FN:29,InvoiceHistoryComponent
FN:89,(anonymous_4)
FN:95,(anonymous_5)
FN:103,(anonymous_6)
FN:110,(anonymous_7)
FN:123,(anonymous_8)
FN:127,(anonymous_9)
FN:138,(anonymous_10)
FN:139,(anonymous_11)
FN:150,(anonymous_12)
FN:151,(anonymous_13)
FN:155,(anonymous_14)
FN:161,(anonymous_15)
FN:166,(anonymous_16)
FN:169,(anonymous_17)
FN:180,(anonymous_18)
FN:186,(anonymous_19)
FN:194,(anonymous_20)
FN:195,(anonymous_21)
FN:200,(anonymous_22)
FN:218,(anonymous_23)
FN:240,(anonymous_24)
FN:246,(anonymous_25)
FN:251,(anonymous_26)
FN:256,(anonymous_27)
FN:264,(anonymous_28)
FN:268,(anonymous_29)
FN:269,(anonymous_30)
FN:272,(anonymous_31)
FN:273,(anonymous_32)
FN:274,(anonymous_33)
FN:279,(anonymous_34)
FN:284,(anonymous_35)
FN:294,(anonymous_36)
FN:301,(anonymous_37)
FN:312,(anonymous_38)
FNF:37
FNH:34
FNDA:1,(anonymous_2)
FNDA:24,InvoiceHistoryComponent
FNDA:3,(anonymous_4)
FNDA:0,(anonymous_5)
FNDA:2,(anonymous_6)
FNDA:4,(anonymous_7)
FNDA:1,(anonymous_8)
FNDA:1,(anonymous_9)
FNDA:1,(anonymous_10)
FNDA:1,(anonymous_11)
FNDA:1,(anonymous_12)
FNDA:1,(anonymous_13)
FNDA:0,(anonymous_14)
FNDA:1,(anonymous_15)
FNDA:1,(anonymous_16)
FNDA:1,(anonymous_17)
FNDA:0,(anonymous_18)
FNDA:2,(anonymous_19)
FNDA:1,(anonymous_20)
FNDA:1,(anonymous_21)
FNDA:3,(anonymous_22)
FNDA:2,(anonymous_23)
FNDA:2,(anonymous_24)
FNDA:1,(anonymous_25)
FNDA:1,(anonymous_26)
FNDA:2,(anonymous_27)
FNDA:2,(anonymous_28)
FNDA:2,(anonymous_29)
FNDA:4,(anonymous_30)
FNDA:1,(anonymous_31)
FNDA:2,(anonymous_32)
FNDA:1,(anonymous_33)
FNDA:3,(anonymous_34)
FNDA:2,(anonymous_35)
FNDA:1,(anonymous_36)
FNDA:5,(anonymous_37)
FNDA:4,(anonymous_38)
DA:1,1
DA:4,1
DA:5,1
DA:6,1
DA:7,1
DA:8,1
DA:9,1
DA:10,1
DA:11,1
DA:12,1
DA:13,1
DA:16,1
DA:18,1
DA:26,1
DA:30,24
DA:31,24
DA:32,24
DA:33,24
DA:34,24
DA:35,24
DA:38,24
DA:39,24
DA:42,24
DA:43,24
DA:46,24
DA:47,24
DA:48,24
DA:49,24
DA:50,24
DA:51,24
DA:52,24
DA:53,24
DA:54,24
DA:55,24
DA:56,24
DA:57,24
DA:58,24
DA:59,24
DA:60,24
DA:61,24
DA:62,24
DA:66,24
DA:89,1
DA:90,3
DA:91,3
DA:92,3
DA:95,3
DA:96,3
DA:97,3
DA:98,1
DA:103,1
DA:104,2
DA:105,2
DA:106,2
DA:107,2
DA:110,1
DA:111,4
DA:112,4
DA:113,1
DA:114,1
DA:115,1
DA:117,3
DA:118,3
DA:123,1
DA:125,1
DA:127,1
DA:128,1
DA:129,1
DA:130,1
DA:131,1
DA:132,1
DA:133,1
DA:134,0
DA:135,0
DA:137,1
DA:138,1
DA:139,1
DA:146,1
DA:147,1
DA:150,1
DA:151,1
DA:152,1
DA:153,1
DA:156,0
DA:157,0
DA:161,1
DA:162,1
DA:163,1
DA:164,1
DA:165,1
DA:168,1
DA:169,1
DA:170,1
DA:171,1
DA:172,1
DA:173,1
DA:176,1
DA:177,1
DA:178,1
DA:181,0
DA:182,0
DA:186,1
DA:187,2
DA:188,2
DA:189,2
DA:190,2
DA:194,1
DA:195,1
DA:196,1
DA:200,1
DA:201,3
DA:202,3
DA:204,1
DA:206,2
DA:207,2
DA:209,1
DA:210,1
DA:211,1
DA:212,1
DA:213,1
DA:218,1
DA:219,2
DA:220,2
DA:221,2
DA:223,2
DA:224,2
DA:226,2
DA:227,2
DA:228,6
DA:231,2
DA:233,2
DA:235,2
DA:240,1
DA:241,2
DA:242,2
DA:243,2
DA:246,1
DA:247,1
DA:248,1
DA:251,1
DA:252,1
DA:253,1
DA:256,1
DA:257,2
DA:258,1
DA:259,1
DA:260,1
DA:264,1
DA:265,2
DA:268,1
DA:269,4
DA:272,1
DA:273,2
DA:274,1
DA:275,1
DA:279,3
DA:283,3
DA:284,3
DA:285,2
DA:286,1
DA:289,1
DA:290,1
DA:291,1
DA:295,1
DA:301,1
DA:302,5
DA:303,3
DA:304,2
DA:305,2
DA:307,0
DA:312,1
DA:313,4
DA:314,4
DA:315,4
DA:318,1
LF:175
LH:168
BRDA:97,0,0,1
BRDA:97,0,1,2
BRDA:97,1,0,3
BRDA:97,1,1,2
BRDA:112,2,0,1
BRDA:112,2,1,3
BRDA:128,3,0,1
BRDA:128,3,1,0
BRDA:130,4,0,1
BRDA:130,4,1,0
BRDA:130,5,0,1
BRDA:130,5,1,1
BRDA:132,6,0,1
BRDA:132,6,1,0
BRDA:134,7,0,0
BRDA:134,7,1,0
BRDA:137,8,0,1
BRDA:137,8,1,0
BRDA:172,9,0,1
BRDA:172,9,1,0
BRDA:188,10,0,2
BRDA:188,10,1,0
BRDA:189,11,0,1
BRDA:189,11,1,1
BRDA:202,12,0,1
BRDA:202,12,1,2
BRDA:241,13,0,1
BRDA:241,13,1,1
BRDA:257,14,0,1
BRDA:257,14,1,1
BRDA:259,15,0,1
BRDA:259,15,1,0
BRDA:265,16,0,1
BRDA:265,16,1,1
BRDA:283,17,0,3
BRDA:283,17,1,0
BRDA:285,18,0,1
BRDA:285,18,1,1
BRDA:302,19,0,3
BRDA:302,19,1,2
BRDA:303,20,0,3
BRDA:303,20,1,2
BRDA:304,21,0,2
BRDA:304,21,1,0
BRDA:30,22,0,1
BRDA:30,22,1,0
BRDA:30,23,0,1
BRDA:30,24,0,1
BRDA:30,24,1,1
BRDA:30,24,2,0
BRDA:30,25,0,1
BRDA:30,25,1,1
BRDA:31,26,0,1
BRDA:31,26,1,1
BRDA:31,26,2,0
BRDA:31,27,0,1
BRDA:31,27,1,1
BRDA:32,28,0,1
BRDA:32,28,1,1
BRDA:32,28,2,0
BRDA:32,29,0,1
BRDA:32,29,1,1
BRDA:33,30,0,1
BRDA:33,30,1,1
BRDA:33,30,2,0
BRDA:33,31,0,1
BRDA:33,31,1,1
BRDA:34,32,0,1
BRDA:34,32,1,1
BRDA:34,32,2,0
BRDA:34,33,0,1
BRDA:34,33,1,1
BRF:72
BRH:55
end_of_record
TN:
SF:D:\Projects\asaq2\Crosswater\Crosswater_Portal\Portal\angularapp\app\invoice-history\pod-modal\pod-modal.component.html
FNF:0
FNH:0
DA:1,1
LF:1
LH:1
BRF:0
BRH:0
end_of_record
TN:
SF:D:\Projects\asaq2\Crosswater\Crosswater_Portal\Portal\angularapp\app\invoice-history\pod-modal\pod-modal.component.ts
FN:14,(anonymous_2)
FN:17,PodModalComponent
FN:26,(anonymous_4)
FN:31,(anonymous_5)
FN:36,(anonymous_6)
FNF:5
FNH:3
FNDA:1,(anonymous_2)
FNDA:1,PodModalComponent
FNDA:0,(anonymous_4)
FNDA:1,(anonymous_5)
FNDA:0,(anonymous_6)
DA:1,1
DA:3,1
DA:6,1
DA:7,1
DA:14,1
DA:17,1
DA:18,1
DA:19,1
DA:22,1
DA:23,1
DA:24,1
DA:26,1
DA:27,0
DA:31,1
DA:36,1
DA:37,0
DA:40,1
LF:17
LH:15
BRDA:17,0,0,1
BRDA:17,0,1,0
BRDA:17,1,0,1
BRDA:17,2,0,1
BRDA:17,2,1,1
BRDA:17,2,2,0
BRDA:17,3,0,1
BRDA:17,3,1,1
BRDA:18,4,0,1
BRDA:18,4,1,1
BRDA:18,4,2,0
BRDA:18,5,0,1
BRDA:18,5,1,1
BRF:13
BRH:10
end_of_record
TN:
SF:D:\Projects\asaq2\Crosswater\Crosswater_Portal\Portal\angularapp\app\login\set-password\set-password.component.html
FNF:0
FNH:0
DA:1,1
LF:1
LH:1
BRF:0
BRH:0
end_of_record
TN:
SF:D:\Projects\asaq2\Crosswater\Crosswater_Portal\Portal\angularapp\app\login\set-password\set-password.component.ts
FN:15,(anonymous_2)
FN:17,SetPasswordComponent
FN:28,(anonymous_4)
FN:29,(anonymous_5)
FN:31,(anonymous_6)
FN:34,(anonymous_7)
FN:38,(anonymous_8)
FN:40,(anonymous_9)
FN:41,(anonymous_10)
FN:42,(anonymous_11)
FN:44,(anonymous_12)
FNF:11
FNH:3
FNDA:1,(anonymous_2)
FNDA:1,SetPasswordComponent
FNDA:1,(anonymous_4)
FNDA:0,(anonymous_5)
FNDA:0,(anonymous_6)
FNDA:0,(anonymous_7)
FNDA:0,(anonymous_8)
FNDA:0,(anonymous_9)
FNDA:0,(anonymous_10)
FNDA:0,(anonymous_11)
FNDA:0,(anonymous_12)
DA:1,1
DA:3,1
DA:5,1
DA:6,1
DA:7,1
DA:8,1
DA:15,1
DA:18,1
DA:19,1
DA:20,1
DA:21,1
DA:23,1
DA:24,1
DA:25,1
DA:26,1
DA:28,1
DA:29,1
DA:30,0
DA:31,0
DA:34,1
DA:35,0
DA:38,1
DA:39,0
DA:40,0
DA:41,0
DA:42,0
DA:44,0
DA:48,1
LF:28
LH:20
BRDA:39,0,0,0
BRDA:39,0,1,0
BRDA:18,1,0,1
BRDA:18,1,1,0
BRDA:18,2,0,1
BRDA:18,3,0,1
BRDA:18,3,1,1
BRDA:18,3,2,0
BRDA:18,4,0,1
BRDA:18,4,1,1
BRDA:19,5,0,1
BRDA:19,5,1,1
BRDA:19,5,2,0
BRDA:19,6,0,1
BRDA:19,6,1,1
BRDA:20,7,0,1
BRDA:20,7,1,1
BRDA:20,7,2,0
BRDA:20,8,0,1
BRDA:20,8,1,1
BRF:20
BRH:14
end_of_record
TN:
SF:D:\Projects\asaq2\Crosswater\Crosswater_Portal\Portal\angularapp\app\mocks\mocked.ts
FN:4,(anonymous_5)
FN:5,MockActivatedRoute
FN:11,(anonymous_7)
FN:18,MockLink
FN:22,(anonymous_9)
FNF:5
FNH:4
FNDA:2,(anonymous_5)
FNDA:0,MockActivatedRoute
FNDA:2,(anonymous_7)
FNDA:1,MockLink
FNDA:1,(anonymous_9)
DA:1,2
DA:2,2
DA:4,2
DA:6,0
DA:7,0
DA:9,2
DA:11,2
DA:12,1
DA:13,1
DA:14,1
DA:15,1
DA:16,1
DA:19,1
DA:22,2
DA:23,1
DA:25,2
LF:16
LH:14
BRDA:6,0,0,0
BRDA:6,0,1,0
BRF:2
BRH:0
end_of_record
TN:
SF:D:\Projects\asaq2\Crosswater\Crosswater_Portal\Portal\angularapp\app\order-history\orderdetailmodal\orderdetailmodal.component.html
FNF:0
FNH:0
DA:1,1
LF:1
LH:1
BRF:0
BRH:0
end_of_record
TN:
SF:D:\Projects\asaq2\Crosswater\Crosswater_Portal\Portal\angularapp\app\order-history\orderdetailmodal\orderdetailmodal.component.ts
FN:10,(anonymous_2)
FN:12,OrderdetailmodalComponent
FN:19,(anonymous_4)
FN:22,(anonymous_5)
FNF:4
FNH:3
FNDA:1,(anonymous_2)
FNDA:1,OrderdetailmodalComponent
FNDA:1,(anonymous_4)
FNDA:0,(anonymous_5)
DA:1,1
DA:2,1
DA:3,1
DA:10,1
DA:12,1
DA:14,1
DA:15,1
DA:16,1
DA:17,1
DA:19,1
DA:22,1
DA:23,0
DA:26,1
LF:13
LH:12
BRDA:12,0,0,1
BRDA:12,0,1,0
BRDA:12,1,0,1
BRF:3
BRH:2
end_of_record
TN:
SF:D:\Projects\asaq2\Crosswater\Crosswater_Portal\Portal\angularapp\app\services\http.service.ts
FN:15,(anonymous_2)
FN:17,HttpService
FN:30,(anonymous_4)
FN:22,(anonymous_5)
FN:34,(anonymous_6)
FN:38,(anonymous_7)
FN:45,(anonymous_8)
FN:46,(anonymous_9)
FN:53,(anonymous_10)
FN:58,(anonymous_11)
FN:72,(anonymous_12)
FN:73,(anonymous_13)
FN:77,(anonymous_14)
FN:87,(anonymous_15)
FN:101,(anonymous_16)
FN:122,(anonymous_17)
FNF:16
FNH:12
FNDA:12,(anonymous_2)
FNDA:16,HttpService
FNDA:26,(anonymous_4)
FNDA:13,(anonymous_5)
FNDA:3,(anonymous_6)
FNDA:13,(anonymous_7)
FNDA:12,(anonymous_8)
FNDA:0,(anonymous_9)
FNDA:1,(anonymous_10)
FNDA:8,(anonymous_11)
FNDA:8,(anonymous_12)
FNDA:0,(anonymous_13)
FNDA:1,(anonymous_14)
FNDA:0,(anonymous_15)
FNDA:0,(anonymous_16)
FNDA:23,(anonymous_17)
DA:1,12
DA:2,12
DA:4,12
DA:6,12
DA:7,12
DA:9,12
DA:10,12
DA:15,12
DA:17,16
DA:20,16
DA:22,12
DA:23,13
DA:24,13
DA:25,4
DA:27,9
DA:31,26
DA:34,12
DA:35,3
DA:38,13
DA:40,13
DA:43,13
DA:45,12
DA:46,0
DA:53,12
DA:55,1
DA:58,12
DA:61,8
DA:63,8
DA:64,3
DA:68,8
DA:70,8
DA:72,8
DA:73,0
DA:77,12
DA:78,1
DA:79,1
DA:82,1
DA:83,1
DA:87,12
DA:89,0
DA:91,0
DA:92,0
DA:97,0
DA:101,12
DA:103,0
DA:104,0
DA:106,0
DA:107,0
DA:111,0
DA:112,0
DA:117,0
DA:119,0
DA:122,12
DA:123,23
DA:124,23
DA:125,23
DA:126,23
DA:127,23
DA:128,6
DA:131,23
DA:135,12
LF:61
LH:47
BRDA:24,0,0,4
BRDA:24,0,1,9
BRDA:63,1,0,3
BRDA:63,1,1,5
BRDA:78,2,0,1
BRDA:78,2,1,0
BRDA:91,3,0,0
BRDA:91,3,1,0
BRDA:104,4,0,0
BRDA:104,4,1,0
BRDA:106,5,0,0
BRDA:106,5,1,0
BRDA:111,6,0,0
BRDA:111,6,1,0
BRDA:127,7,0,6
BRDA:127,7,1,17
BRDA:127,8,0,23
BRDA:127,8,1,6
BRDA:17,9,0,12
BRDA:17,9,1,0
BRDA:17,10,0,12
BRDA:17,11,0,12
BRDA:17,11,1,12
BRDA:17,11,2,0
BRDA:17,12,0,12
BRDA:17,12,1,12
BRF:26
BRH:15
end_of_record
TN:
SF:D:\Projects\asaq2\Crosswater\Crosswater_Portal\Portal\angularapp\app\services\invoice.service.ts
FN:9,(anonymous_2)
FN:11,InvoiceService
FN:15,(anonymous_4)
FN:22,(anonymous_5)
FN:30,(anonymous_6)
FN:34,(anonymous_7)
FN:38,(anonymous_8)
FN:42,(anonymous_9)
FNF:8
FNH:2
FNDA:2,(anonymous_2)
FNDA:2,InvoiceService
FNDA:0,(anonymous_4)
FNDA:0,(anonymous_5)
FNDA:0,(anonymous_6)
FNDA:0,(anonymous_7)
FNDA:0,(anonymous_8)
FNDA:0,(anonymous_9)
DA:1,2
DA:2,2
DA:6,2
DA:9,2
DA:11,2
DA:13,2
DA:15,2
DA:16,0
DA:22,2
DA:24,0
DA:30,2
DA:31,0
DA:34,2
DA:35,0
DA:38,2
DA:39,0
DA:42,2
DA:43,0
DA:47,2
LF:19
LH:13
BRDA:11,0,0,2
BRDA:11,0,1,0
BRDA:11,1,0,2
BRDA:11,2,0,2
BRDA:11,2,1,2
BRDA:11,2,2,0
BRDA:11,3,0,2
BRDA:11,3,1,2
BRF:8
BRH:6
end_of_record
TN:
SF:D:\Projects\asaq2\Crosswater\Crosswater_Portal\Portal\angularapp\app\services\order.service.ts
FN:9,(anonymous_2)
FN:11,OrderService
FN:15,(anonymous_4)
FN:18,(anonymous_5)
FN:21,(anonymous_6)
FN:29,(anonymous_7)
FN:33,(anonymous_8)
FNF:7
FNH:2
FNDA:1,(anonymous_2)
FNDA:1,OrderService
FNDA:0,(anonymous_4)
FNDA:0,(anonymous_5)
FNDA:0,(anonymous_6)
FNDA:0,(anonymous_7)
FNDA:0,(anonymous_8)
DA:1,1
DA:2,1
DA:6,1
DA:9,1
DA:11,1
DA:13,1
DA:15,1
DA:16,0
DA:18,1
DA:19,0
DA:21,1
DA:23,0
DA:29,1
DA:30,0
DA:33,1
DA:34,0
DA:40,1
LF:17
LH:12
BRDA:11,0,0,1
BRDA:11,0,1,0
BRDA:11,1,0,1
BRDA:11,2,0,1
BRDA:11,2,1,1
BRDA:11,2,2,0
BRDA:11,3,0,1
BRDA:11,3,1,1
BRF:8
BRH:6
end_of_record
TN:
SF:D:\Projects\asaq2\Crosswater\Crosswater_Portal\Portal\angularapp\app\services\product.service.ts
FN:9,(anonymous_2)
FN:11,ProductService
FN:16,(anonymous_4)
FN:19,(anonymous_5)
FN:25,(anonymous_6)
FN:31,(anonymous_7)
FN:35,(anonymous_8)
FN:39,(anonymous_9)
FNF:8
FNH:6
FNDA:1,(anonymous_2)
FNDA:1,ProductService
FNDA:5,(anonymous_4)
FNDA:9,(anonymous_5)
FNDA:2,(anonymous_6)
FNDA:1,(anonymous_7)
FNDA:0,(anonymous_8)
FNDA:0,(anonymous_9)
DA:1,1
DA:2,1
DA:4,1
DA:5,1
DA:9,1
DA:11,1
DA:12,1
DA:13,1
DA:14,1
DA:16,5
DA:17,5
DA:18,4
DA:19,9
DA:23,2
DA:24,2
DA:25,2
DA:31,1
DA:32,1
DA:35,1
DA:36,0
DA:39,1
DA:40,0
DA:43,1
LF:23
LH:21
BRDA:17,0,0,4
BRDA:17,0,1,1
BRDA:17,1,0,5
BRDA:17,1,1,4
BRDA:18,2,0,3
BRDA:18,2,1,1
BRDA:19,3,0,9
BRDA:19,3,1,6
BRDA:11,4,0,1
BRDA:11,4,1,0
BRDA:11,5,0,1
BRF:11
BRH:10
end_of_record
TN:
SF:D:\Projects\asaq2\Crosswater\Crosswater_Portal\Portal\angularapp\app\services\user.service.ts
FN:15,(anonymous_2)
FN:23,UserService
FN:28,(anonymous_4)
FN:32,(anonymous_5)
FN:39,(anonymous_6)
FN:42,(anonymous_7)
FN:51,(anonymous_8)
FN:55,(anonymous_9)
FN:59,(anonymous_10)
FN:66,(anonymous_11)
FN:71,(anonymous_12)
FN:76,(anonymous_13)
FN:84,(anonymous_14)
FN:89,(anonymous_15)
FN:93,(anonymous_16)
FN:97,(anonymous_17)
FN:101,(anonymous_18)
FN:105,(anonymous_19)
FN:109,(anonymous_20)
FN:113,(anonymous_21)
FN:117,(anonymous_22)
FN:121,(anonymous_23)
FN:125,(anonymous_24)
FN:129,(anonymous_25)
FN:133,(anonymous_26)
FN:137,(anonymous_27)
FN:141,(anonymous_28)
FN:149,(anonymous_29)
FN:152,(anonymous_30)
FN:153,(anonymous_31)
FN:153,(anonymous_32)
FN:157,(anonymous_33)
FNF:32
FNH:27
FNDA:8,(anonymous_2)
FNDA:6,UserService
FNDA:0,(anonymous_4)
FNDA:3,(anonymous_5)
FNDA:2,(anonymous_6)
FNDA:2,(anonymous_7)
FNDA:1,(anonymous_8)
FNDA:1,(anonymous_9)
FNDA:1,(anonymous_10)
FNDA:4,(anonymous_11)
FNDA:1,(anonymous_12)
FNDA:1,(anonymous_13)
FNDA:1,(anonymous_14)
FNDA:1,(anonymous_15)
FNDA:1,(anonymous_16)
FNDA:2,(anonymous_17)
FNDA:0,(anonymous_18)
FNDA:1,(anonymous_19)
FNDA:1,(anonymous_20)
FNDA:2,(anonymous_21)
FNDA:1,(anonymous_22)
FNDA:1,(anonymous_23)
FNDA:1,(anonymous_24)
FNDA:0,(anonymous_25)
FNDA:0,(anonymous_26)
FNDA:0,(anonymous_27)
FNDA:1,(anonymous_28)
FNDA:2,(anonymous_29)
FNDA:7,(anonymous_30)
FNDA:7,(anonymous_31)
FNDA:13,(anonymous_32)
FNDA:1,(anonymous_33)
DA:1,8
DA:4,8
DA:6,8
DA:8,8
DA:9,8
DA:11,8
DA:15,8
DA:18,6
DA:19,6
DA:21,6
DA:24,6
DA:25,6
DA:28,8
DA:29,0
DA:32,8
DA:33,3
DA:34,0
DA:36,3
DA:39,8
DA:40,2
DA:41,2
DA:43,2
DA:44,2
DA:45,2
DA:51,8
DA:52,1
DA:55,8
DA:56,1
DA:59,8
DA:60,1
DA:61,1
DA:62,1
DA:63,1
DA:66,8
DA:67,4
DA:68,4
DA:71,8
DA:72,1
DA:73,1
DA:76,8
DA:77,1
DA:78,1
DA:79,1
DA:81,0
DA:84,8
DA:85,1
DA:86,1
DA:89,8
DA:90,1
DA:93,8
DA:94,1
DA:97,8
DA:98,2
DA:101,8
DA:102,0
DA:105,8
DA:106,1
DA:109,8
DA:110,1
DA:113,8
DA:114,2
DA:117,8
DA:118,1
DA:121,8
DA:122,1
DA:125,8
DA:126,1
DA:129,8
DA:130,0
DA:133,8
DA:134,0
DA:137,8
DA:138,0
DA:141,8
DA:142,1
DA:144,1
DA:148,1
DA:149,2
DA:151,1
DA:152,1
DA:153,13
DA:154,2
DA:157,1
DA:159,8
LF:84
LH:77
BRDA:33,0,0,0
BRDA:33,0,1,3
BRDA:78,1,0,1
BRDA:78,1,1,0
BRDA:98,2,0,1
BRDA:98,2,1,1
BRDA:134,3,0,0
BRDA:134,3,1,0
BRDA:148,4,0,1
BRDA:148,4,1,0
BRDA:153,5,0,2
BRDA:153,5,1,5
BRDA:157,6,0,1
BRDA:157,6,1,0
BRDA:24,7,0,8
BRDA:24,7,1,0
BRDA:24,8,0,8
BRDA:24,9,0,8
BRDA:24,9,1,8
BRDA:24,9,2,0
BRDA:24,10,0,8
BRDA:24,10,1,8
BRF:22
BRH:14
end_of_record
TN:
SF:D:\Projects\asaq2\Crosswater\Crosswater_Portal\Portal\angularapp\app\testmocks\blockuiservicemock.ts
FN:3,(anonymous_0)
FN:8,(anonymous_2)
FN:12,(anonymous_3)
FNF:3
FNH:3
FNDA:17,(anonymous_0)
FNDA:20,(anonymous_2)
FNDA:20,(anonymous_3)
DA:1,6
DA:3,6
DA:4,11
DA:5,11
DA:6,11
DA:8,6
DA:9,20
DA:12,6
DA:13,20
DA:15,6
LF:10
LH:10
BRF:0
BRH:0
end_of_record
TN:
SF:D:\Projects\asaq2\Crosswater\Crosswater_Portal\Portal\angularapp\app\testmocks\httpmock.ts
FN:3,(anonymous_0)
FN:12,(anonymous_2)
FN:19,(anonymous_3)
FNF:3
FNH:3
FNDA:20,(anonymous_0)
FNDA:13,(anonymous_2)
FNDA:9,(anonymous_3)
DA:1,8
DA:3,8
DA:12,8
DA:13,13
DA:14,13
DA:15,13
DA:16,13
DA:19,8
DA:20,9
DA:21,9
DA:22,9
DA:25,8
LF:12
LH:12
BRF:0
BRH:0
end_of_record
TN:
SF:D:\Projects\asaq2\Crosswater\Crosswater_Portal\Portal\angularapp\app\testmocks\routerMock.ts
FN:3,(anonymous_1)
FN:7,(anonymous_3)
FN:13,(anonymous_4)
FN:18,(anonymous_6)
FN:25,(anonymous_8)
FNF:5
FNH:5
FNDA:6,(anonymous_1)
FNDA:2,(anonymous_3)
FNDA:4,(anonymous_4)
FNDA:4,(anonymous_6)
FNDA:4,(anonymous_8)
DA:1,4
DA:3,4
DA:7,4
DA:8,2
DA:9,2
DA:11,4
DA:13,4
DA:15,4
DA:18,4
DA:20,4
DA:25,4
DA:26,4
LF:12
LH:12
BRF:0
BRH:0
end_of_record
TN:
SF:D:\Projects\asaq2\Crosswater\Crosswater_Portal\Portal\angularapp\app\testmocks\userserviceMock.ts
FN:3,(anonymous_0)
FNF:1
FNH:1
FNDA:4,(anonymous_0)
DA:3,2
DA:5,2
LF:2
LH:2
BRF:0
BRH:0
end_of_record
TN:
SF:D:\Projects\asaq2\Crosswater\Crosswater_Portal\Portal\angularapp\app\welcome\welcome.component.html
FNF:0
FNH:0
DA:1,1
LF:1
LH:1
BRF:0
BRH:0
end_of_record
TN:
SF:D:\Projects\asaq2\Crosswater\Crosswater_Portal\Portal\angularapp\app\welcome\welcome.component.ts
FN:10,(anonymous_2)
FN:12,WelcomeComponent
FN:19,(anonymous_4)
FN:21,(anonymous_5)
FN:26,(anonymous_6)
FN:27,(anonymous_7)
FNF:6
FNH:5
FNDA:1,(anonymous_2)
FNDA:1,WelcomeComponent
FNDA:1,(anonymous_4)
FNDA:0,(anonymous_5)
FNDA:8,(anonymous_6)
FNDA:14,(anonymous_7)
DA:1,1
DA:2,1
DA:3,1
DA:10,1
DA:12,1
DA:16,1
DA:17,1
DA:19,1
DA:21,1
DA:22,0
DA:23,0
DA:26,1
DA:27,14
DA:29,1
LF:14
LH:12
BRDA:12,0,0,1
BRDA:12,0,1,0
BRDA:12,1,0,1
BRF:3
BRH:2
end_of_record
TN:
SF:D:\Projects\asaq2\Crosswater\Crosswater_Portal\Portal\angularapp\common_components\common.module.ts
FN:31,(anonymous_1)
FNF:1
FNH:1
FNDA:8,(anonymous_1)
DA:1,4
DA:2,4
DA:3,4
DA:4,4
DA:5,4
DA:6,4
DA:7,4
DA:8,4
DA:9,4
DA:10,4
DA:31,4
LF:11
LH:11
BRF:0
BRH:0
end_of_record
TN:
SF:D:\Projects\asaq2\Crosswater\Crosswater_Portal\Portal\angularapp\common_components\components\index.ts
FNF:0
FNH:0
DA:1,4
DA:2,4
LF:2
LH:2
BRF:0
BRH:0
end_of_record
TN:
SF:D:\Projects\asaq2\Crosswater\Crosswater_Portal\Portal\angularapp\common_components\components\grid\formatPipe.ts
FN:6,(anonymous_2)
FN:7,ColumnFormatPipe
FN:10,(anonymous_4)
FNF:3
FNH:3
FNDA:4,(anonymous_2)
FNDA:25,ColumnFormatPipe
FNDA:5,(anonymous_4)
DA:1,4
DA:2,4
DA:3,4
DA:6,4
DA:7,25
DA:10,4
DA:11,5
DA:12,5
DA:13,5
DA:14,5
DA:16,5
DA:18,0
DA:19,0
DA:20,0
DA:22,0
DA:24,0
DA:27,4
LF:17
LH:12
BRDA:11,0,0,5
BRDA:11,0,1,0
BRDA:11,0,2,5
BRDA:12,1,0,5
BRDA:12,1,1,0
BRDA:12,1,2,5
BRDA:13,2,0,5
BRDA:13,2,1,0
BRDA:13,2,2,5
BRDA:15,3,0,5
BRDA:15,3,1,0
BRDA:15,3,2,0
BRDA:15,3,3,0
BRDA:18,4,0,0
BRDA:18,4,1,0
BRDA:18,4,2,0
BRDA:19,5,0,0
BRDA:19,5,1,0
BRDA:19,5,2,0
BRDA:7,6,0,4
BRDA:7,6,1,0
BRDA:7,7,0,4
BRDA:7,8,0,4
BRDA:7,8,1,4
BRDA:7,8,2,0
BRDA:7,9,0,4
BRDA:7,9,1,4
BRDA:7,10,0,4
BRDA:7,10,1,4
BRDA:7,10,2,0
BRDA:7,11,0,4
BRDA:7,11,1,4
BRF:32
BRH:17
end_of_record
TN:
SF:D:\Projects\asaq2\Crosswater\Crosswater_Portal\Portal\angularapp\common_components\components\grid\grid.component.html
FNF:0
FNH:0
DA:1,4
LF:1
LH:1
BRF:0
BRH:0
end_of_record
TN:
SF:D:\Projects\asaq2\Crosswater\Crosswater_Portal\Portal\angularapp\common_components\components\grid\grid.component.ts
FN:12,(anonymous_7)
FN:14,GridComponent
FN:22,(anonymous_9)
FN:25,(anonymous_10)
FN:55,(anonymous_11)
FN:59,(anonymous_12)
FN:73,(anonymous_13)
FN:83,(anonymous_14)
FN:96,(anonymous_15)
FN:100,(anonymous_16)
FN:115,(anonymous_17)
FN:119,(anonymous_18)
FN:126,(anonymous_19)
FN:133,(anonymous_20)
FN:140,(anonymous_21)
FN:147,(anonymous_22)
FN:148,(anonymous_23)
FN:151,(anonymous_24)
FN:152,(anonymous_25)
FN:155,(anonymous_26)
FN:157,(anonymous_27)
FN:165,(anonymous_28)
FN:171,(anonymous_29)
FN:179,(anonymous_30)
FN:190,GridDefinition
FN:203,(anonymous_32)
FN:204,(anonymous_33)
FN:208,(anonymous_34)
FN:235,GridColumn
FN:283,(anonymous_36)
FN:290,GridButton
FN:301,(anonymous_38)
FN:305,ButtonGroupColumn
FN:314,(anonymous_40)
FN:319,GridButtonEventData
FN:326,(anonymous_42)
FN:331,(anonymous_44)
FN:340,(anonymous_45)
FN:347,(anonymous_46)
FN:352,(anonymous_47)
FN:356,Sort
FN:362,(anonymous_49)
FN:368,(anonymous_50)
FN:377,(anonymous_51)
FN:385,ColumnAutoCompleteData
FN:395,(anonymous_53)
FN:403,MultipleSelectionData
FNF:47
FNH:36
FNDA:4,(anonymous_7)
FNDA:25,GridComponent
FNDA:165,(anonymous_9)
FNDA:1,(anonymous_10)
FNDA:1,(anonymous_11)
FNDA:3,(anonymous_12)
FNDA:5,(anonymous_13)
FNDA:10,(anonymous_14)
FNDA:8,(anonymous_15)
FNDA:0,(anonymous_16)
FNDA:0,(anonymous_17)
FNDA:24,(anonymous_18)
FNDA:0,(anonymous_19)
FNDA:0,(anonymous_20)
FNDA:56,(anonymous_21)
FNDA:0,(anonymous_22)
FNDA:0,(anonymous_23)
FNDA:0,(anonymous_24)
FNDA:0,(anonymous_25)
FNDA:1,(anonymous_26)
FNDA:2,(anonymous_27)
FNDA:0,(anonymous_28)
FNDA:0,(anonymous_29)
FNDA:4,(anonymous_30)
FNDA:69,GridDefinition
FNDA:14,(anonymous_32)
FNDA:83,(anonymous_33)
FNDA:4,(anonymous_34)
FNDA:362,GridColumn
FNDA:4,(anonymous_36)
FNDA:155,GridButton
FNDA:4,(anonymous_38)
FNDA:0,ButtonGroupColumn
FNDA:4,(anonymous_40)
FNDA:5,GridButtonEventData
FNDA:4,(anonymous_42)
FNDA:4,(anonymous_44)
FNDA:4,(anonymous_45)
FNDA:4,(anonymous_46)
FNDA:4,(anonymous_47)
FNDA:4,Sort
FNDA:4,(anonymous_49)
FNDA:4,(anonymous_50)
FNDA:4,(anonymous_51)
FNDA:13,ColumnAutoCompleteData
FNDA:4,(anonymous_53)
FNDA:7,MultipleSelectionData
DA:1,4
DA:2,4
DA:3,4
DA:12,4
DA:14,25
DA:15,25
DA:20,4
DA:22,8
DA:23,165
DA:26,1
DA:27,1
DA:30,29
DA:31,25
DA:32,25
DA:35,29
DA:37,4
DA:39,29
DA:41,29
DA:43,29
DA:45,29
DA:47,4
DA:48,25
DA:49,25
DA:51,25
DA:55,4
DA:56,1
DA:59,4
DA:60,3
DA:61,3
DA:62,2
DA:64,3
DA:65,1
DA:68,0
DA:73,4
DA:74,5
DA:75,3
DA:76,3
DA:77,2
DA:80,3
DA:83,4
DA:85,10
DA:86,10
DA:87,10
DA:88,10
DA:89,0
DA:91,10
DA:93,0
DA:96,4
DA:97,8
DA:100,4
DA:101,0
DA:102,0
DA:104,0
DA:105,0
DA:106,0
DA:108,0
DA:109,0
DA:112,0
DA:115,4
DA:116,0
DA:119,4
DA:120,24
DA:121,24
DA:123,0
DA:126,4
DA:127,0
DA:128,0
DA:130,0
DA:133,4
DA:134,0
DA:135,0
DA:137,0
DA:140,4
DA:141,56
DA:142,0
DA:144,56
DA:147,4
DA:148,0
DA:151,4
DA:152,0
DA:155,4
DA:156,1
DA:157,1
DA:158,2
DA:159,2
DA:162,1
DA:165,4
DA:166,0
DA:167,0
DA:171,4
DA:172,0
DA:173,0
DA:177,4
DA:179,4
DA:181,69
DA:182,69
DA:191,69
DA:192,69
DA:193,0
DA:195,69
DA:196,0
DA:198,69
DA:199,0
DA:203,4
DA:204,83
DA:206,4
DA:208,4
DA:223,362
DA:224,362
DA:225,362
DA:241,362
DA:242,362
DA:243,362
DA:244,362
DA:245,333
DA:247,29
DA:249,362
DA:250,362
DA:251,362
DA:252,52
DA:254,362
DA:255,362
DA:256,362
DA:257,362
DA:258,362
DA:259,277
DA:261,362
DA:262,362
DA:263,362
DA:264,362
DA:265,77
DA:268,362
DA:269,329
DA:271,362
DA:272,362
DA:273,0
DA:275,362
DA:276,362
DA:277,362
DA:278,362
DA:281,4
DA:283,4
DA:288,155
DA:291,155
DA:292,155
DA:293,155
DA:294,155
DA:295,155
DA:296,20
DA:299,4
DA:301,4
DA:302,0
DA:303,0
DA:306,0
DA:307,0
DA:308,0
DA:309,0
DA:312,4
DA:314,4
DA:320,5
DA:321,5
DA:322,5
DA:324,4
DA:326,4
DA:329,4
DA:331,4
DA:332,4
DA:333,4
DA:334,4
DA:335,4
DA:336,4
DA:337,4
DA:340,4
DA:341,4
DA:342,4
DA:343,4
DA:344,4
DA:347,4
DA:348,4
DA:349,4
DA:352,4
DA:357,4
DA:358,4
DA:360,4
DA:362,4
DA:363,4
DA:364,4
DA:365,4
DA:368,4
DA:369,4
DA:370,4
DA:371,4
DA:372,4
DA:373,4
DA:374,4
DA:377,4
DA:380,13
DA:382,13
DA:386,13
DA:387,13
DA:388,13
DA:389,13
DA:390,13
DA:391,13
DA:393,4
DA:395,4
DA:397,7
DA:398,7
DA:399,7
DA:400,7
DA:401,7
DA:403,7
DA:404,7
DA:405,7
DA:406,7
DA:407,7
DA:408,7
DA:409,7
DA:410,7
DA:412,4
LF:220
LH:184
BRDA:60,0,0,3
BRDA:60,0,1,0
BRDA:61,1,0,2
BRDA:61,1,1,1
BRDA:61,2,0,3
BRDA:61,2,1,2
BRDA:64,3,0,1
BRDA:64,3,1,2
BRDA:64,4,0,3
BRDA:64,4,1,2
BRDA:74,5,0,3
BRDA:74,5,1,2
BRDA:76,6,0,2
BRDA:76,6,1,1
BRDA:85,7,0,10
BRDA:85,7,1,0
BRDA:97,8,0,8
BRDA:97,8,1,0
BRDA:101,9,0,0
BRDA:101,9,1,0
BRDA:105,10,0,0
BRDA:105,10,1,0
BRDA:105,11,0,0
BRDA:105,11,1,0
BRDA:116,12,0,0
BRDA:116,12,1,0
BRDA:120,13,0,24
BRDA:120,13,1,0
BRDA:127,14,0,0
BRDA:127,14,1,0
BRDA:134,15,0,0
BRDA:134,15,1,0
BRDA:141,16,0,0
BRDA:141,16,1,56
BRDA:158,17,0,2
BRDA:158,17,1,0
BRDA:166,18,0,0
BRDA:166,18,1,0
BRDA:172,19,0,0
BRDA:172,19,1,0
BRDA:14,20,0,4
BRDA:14,20,1,0
BRDA:14,21,0,4
BRDA:14,22,0,4
BRDA:14,22,1,4
BRDA:14,22,2,0
BRDA:14,23,0,4
BRDA:14,23,1,4
BRDA:192,24,0,0
BRDA:192,24,1,69
BRDA:195,25,0,0
BRDA:195,25,1,69
BRDA:198,26,0,0
BRDA:198,26,1,69
BRDA:244,27,0,333
BRDA:244,27,1,29
BRDA:251,28,0,52
BRDA:251,28,1,310
BRDA:258,29,0,277
BRDA:258,29,1,85
BRDA:264,30,0,77
BRDA:264,30,1,285
BRDA:268,31,0,329
BRDA:268,31,1,33
BRDA:272,32,0,0
BRDA:272,32,1,362
BRDA:295,33,0,20
BRDA:295,33,1,135
BRDA:306,34,0,0
BRDA:306,34,1,0
BRDA:308,35,0,0
BRDA:308,35,1,0
BRDA:331,36,0,4
BRDA:331,36,1,4
BRDA:340,37,0,4
BRDA:340,37,1,4
BRDA:347,38,0,4
BRDA:347,38,1,4
BRDA:362,39,0,4
BRDA:362,39,1,4
BRDA:368,40,0,4
BRDA:368,40,1,4
BRDA:403,41,0,0
BRDA:403,41,1,7
BRDA:404,42,0,0
BRDA:404,42,1,7
BRDA:404,43,0,0
BRDA:404,43,1,7
BRF:88
BRH:53
end_of_record
TN:
SF:D:\Projects\asaq2\Crosswater\Crosswater_Portal\Portal\angularapp\common_components\components\grid\customcolumn\customcolumn.component.html
FNF:0
FNH:0
DA:1,4
LF:1
LH:1
BRF:0
BRH:0
end_of_record
TN:
SF:D:\Projects\asaq2\Crosswater\Crosswater_Portal\Portal\angularapp\common_components\components\grid\customcolumn\customcolumn.component.ts
FN:10,(anonymous_2)
FN:12,CustomcolumnComponent
FN:24,(anonymous_4)
FNF:3
FNH:1
FNDA:4,(anonymous_2)
FNDA:0,CustomcolumnComponent
FNDA:0,(anonymous_4)
DA:1,4
DA:3,4
DA:10,4
DA:12,0
DA:13,0
DA:14,0
DA:17,4
DA:19,4
DA:22,4
DA:24,4
DA:25,0
DA:26,0
DA:27,0
DA:28,0
DA:31,4
LF:15
LH:8
BRDA:19,0,0,4
BRDA:19,0,1,0
BRDA:19,1,0,4
BRDA:12,2,0,4
BRDA:12,2,1,0
BRDA:12,3,0,4
BRDA:12,4,0,4
BRDA:12,4,1,4
BRDA:12,4,2,0
BRDA:12,5,0,4
BRDA:12,5,1,4
BRDA:13,6,0,4
BRDA:13,6,1,4
BRDA:13,6,2,0
BRDA:13,7,0,4
BRDA:13,7,1,4
BRF:16
BRH:12
end_of_record
TN:
SF:D:\Projects\asaq2\Crosswater\Crosswater_Portal\Portal\angularapp\common_components\components\multipleCheckbox\multipleCheckbox.html
FNF:0
FNH:0
DA:1,5
LF:1
LH:1
BRF:0
BRH:0
end_of_record
TN:
SF:D:\Projects\asaq2\Crosswater\Crosswater_Portal\Portal\angularapp\common_components\components\multipleCheckbox\multipleCheckbox.ts
FN:8,(anonymous_2)
FN:3,MultipleCheckboxComponent
FNF:2
FNH:2
FNDA:5,(anonymous_2)
FNDA:1,MultipleCheckboxComponent
DA:1,5
DA:8,5
DA:10,6
DA:12,6
DA:14,6
DA:17,6
DA:18,5
LF:7
LH:7
BRF:0
BRH:0
end_of_record
TN:
SF:D:\Projects\asaq2\Crosswater\Crosswater_Portal\Portal\angularapp\common_components\services\block-ui.service.ts
FN:4,(anonymous_2)
FN:8,BlockUIService
FN:12,(anonymous_4)
FN:14,(anonymous_5)
FN:17,(anonymous_6)
FN:18,(anonymous_7)
FNF:6
FNH:3
FNDA:13,(anonymous_2)
FNDA:6,BlockUIService
FNDA:1,(anonymous_4)
FNDA:0,(anonymous_5)
FNDA:0,(anonymous_6)
FNDA:0,(anonymous_7)
DA:1,13
DA:4,13
DA:9,6
DA:12,13
DA:14,1
DA:17,13
DA:18,0
DA:20,13
LF:8
LH:7
BRF:0
BRH:0
end_of_record
TN:
SF:D:\Projects\asaq2\Crosswater\Crosswater_Portal\Portal\angularapp\cw-flex\services\common.service.ts
FN:6,(anonymous_2)
FN:9,CommonService
FN:11,(anonymous_4)
FN:24,(anonymous_5)
FNF:4
FNH:3
FNDA:8,(anonymous_2)
FNDA:8,CommonService
FNDA:6,(anonymous_4)
FNDA:0,(anonymous_5)
DA:1,8
DA:3,8
DA:6,8
DA:11,8
DA:12,6
DA:13,1
DA:15,5
DA:16,4
DA:18,1
DA:19,1
DA:21,0
DA:24,8
DA:25,0
DA:28,8
LF:14
LH:12
BRDA:12,0,0,1
BRDA:12,0,1,5
BRDA:12,1,0,6
BRDA:12,1,1,5
BRDA:12,1,2,4
BRDA:15,2,0,4
BRDA:15,2,1,1
BRDA:18,3,0,1
BRDA:18,3,1,0
BRF:9
BRH:8
end_of_record
TN:
SF:D:\Projects\asaq2\Crosswater\Crosswater_Portal\Portal\angularapp\cw-flex\services\menu.service.ts
FN:3,(anonymous_2)
FN:11,(anonymous_4)
FN:17,MenuService
FN:19,(anonymous_6)
FNF:4
FNH:3
FNDA:1,(anonymous_2)
FNDA:1,(anonymous_4)
FNDA:1,MenuService
FNDA:0,(anonymous_6)
DA:1,1
DA:3,1
DA:8,1
DA:11,1
DA:14,1
DA:15,1
DA:19,1
DA:20,0
DA:21,0
DA:23,1
LF:10
LH:8
BRF:0
BRH:0
end_of_record
TN:
SF:D:\Projects\asaq2\Crosswater\Crosswater_Portal\Portal\angularapp\cw-flex\users\user-api.ts
FN:3,(anonymous_0)
FNF:1
FNH:1
FNDA:2,(anonymous_0)
DA:3,1
DA:13,1
LF:2
LH:2
BRF:0
BRH:0
end_of_record
TN:
SF:D:\Projects\asaq2\Crosswater\Crosswater_Portal\Portal\angularapp\cw-flex\users\forgot-password\forgot-password.component.html
FNF:0
FNH:0
DA:1,1
LF:1
LH:1
BRF:0
BRH:0
end_of_record
TN:
SF:D:\Projects\asaq2\Crosswater\Crosswater_Portal\Portal\angularapp\cw-flex\users\forgot-password\forgot-password.component.ts
FN:11,(anonymous_2)
FN:13,ForgotPasswordComponent
FN:22,(anonymous_4)
FN:25,(anonymous_5)
FN:27,(anonymous_6)
FN:30,(anonymous_7)
FN:34,(anonymous_8)
FN:40,(anonymous_9)
FNF:8
FNH:3
FNDA:1,(anonymous_2)
FNDA:1,ForgotPasswordComponent
FNDA:1,(anonymous_4)
FNDA:0,(anonymous_5)
FNDA:0,(anonymous_6)
FNDA:0,(anonymous_7)
FNDA:0,(anonymous_8)
FNDA:0,(anonymous_9)
DA:1,1
DA:2,1
DA:3,1
DA:4,1
DA:11,1
DA:13,1
DA:14,1
DA:18,1
DA:19,1
DA:20,1
DA:22,1
DA:25,1
DA:26,0
DA:27,0
DA:28,0
DA:29,0
DA:30,0
DA:31,0
DA:35,0
DA:36,0
DA:40,1
DA:41,0
DA:44,1
LF:23
LH:14
BRDA:13,0,0,1
BRDA:13,0,1,0
BRDA:13,1,0,1
BRDA:13,2,0,1
BRDA:13,2,1,1
BRDA:13,2,2,0
BRDA:13,3,0,1
BRDA:13,3,1,1
BRDA:13,4,0,1
BRDA:13,4,1,1
BRDA:13,4,2,0
BRDA:13,5,0,1
BRDA:13,5,1,1
BRF:13
BRH:10
end_of_record
